# JRE version: OpenJDK Runtime Environment Temurin-21.0.7+6 (21.0.7+6) (build 21.0.7+6-LTS)
# Java VM: OpenJDK 64-Bit Server VM Temurin-21.0.7+6 (21.0.7+6-LTS, mixed mode, sharing, tiered, compressed oops, compressed class ptrs, parallel gc, windows-amd64)
GC Precious Log:
 CardTable entry size: 512
 CPUs: 8 total, 8 available
 Memory: 12167M
 Large Page Support: Disabled
 NUMA Support: Disabled
 Compressed Oops: Enabled (32-bit)
 Alignments: Space 512K, Generation 512K, Heap 2M
 Heap Min Capacity: 100M
 Heap Initial Capacity: 100M
 Heap Max Capacity: 1G
 Pre-touch: Disabled
 Parallel Workers: 8
Heap:
 PSYoungGen      total 19456K, used 17338K [0x00000000eab00000, 0x00000000ec400000, 0x0000000100000000)
  eden space 15360K, 87% used [0x00000000eab00000,0x00000000eb81c048,0x00000000eba00000)
  from space 4096K, 95% used [0x00000000eba00000,0x00000000ebdd2a50,0x00000000ebe00000)
  to   space 5120K, 0% used [0x00000000ebf00000,0x00000000ebf00000,0x00000000ec400000)
 ParOldGen       total 699392K, used 96717K [0x00000000c0000000, 0x00000000eab00000, 0x00000000eab00000)
  object space 699392K, 13% used [0x00000000c0000000,0x00000000c5e73780,0x00000000eab00000)
 Metaspace       used 62553K, committed 64000K, reserved 1114112K
  class space    used 6445K, committed 7104K, reserved 1048576K
GC Heap History (20 events):
Event: 82.809 GC heap before
{Heap before GC invocations=49 (full 3):
 PSYoungGen      total 21504K, used 21497K [0x00000000eab00000, 0x00000000ec900000, 0x0000000100000000)
  eden space 18432K, 100% used [0x00000000eab00000,0x00000000ebd00000,0x00000000ebd00000)
  from space 3072K, 99% used [0x00000000ebd80000,0x00000000ec07e468,0x00000000ec080000)
  to   space 6144K, 0% used [0x00000000ec300000,0x00000000ec300000,0x00000000ec900000)
 ParOldGen       total 73216K, used 68899K [0x00000000c0000000, 0x00000000c4780000, 0x00000000eab00000)
  object space 73216K, 94% used [0x00000000c0000000,0x00000000c4348cc0,0x00000000c4780000)
 Metaspace       used 59755K, committed 61056K, reserved 1114112K
  class space    used 6173K, committed 6720K, reserved 1048576K
}
Event: 82.815 GC heap after
{Heap after GC invocations=49 (full 3):
 PSYoungGen      total 22528K, used 3692K [0x00000000eab00000, 0x00000000ec700000, 0x0000000100000000)
  eden space 18432K, 0% used [0x00000000eab00000,0x00000000eab00000,0x00000000ebd00000)
  from space 4096K, 90% used [0x00000000ec300000,0x00000000ec69b140,0x00000000ec700000)
  to   space 4608K, 0% used [0x00000000ebe00000,0x00000000ebe00000,0x00000000ec280000)
 ParOldGen       total 73216K, used 71873K [0x00000000c0000000, 0x00000000c4780000, 0x00000000eab00000)
  object space 73216K, 98% used [0x00000000c0000000,0x00000000c46305c8,0x00000000c4780000)
 Metaspace       used 59755K, committed 61056K, reserved 1114112K
  class space    used 6173K, committed 6720K, reserved 1048576K
}
Event: 83.492 GC heap before
{Heap before GC invocations=50 (full 3):
 PSYoungGen      total 22528K, used 22124K [0x00000000eab00000, 0x00000000ec700000, 0x0000000100000000)
  eden space 18432K, 100% used [0x00000000eab00000,0x00000000ebd00000,0x00000000ebd00000)
  from space 4096K, 90% used [0x00000000ec300000,0x00000000ec69b140,0x00000000ec700000)
  to   space 4608K, 0% used [0x00000000ebe00000,0x00000000ebe00000,0x00000000ec280000)
 ParOldGen       total 73216K, used 71873K [0x00000000c0000000, 0x00000000c4780000, 0x00000000eab00000)
  object space 73216K, 98% used [0x00000000c0000000,0x00000000c46305c8,0x00000000c4780000)
 Metaspace       used 59838K, committed 61120K, reserved 1114112K
  class space    used 6173K, committed 6720K, reserved 1048576K
}
Event: 85.515 GC heap after
{Heap after GC invocations=50 (full 3):
 PSYoungGen      total 22016K, used 3081K [0x00000000eab00000, 0x00000000ec400000, 0x0000000100000000)
  eden space 18432K, 0% used [0x00000000eab00000,0x00000000eab00000,0x00000000ebd00000)
  from space 3584K, 85% used [0x00000000ebe00000,0x00000000ec102440,0x00000000ec180000)
  to   space 2560K, 0% used [0x00000000ec180000,0x00000000ec180000,0x00000000ec400000)
 ParOldGen       total 75776K, used 75346K [0x00000000c0000000, 0x00000000c4a00000, 0x00000000eab00000)
  object space 75776K, 99% used [0x00000000c0000000,0x00000000c49948c0,0x00000000c4a00000)
 Metaspace       used 59838K, committed 61120K, reserved 1114112K
  class space    used 6173K, committed 6720K, reserved 1048576K
}
Event: 91.535 GC heap before
{Heap before GC invocations=51 (full 3):
 PSYoungGen      total 22016K, used 21513K [0x00000000eab00000, 0x00000000ec400000, 0x0000000100000000)
  eden space 18432K, 100% used [0x00000000eab00000,0x00000000ebd00000,0x00000000ebd00000)
  from space 3584K, 85% used [0x00000000ebe00000,0x00000000ec102440,0x00000000ec180000)
  to   space 2560K, 0% used [0x00000000ec180000,0x00000000ec180000,0x00000000ec400000)
 ParOldGen       total 75776K, used 75346K [0x00000000c0000000, 0x00000000c4a00000, 0x00000000eab00000)
  object space 75776K, 99% used [0x00000000c0000000,0x00000000c49948c0,0x00000000c4a00000)
 Metaspace       used 59930K, committed 61248K, reserved 1114112K
  class space    used 6173K, committed 6720K, reserved 1048576K
}
Event: 91.540 GC heap after
{Heap after GC invocations=51 (full 3):
 PSYoungGen      total 20992K, used 2336K [0x00000000eab00000, 0x00000000ec400000, 0x0000000100000000)
  eden space 18432K, 0% used [0x00000000eab00000,0x00000000eab00000,0x00000000ebd00000)
  from space 2560K, 91% used [0x00000000ec180000,0x00000000ec3c8008,0x00000000ec400000)
  to   space 3072K, 0% used [0x00000000ebe00000,0x00000000ebe00000,0x00000000ec100000)
 ParOldGen       total 78848K, used 78365K [0x00000000c0000000, 0x00000000c4d00000, 0x00000000eab00000)
  object space 78848K, 99% used [0x00000000c0000000,0x00000000c4c876c8,0x00000000c4d00000)
 Metaspace       used 59930K, committed 61248K, reserved 1114112K
  class space    used 6173K, committed 6720K, reserved 1048576K
}
Event: 92.024 GC heap before
{Heap before GC invocations=52 (full 3):
 PSYoungGen      total 20992K, used 20768K [0x00000000eab00000, 0x00000000ec400000, 0x0000000100000000)
  eden space 18432K, 100% used [0x00000000eab00000,0x00000000ebd00000,0x00000000ebd00000)
  from space 2560K, 91% used [0x00000000ec180000,0x00000000ec3c8008,0x00000000ec400000)
  to   space 3072K, 0% used [0x00000000ebe00000,0x00000000ebe00000,0x00000000ec100000)
 ParOldGen       total 78848K, used 78365K [0x00000000c0000000, 0x00000000c4d00000, 0x00000000eab00000)
  object space 78848K, 99% used [0x00000000c0000000,0x00000000c4c876c8,0x00000000c4d00000)
 Metaspace       used 60054K, committed 61312K, reserved 1114112K
  class space    used 6174K, committed 6720K, reserved 1048576K
}
Event: 94.555 GC heap after
{Heap after GC invocations=52 (full 3):
 PSYoungGen      total 22528K, used 1537K [0x00000000eab00000, 0x00000000ec500000, 0x0000000100000000)
  eden space 19456K, 0% used [0x00000000eab00000,0x00000000eab00000,0x00000000ebe00000)
  from space 3072K, 50% used [0x00000000ebe00000,0x00000000ebf80460,0x00000000ec100000)
  to   space 2048K, 0% used [0x00000000ec300000,0x00000000ec300000,0x00000000ec500000)
 ParOldGen       total 699392K, used 80452K [0x00000000c0000000, 0x00000000eab00000, 0x00000000eab00000)
  object space 699392K, 11% used [0x00000000c0000000,0x00000000c4e91320,0x00000000eab00000)
 Metaspace       used 60054K, committed 61312K, reserved 1114112K
  class space    used 6174K, committed 6720K, reserved 1048576K
}
Event: 96.135 GC heap before
{Heap before GC invocations=53 (full 3):
 PSYoungGen      total 22528K, used 20993K [0x00000000eab00000, 0x00000000ec500000, 0x0000000100000000)
  eden space 19456K, 100% used [0x00000000eab00000,0x00000000ebe00000,0x00000000ebe00000)
  from space 3072K, 50% used [0x00000000ebe00000,0x00000000ebf80460,0x00000000ec100000)
  to   space 2048K, 0% used [0x00000000ec300000,0x00000000ec300000,0x00000000ec500000)
 ParOldGen       total 699392K, used 80452K [0x00000000c0000000, 0x00000000eab00000, 0x00000000eab00000)
  object space 699392K, 11% used [0x00000000c0000000,0x00000000c4e91320,0x00000000eab00000)
 Metaspace       used 60462K, committed 61824K, reserved 1114112K
  class space    used 6209K, committed 6784K, reserved 1048576K
}
Event: 96.138 GC heap after
{Heap after GC invocations=53 (full 3):
 PSYoungGen      total 22528K, used 2027K [0x00000000eab00000, 0x00000000eca80000, 0x0000000100000000)
  eden space 20480K, 0% used [0x00000000eab00000,0x00000000eab00000,0x00000000ebf00000)
  from space 2048K, 99% used [0x00000000ec300000,0x00000000ec4fafd8,0x00000000ec500000)
  to   space 4096K, 0% used [0x00000000ebf00000,0x00000000ebf00000,0x00000000ec300000)
 ParOldGen       total 699392K, used 81875K [0x00000000c0000000, 0x00000000eab00000, 0x00000000eab00000)
  object space 699392K, 11% used [0x00000000c0000000,0x00000000c4ff4cc8,0x00000000eab00000)
 Metaspace       used 60462K, committed 61824K, reserved 1114112K
  class space    used 6209K, committed 6784K, reserved 1048576K
}
Event: 97.530 GC heap before
{Heap before GC invocations=54 (full 3):
 PSYoungGen      total 22528K, used 22507K [0x00000000eab00000, 0x00000000eca80000, 0x0000000100000000)
  eden space 20480K, 100% used [0x00000000eab00000,0x00000000ebf00000,0x00000000ebf00000)
  from space 2048K, 99% used [0x00000000ec300000,0x00000000ec4fafd8,0x00000000ec500000)
  to   space 4096K, 0% used [0x00000000ebf00000,0x00000000ebf00000,0x00000000ec300000)
 ParOldGen       total 699392K, used 81875K [0x00000000c0000000, 0x00000000eab00000, 0x00000000eab00000)
  object space 699392K, 11% used [0x00000000c0000000,0x00000000c4ff4cc8,0x00000000eab00000)
 Metaspace       used 60883K, committed 62208K, reserved 1114112K
  class space    used 6269K, committed 6848K, reserved 1048576K
}
Event: 97.536 GC heap after
{Heap after GC invocations=54 (full 3):
 PSYoungGen      total 24064K, used 3475K [0x00000000eab00000, 0x00000000ec600000, 0x0000000100000000)
  eden space 20480K, 0% used [0x00000000eab00000,0x00000000eab00000,0x00000000ebf00000)
  from space 3584K, 96% used [0x00000000ebf00000,0x00000000ec264db8,0x00000000ec280000)
  to   space 3584K, 0% used [0x00000000ec280000,0x00000000ec280000,0x00000000ec600000)
 ParOldGen       total 699392K, used 83771K [0x00000000c0000000, 0x00000000eab00000, 0x00000000eab00000)
  object space 699392K, 11% used [0x00000000c0000000,0x00000000c51cedc8,0x00000000eab00000)
 Metaspace       used 60883K, committed 62208K, reserved 1114112K
  class space    used 6269K, committed 6848K, reserved 1048576K
}
Event: 101.034 GC heap before
{Heap before GC invocations=55 (full 3):
 PSYoungGen      total 24064K, used 23955K [0x00000000eab00000, 0x00000000ec600000, 0x0000000100000000)
  eden space 20480K, 100% used [0x00000000eab00000,0x00000000ebf00000,0x00000000ebf00000)
  from space 3584K, 96% used [0x00000000ebf00000,0x00000000ec264db8,0x00000000ec280000)
  to   space 3584K, 0% used [0x00000000ec280000,0x00000000ec280000,0x00000000ec600000)
 ParOldGen       total 699392K, used 83771K [0x00000000c0000000, 0x00000000eab00000, 0x00000000eab00000)
  object space 699392K, 11% used [0x00000000c0000000,0x00000000c51cedc8,0x00000000eab00000)
 Metaspace       used 61469K, committed 62784K, reserved 1114112K
  class space    used 6329K, committed 6912K, reserved 1048576K
}
Event: 101.042 GC heap after
{Heap after GC invocations=55 (full 3):
 PSYoungGen      total 24064K, used 2964K [0x00000000eab00000, 0x00000000ec600000, 0x0000000100000000)
  eden space 20480K, 0% used [0x00000000eab00000,0x00000000eab00000,0x00000000ebf00000)
  from space 3584K, 82% used [0x00000000ec280000,0x00000000ec5652d0,0x00000000ec600000)
  to   space 3584K, 0% used [0x00000000ebf00000,0x00000000ebf00000,0x00000000ec280000)
 ParOldGen       total 699392K, used 86819K [0x00000000c0000000, 0x00000000eab00000, 0x00000000eab00000)
  object space 699392K, 12% used [0x00000000c0000000,0x00000000c54c8fe8,0x00000000eab00000)
 Metaspace       used 61469K, committed 62784K, reserved 1114112K
  class space    used 6329K, committed 6912K, reserved 1048576K
}
Event: 102.859 GC heap before
{Heap before GC invocations=56 (full 3):
 PSYoungGen      total 24064K, used 23444K [0x00000000eab00000, 0x00000000ec600000, 0x0000000100000000)
  eden space 20480K, 100% used [0x00000000eab00000,0x00000000ebf00000,0x00000000ebf00000)
  from space 3584K, 82% used [0x00000000ec280000,0x00000000ec5652d0,0x00000000ec600000)
  to   space 3584K, 0% used [0x00000000ebf00000,0x00000000ebf00000,0x00000000ec280000)
 ParOldGen       total 699392K, used 86819K [0x00000000c0000000, 0x00000000eab00000, 0x00000000eab00000)
  object space 699392K, 12% used [0x00000000c0000000,0x00000000c54c8fe8,0x00000000eab00000)
 Metaspace       used 62407K, committed 63808K, reserved 1114112K
  class space    used 6429K, committed 7040K, reserved 1048576K
}
Event: 102.864 GC heap after
{Heap after GC invocations=56 (full 3):
 PSYoungGen      total 23552K, used 2890K [0x00000000eab00000, 0x00000000ec500000, 0x0000000100000000)
  eden space 20480K, 0% used [0x00000000eab00000,0x00000000eab00000,0x00000000ebf00000)
  from space 3072K, 94% used [0x00000000ebf00000,0x00000000ec1d2b58,0x00000000ec200000)
  to   space 3072K, 0% used [0x00000000ec200000,0x00000000ec200000,0x00000000ec500000)
 ParOldGen       total 699392K, used 89507K [0x00000000c0000000, 0x00000000eab00000, 0x00000000eab00000)
  object space 699392K, 12% used [0x00000000c0000000,0x00000000c5768ec0,0x00000000eab00000)
 Metaspace       used 62407K, committed 63808K, reserved 1114112K
  class space    used 6429K, committed 7040K, reserved 1048576K
}
Event: 103.596 GC heap before
{Heap before GC invocations=57 (full 3):
 PSYoungGen      total 23552K, used 23370K [0x00000000eab00000, 0x00000000ec500000, 0x0000000100000000)
  eden space 20480K, 100% used [0x00000000eab00000,0x00000000ebf00000,0x00000000ebf00000)
  from space 3072K, 94% used [0x00000000ebf00000,0x00000000ec1d2b58,0x00000000ec200000)
  to   space 3072K, 0% used [0x00000000ec200000,0x00000000ec200000,0x00000000ec500000)
 ParOldGen       total 699392K, used 89507K [0x00000000c0000000, 0x00000000eab00000, 0x00000000eab00000)
  object space 699392K, 12% used [0x00000000c0000000,0x00000000c5768ec0,0x00000000eab00000)
 Metaspace       used 62492K, committed 64000K, reserved 1114112K
  class space    used 6440K, committed 7104K, reserved 1048576K
}
Event: 103.601 GC heap after
{Heap after GC invocations=57 (full 3):
 PSYoungGen      total 18432K, used 3064K [0x00000000eab00000, 0x00000000ecf00000, 0x0000000100000000)
  eden space 15360K, 0% used [0x00000000eab00000,0x00000000eab00000,0x00000000eba00000)
  from space 3072K, 99% used [0x00000000ec200000,0x00000000ec4fe220,0x00000000ec500000)
  to   space 8192K, 0% used [0x00000000eba00000,0x00000000eba00000,0x00000000ec200000)
 ParOldGen       total 699392K, used 93626K [0x00000000c0000000, 0x00000000eab00000, 0x00000000eab00000)
  object space 699392K, 13% used [0x00000000c0000000,0x00000000c5b6e8d0,0x00000000eab00000)
 Metaspace       used 62492K, committed 64000K, reserved 1114112K
  class space    used 6440K, committed 7104K, reserved 1048576K
}
Event: 103.849 GC heap before
{Heap before GC invocations=58 (full 3):
 PSYoungGen      total 18432K, used 18424K [0x00000000eab00000, 0x00000000ecf00000, 0x0000000100000000)
  eden space 15360K, 100% used [0x00000000eab00000,0x00000000eba00000,0x00000000eba00000)
  from space 3072K, 99% used [0x00000000ec200000,0x00000000ec4fe220,0x00000000ec500000)
  to   space 8192K, 0% used [0x00000000eba00000,0x00000000eba00000,0x00000000ec200000)
 ParOldGen       total 699392K, used 93626K [0x00000000c0000000, 0x00000000eab00000, 0x00000000eab00000)
  object space 699392K, 13% used [0x00000000c0000000,0x00000000c5b6e8d0,0x00000000eab00000)
 Metaspace       used 62492K, committed 64000K, reserved 1114112K
  class space    used 6440K, committed 7104K, reserved 1048576K
}
Event: 103.854 GC heap after
{Heap after GC invocations=58 (full 3):
 PSYoungGen      total 19456K, used 3914K [0x00000000eab00000, 0x00000000ec400000, 0x0000000100000000)
  eden space 15360K, 0% used [0x00000000eab00000,0x00000000eab00000,0x00000000eba00000)
  from space 4096K, 95% used [0x00000000eba00000,0x00000000ebdd2a50,0x00000000ebe00000)
  to   space 5120K, 0% used [0x00000000ebf00000,0x00000000ebf00000,0x00000000ec400000)
 ParOldGen       total 699392K, used 96717K [0x00000000c0000000, 0x00000000eab00000, 0x00000000eab00000)
  object space 699392K, 13% used [0x00000000c0000000,0x00000000c5e73780,0x00000000eab00000)
 Metaspace       used 62492K, committed 64000K, reserved 1114112K
  class space    used 6440K, committed 7104K, reserved 1048576K
}

