# JRE version: OpenJDK Runtime Environment Temurin-21.0.7+6 (21.0.7+6) (build 21.0.7+6-LTS)
# Java VM: OpenJDK 64-Bit Server VM Temurin-21.0.7+6 (21.0.7+6-LTS, mixed mode, sharing, tiered, compressed oops, compressed class ptrs, parallel gc, windows-amd64)
GC Precious Log:
 CardTable entry size: 512
 CPUs: 8 total, 8 available
 Memory: 12167M
 Large Page Support: Disabled
 NUMA Support: Disabled
 Compressed Oops: Enabled (32-bit)
 Alignments: Space 512K, Generation 512K, Heap 2M
 Heap Min Capacity: 100M
 Heap Initial Capacity: 100M
 Heap Max Capacity: 1G
 Pre-touch: Disabled
 Parallel Workers: 8
Heap:
 PSYoungGen      total 18944K, used 13215K [0x00000000eab00000, 0x00000000ec100000, 0x0000000100000000)
  eden space 15360K, 63% used [0x00000000eab00000,0x00000000eb490ce8,0x00000000eba00000)
  from space 3584K, 95% used [0x00000000eba00000,0x00000000ebd56fd8,0x00000000ebd80000)
  to   space 3584K, 0% used [0x00000000ebd80000,0x00000000ebd80000,0x00000000ec100000)
 ParOldGen       total 68608K, used 53639K [0x00000000c0000000, 0x00000000c4300000, 0x00000000eab00000)
  object space 68608K, 78% used [0x00000000c0000000,0x00000000c3461cd8,0x00000000c4300000)
 Metaspace       used 53113K, committed 54400K, reserved 1114112K
  class space    used 5661K, committed 6208K, reserved 1048576K
GC Heap History (20 events):
Event: 172.016 GC heap before
{Heap before GC invocations=21 (full 2):
 PSYoungGen      total 23040K, used 22816K [0x00000000eab00000, 0x00000000ec580000, 0x0000000100000000)
  eden space 22016K, 100% used [0x00000000eab00000,0x00000000ec080000,0x00000000ec080000)
  from space 1024K, 78% used [0x00000000ec480000,0x00000000ec548000,0x00000000ec580000)
  to   space 1536K, 0% used [0x00000000ec280000,0x00000000ec280000,0x00000000ec400000)
 ParOldGen       total 68608K, used 25365K [0x00000000c0000000, 0x00000000c4300000, 0x00000000eab00000)
  object space 68608K, 36% used [0x00000000c0000000,0x00000000c18c5768,0x00000000c4300000)
 Metaspace       used 48566K, committed 49792K, reserved 1114112K
  class space    used 5185K, committed 5696K, reserved 1048576K
}
Event: 172.019 GC heap after
{Heap after GC invocations=21 (full 2):
 PSYoungGen      total 23552K, used 1516K [0x00000000eab00000, 0x00000000ec780000, 0x0000000100000000)
  eden space 22016K, 0% used [0x00000000eab00000,0x00000000eab00000,0x00000000ec080000)
  from space 1536K, 98% used [0x00000000ec280000,0x00000000ec3fb340,0x00000000ec400000)
  to   space 3584K, 0% used [0x00000000ec400000,0x00000000ec400000,0x00000000ec780000)
 ParOldGen       total 68608K, used 26907K [0x00000000c0000000, 0x00000000c4300000, 0x00000000eab00000)
  object space 68608K, 39% used [0x00000000c0000000,0x00000000c1a46c78,0x00000000c4300000)
 Metaspace       used 48566K, committed 49792K, reserved 1114112K
  class space    used 5185K, committed 5696K, reserved 1048576K
}
Event: 173.069 GC heap before
{Heap before GC invocations=22 (full 2):
 PSYoungGen      total 23552K, used 23532K [0x00000000eab00000, 0x00000000ec780000, 0x0000000100000000)
  eden space 22016K, 100% used [0x00000000eab00000,0x00000000ec080000,0x00000000ec080000)
  from space 1536K, 98% used [0x00000000ec280000,0x00000000ec3fb340,0x00000000ec400000)
  to   space 3584K, 0% used [0x00000000ec400000,0x00000000ec400000,0x00000000ec780000)
 ParOldGen       total 68608K, used 26907K [0x00000000c0000000, 0x00000000c4300000, 0x00000000eab00000)
  object space 68608K, 39% used [0x00000000c0000000,0x00000000c1a46c78,0x00000000c4300000)
 Metaspace       used 49563K, committed 50944K, reserved 1114112K
  class space    used 5280K, committed 5888K, reserved 1048576K
}
Event: 173.072 GC heap after
{Heap after GC invocations=22 (full 2):
 PSYoungGen      total 24576K, used 2274K [0x00000000eab00000, 0x00000000ec680000, 0x0000000100000000)
  eden space 22016K, 0% used [0x00000000eab00000,0x00000000eab00000,0x00000000ec080000)
  from space 2560K, 88% used [0x00000000ec400000,0x00000000ec638ba0,0x00000000ec680000)
  to   space 2560K, 0% used [0x00000000ec180000,0x00000000ec180000,0x00000000ec400000)
 ParOldGen       total 68608K, used 28258K [0x00000000c0000000, 0x00000000c4300000, 0x00000000eab00000)
  object space 68608K, 41% used [0x00000000c0000000,0x00000000c1b98b38,0x00000000c4300000)
 Metaspace       used 49563K, committed 50944K, reserved 1114112K
  class space    used 5280K, committed 5888K, reserved 1048576K
}
Event: 173.700 GC heap before
{Heap before GC invocations=23 (full 2):
 PSYoungGen      total 24576K, used 24290K [0x00000000eab00000, 0x00000000ec680000, 0x0000000100000000)
  eden space 22016K, 100% used [0x00000000eab00000,0x00000000ec080000,0x00000000ec080000)
  from space 2560K, 88% used [0x00000000ec400000,0x00000000ec638ba0,0x00000000ec680000)
  to   space 2560K, 0% used [0x00000000ec180000,0x00000000ec180000,0x00000000ec400000)
 ParOldGen       total 68608K, used 28258K [0x00000000c0000000, 0x00000000c4300000, 0x00000000eab00000)
  object space 68608K, 41% used [0x00000000c0000000,0x00000000c1b98b38,0x00000000c4300000)
 Metaspace       used 50346K, committed 51648K, reserved 1114112K
  class space    used 5376K, committed 5952K, reserved 1048576K
}
Event: 173.705 GC heap after
{Heap after GC invocations=23 (full 2):
 PSYoungGen      total 23552K, used 1504K [0x00000000eab00000, 0x00000000ec480000, 0x0000000100000000)
  eden space 22016K, 0% used [0x00000000eab00000,0x00000000eab00000,0x00000000ec080000)
  from space 1536K, 97% used [0x00000000ec180000,0x00000000ec2f8000,0x00000000ec300000)
  to   space 1536K, 0% used [0x00000000ec300000,0x00000000ec300000,0x00000000ec480000)
 ParOldGen       total 68608K, used 30362K [0x00000000c0000000, 0x00000000c4300000, 0x00000000eab00000)
  object space 68608K, 44% used [0x00000000c0000000,0x00000000c1da6b98,0x00000000c4300000)
 Metaspace       used 50346K, committed 51648K, reserved 1114112K
  class space    used 5376K, committed 5952K, reserved 1048576K
}
Event: 181.608 GC heap before
{Heap before GC invocations=24 (full 2):
 PSYoungGen      total 23552K, used 23520K [0x00000000eab00000, 0x00000000ec480000, 0x0000000100000000)
  eden space 22016K, 100% used [0x00000000eab00000,0x00000000ec080000,0x00000000ec080000)
  from space 1536K, 97% used [0x00000000ec180000,0x00000000ec2f8000,0x00000000ec300000)
  to   space 1536K, 0% used [0x00000000ec300000,0x00000000ec300000,0x00000000ec480000)
 ParOldGen       total 68608K, used 30362K [0x00000000c0000000, 0x00000000c4300000, 0x00000000eab00000)
  object space 68608K, 44% used [0x00000000c0000000,0x00000000c1da6b98,0x00000000c4300000)
 Metaspace       used 51706K, committed 53056K, reserved 1114112K
  class space    used 5551K, committed 6144K, reserved 1048576K
}
Event: 181.614 GC heap after
{Heap after GC invocations=24 (full 2):
 PSYoungGen      total 21504K, used 1522K [0x00000000eab00000, 0x00000000ec980000, 0x0000000100000000)
  eden space 19968K, 0% used [0x00000000eab00000,0x00000000eab00000,0x00000000ebe80000)
  from space 1536K, 99% used [0x00000000ec300000,0x00000000ec47c810,0x00000000ec480000)
  to   space 4608K, 0% used [0x00000000ebe80000,0x00000000ebe80000,0x00000000ec300000)
 ParOldGen       total 68608K, used 32814K [0x00000000c0000000, 0x00000000c4300000, 0x00000000eab00000)
  object space 68608K, 47% used [0x00000000c0000000,0x00000000c200bb00,0x00000000c4300000)
 Metaspace       used 51706K, committed 53056K, reserved 1114112K
  class space    used 5551K, committed 6144K, reserved 1048576K
}
Event: 182.357 GC heap before
{Heap before GC invocations=25 (full 2):
 PSYoungGen      total 21504K, used 21490K [0x00000000eab00000, 0x00000000ec980000, 0x0000000100000000)
  eden space 19968K, 100% used [0x00000000eab00000,0x00000000ebe80000,0x00000000ebe80000)
  from space 1536K, 99% used [0x00000000ec300000,0x00000000ec47c810,0x00000000ec480000)
  to   space 4608K, 0% used [0x00000000ebe80000,0x00000000ebe80000,0x00000000ec300000)
 ParOldGen       total 68608K, used 32814K [0x00000000c0000000, 0x00000000c4300000, 0x00000000eab00000)
  object space 68608K, 47% used [0x00000000c0000000,0x00000000c200bb00,0x00000000c4300000)
 Metaspace       used 51728K, committed 53056K, reserved 1114112K
  class space    used 5551K, committed 6144K, reserved 1048576K
}
Event: 182.362 GC heap after
{Heap after GC invocations=25 (full 2):
 PSYoungGen      total 22528K, used 2112K [0x00000000eab00000, 0x00000000ec480000, 0x0000000100000000)
  eden space 19968K, 0% used [0x00000000eab00000,0x00000000eab00000,0x00000000ebe80000)
  from space 2560K, 82% used [0x00000000ebe80000,0x00000000ec090010,0x00000000ec100000)
  to   space 3072K, 0% used [0x00000000ec180000,0x00000000ec180000,0x00000000ec480000)
 ParOldGen       total 68608K, used 34363K [0x00000000c0000000, 0x00000000c4300000, 0x00000000eab00000)
  object space 68608K, 50% used [0x00000000c0000000,0x00000000c218ec68,0x00000000c4300000)
 Metaspace       used 51728K, committed 53056K, reserved 1114112K
  class space    used 5551K, committed 6144K, reserved 1048576K
}
Event: 182.681 GC heap before
{Heap before GC invocations=26 (full 2):
 PSYoungGen      total 22528K, used 22080K [0x00000000eab00000, 0x00000000ec480000, 0x0000000100000000)
  eden space 19968K, 100% used [0x00000000eab00000,0x00000000ebe80000,0x00000000ebe80000)
  from space 2560K, 82% used [0x00000000ebe80000,0x00000000ec090010,0x00000000ec100000)
  to   space 3072K, 0% used [0x00000000ec180000,0x00000000ec180000,0x00000000ec480000)
 ParOldGen       total 68608K, used 34363K [0x00000000c0000000, 0x00000000c4300000, 0x00000000eab00000)
  object space 68608K, 50% used [0x00000000c0000000,0x00000000c218ec68,0x00000000c4300000)
 Metaspace       used 51735K, committed 53056K, reserved 1114112K
  class space    used 5551K, committed 6144K, reserved 1048576K
}
Event: 182.686 GC heap after
{Heap after GC invocations=26 (full 2):
 PSYoungGen      total 22016K, used 1860K [0x00000000eab00000, 0x00000000ec380000, 0x0000000100000000)
  eden space 19968K, 0% used [0x00000000eab00000,0x00000000eab00000,0x00000000ebe80000)
  from space 2048K, 90% used [0x00000000ec180000,0x00000000ec351000,0x00000000ec380000)
  to   space 2560K, 0% used [0x00000000ebe80000,0x00000000ebe80000,0x00000000ec100000)
 ParOldGen       total 68608K, used 36401K [0x00000000c0000000, 0x00000000c4300000, 0x00000000eab00000)
  object space 68608K, 53% used [0x00000000c0000000,0x00000000c238c628,0x00000000c4300000)
 Metaspace       used 51735K, committed 53056K, reserved 1114112K
  class space    used 5551K, committed 6144K, reserved 1048576K
}
Event: 184.073 GC heap before
{Heap before GC invocations=27 (full 2):
 PSYoungGen      total 22016K, used 21828K [0x00000000eab00000, 0x00000000ec380000, 0x0000000100000000)
  eden space 19968K, 100% used [0x00000000eab00000,0x00000000ebe80000,0x00000000ebe80000)
  from space 2048K, 90% used [0x00000000ec180000,0x00000000ec351000,0x00000000ec380000)
  to   space 2560K, 0% used [0x00000000ebe80000,0x00000000ebe80000,0x00000000ec100000)
 ParOldGen       total 68608K, used 36401K [0x00000000c0000000, 0x00000000c4300000, 0x00000000eab00000)
  object space 68608K, 53% used [0x00000000c0000000,0x00000000c238c628,0x00000000c4300000)
 Metaspace       used 51842K, committed 53120K, reserved 1114112K
  class space    used 5560K, committed 6144K, reserved 1048576K
}
Event: 184.161 GC heap after
{Heap after GC invocations=27 (full 2):
 PSYoungGen      total 22528K, used 2087K [0x00000000eab00000, 0x00000000ec380000, 0x0000000100000000)
  eden space 19968K, 0% used [0x00000000eab00000,0x00000000eab00000,0x00000000ebe80000)
  from space 2560K, 81% used [0x00000000ebe80000,0x00000000ec089e20,0x00000000ec100000)
  to   space 2560K, 0% used [0x00000000ec100000,0x00000000ec100000,0x00000000ec380000)
 ParOldGen       total 68608K, used 38167K [0x00000000c0000000, 0x00000000c4300000, 0x00000000eab00000)
  object space 68608K, 55% used [0x00000000c0000000,0x00000000c2545c50,0x00000000c4300000)
 Metaspace       used 51842K, committed 53120K, reserved 1114112K
  class space    used 5560K, committed 6144K, reserved 1048576K
}
Event: 185.394 GC heap before
{Heap before GC invocations=28 (full 2):
 PSYoungGen      total 22528K, used 22055K [0x00000000eab00000, 0x00000000ec380000, 0x0000000100000000)
  eden space 19968K, 100% used [0x00000000eab00000,0x00000000ebe80000,0x00000000ebe80000)
  from space 2560K, 81% used [0x00000000ebe80000,0x00000000ec089e20,0x00000000ec100000)
  to   space 2560K, 0% used [0x00000000ec100000,0x00000000ec100000,0x00000000ec380000)
 ParOldGen       total 68608K, used 38167K [0x00000000c0000000, 0x00000000c4300000, 0x00000000eab00000)
  object space 68608K, 55% used [0x00000000c0000000,0x00000000c2545c50,0x00000000c4300000)
 Metaspace       used 51916K, committed 53184K, reserved 1114112K
  class space    used 5563K, committed 6144K, reserved 1048576K
}
Event: 185.400 GC heap after
{Heap after GC invocations=28 (full 2):
 PSYoungGen      total 22528K, used 2080K [0x00000000eab00000, 0x00000000ec380000, 0x0000000100000000)
  eden space 19968K, 0% used [0x00000000eab00000,0x00000000eab00000,0x00000000ebe80000)
  from space 2560K, 81% used [0x00000000ec100000,0x00000000ec308010,0x00000000ec380000)
  to   space 2560K, 0% used [0x00000000ebe80000,0x00000000ebe80000,0x00000000ec100000)
 ParOldGen       total 68608K, used 40115K [0x00000000c0000000, 0x00000000c4300000, 0x00000000eab00000)
  object space 68608K, 58% used [0x00000000c0000000,0x00000000c272cde8,0x00000000c4300000)
 Metaspace       used 51916K, committed 53184K, reserved 1114112K
  class space    used 5563K, committed 6144K, reserved 1048576K
}
Event: 185.886 GC heap before
{Heap before GC invocations=29 (full 2):
 PSYoungGen      total 22528K, used 22047K [0x00000000eab00000, 0x00000000ec380000, 0x0000000100000000)
  eden space 19968K, 99% used [0x00000000eab00000,0x00000000ebe7fcb0,0x00000000ebe80000)
  from space 2560K, 81% used [0x00000000ec100000,0x00000000ec308010,0x00000000ec380000)
  to   space 2560K, 0% used [0x00000000ebe80000,0x00000000ebe80000,0x00000000ec100000)
 ParOldGen       total 68608K, used 40115K [0x00000000c0000000, 0x00000000c4300000, 0x00000000eab00000)
  object space 68608K, 58% used [0x00000000c0000000,0x00000000c272cde8,0x00000000c4300000)
 Metaspace       used 51963K, committed 53312K, reserved 1114112K
  class space    used 5567K, committed 6144K, reserved 1048576K
}
Event: 185.896 GC heap after
{Heap after GC invocations=29 (full 2):
 PSYoungGen      total 22016K, used 1944K [0x00000000eab00000, 0x00000000ec280000, 0x0000000100000000)
  eden space 19968K, 0% used [0x00000000eab00000,0x00000000eab00000,0x00000000ebe80000)
  from space 2048K, 94% used [0x00000000ebe80000,0x00000000ec066200,0x00000000ec080000)
  to   space 2048K, 0% used [0x00000000ec080000,0x00000000ec080000,0x00000000ec280000)
 ParOldGen       total 68608K, used 42047K [0x00000000c0000000, 0x00000000c4300000, 0x00000000eab00000)
  object space 68608K, 61% used [0x00000000c0000000,0x00000000c290fd08,0x00000000c4300000)
 Metaspace       used 51963K, committed 53312K, reserved 1114112K
  class space    used 5567K, committed 6144K, reserved 1048576K
}
Event: 199.291 GC heap before
{Heap before GC invocations=30 (full 2):
 PSYoungGen      total 22016K, used 21890K [0x00000000eab00000, 0x00000000ec280000, 0x0000000100000000)
  eden space 19968K, 99% used [0x00000000eab00000,0x00000000ebe7a988,0x00000000ebe80000)
  from space 2048K, 94% used [0x00000000ebe80000,0x00000000ec066200,0x00000000ec080000)
  to   space 2048K, 0% used [0x00000000ec080000,0x00000000ec080000,0x00000000ec280000)
 ParOldGen       total 68608K, used 42047K [0x00000000c0000000, 0x00000000c4300000, 0x00000000eab00000)
  object space 68608K, 61% used [0x00000000c0000000,0x00000000c290fd08,0x00000000c4300000)
 Metaspace       used 52899K, committed 54144K, reserved 1114112K
  class space    used 5648K, committed 6208K, reserved 1048576K
}
Event: 199.295 GC heap after
{Heap after GC invocations=30 (full 2):
 PSYoungGen      total 17408K, used 2016K [0x00000000eab00000, 0x00000000ecb80000, 0x0000000100000000)
  eden space 15360K, 0% used [0x00000000eab00000,0x00000000eab00000,0x00000000eba00000)
  from space 2048K, 98% used [0x00000000ec080000,0x00000000ec2780c0,0x00000000ec280000)
  to   space 6656K, 0% used [0x00000000eba00000,0x00000000eba00000,0x00000000ec080000)
 ParOldGen       total 68608K, used 45588K [0x00000000c0000000, 0x00000000c4300000, 0x00000000eab00000)
  object space 68608K, 66% used [0x00000000c0000000,0x00000000c2c85310,0x00000000c4300000)
 Metaspace       used 52899K, committed 54144K, reserved 1114112K
  class space    used 5648K, committed 6208K, reserved 1048576K
}

