# JRE version: OpenJDK Runtime Environment Temurin-21.0.7+6 (21.0.7+6) (build 21.0.7+6-LTS)
# Java VM: OpenJDK 64-Bit Server VM Temurin-21.0.7+6 (21.0.7+6-LTS, mixed mode, sharing, tiered, compressed oops, compressed class ptrs, parallel gc, windows-amd64)
GC Precious Log:
 CardTable entry size: 512
 CPUs: 8 total, 8 available
 Memory: 12167M
 Large Page Support: Disabled
 NUMA Support: Disabled
 Compressed Oops: Enabled (32-bit)
 Alignments: Space 512K, Generation 512K, Heap 2M
 Heap Min Capacity: 100M
 Heap Initial Capacity: 100M
 Heap Max Capacity: 1G
 Pre-touch: Disabled
 Parallel Workers: 8
Heap:
 PSYoungGen      total 11264K, used 11008K [0x00000000eab00000, 0x00000000ebb80000, 0x0000000100000000)
  eden space 10752K, 100% used [0x00000000eab00000,0x00000000eb580000,0x00000000eb580000)
  from space 512K, 50% used [0x00000000eba80000,0x00000000ebac0000,0x00000000ebb00000)
  to   space 512K, 0% used [0x00000000ebb00000,0x00000000ebb00000,0x00000000ebb80000)
 ParOldGen       total 333824K, used 333427K [0x00000000c0000000, 0x00000000d4600000, 0x00000000eab00000)
  object space 333824K, 99% used [0x00000000c0000000,0x00000000d459cff8,0x00000000d4600000)
 Metaspace       used 71590K, committed 73280K, reserved 1114112K
  class space    used 7427K, committed 8192K, reserved 1048576K
GC Heap History (20 events):
Event: 191.598 GC heap before
{Heap before GC invocations=1291 (full 4):
 PSYoungGen      total 14848K, used 14162K [0x00000000eab00000, 0x00000000ebc80000, 0x0000000100000000)
  eden space 13824K, 97% used [0x00000000eab00000,0x00000000eb81c9b8,0x00000000eb880000)
  from space 1024K, 71% used [0x00000000eb880000,0x00000000eb938020,0x00000000eb980000)
  to   space 2048K, 0% used [0x00000000eba80000,0x00000000eba80000,0x00000000ebc80000)
 ParOldGen       total 321536K, used 321128K [0x00000000c0000000, 0x00000000d3a00000, 0x00000000eab00000)
  object space 321536K, 99% used [0x00000000c0000000,0x00000000d399a1c8,0x00000000d3a00000)
 Metaspace       used 67582K, committed 69120K, reserved 1114112K
  class space    used 6927K, committed 7616K, reserved 1048576K
}
Event: 191.604 GC heap after
{Heap after GC invocations=1291 (full 4):
 PSYoungGen      total 12800K, used 2026K [0x00000000eab00000, 0x00000000ec280000, 0x0000000100000000)
  eden space 10752K, 0% used [0x00000000eab00000,0x00000000eab00000,0x00000000eb580000)
  from space 2048K, 98% used [0x00000000eba80000,0x00000000ebc7abf0,0x00000000ebc80000)
  to   space 5120K, 0% used [0x00000000eb580000,0x00000000eb580000,0x00000000eba80000)
 ParOldGen       total 323584K, used 323528K [0x00000000c0000000, 0x00000000d3c00000, 0x00000000eab00000)
  object space 323584K, 99% used [0x00000000c0000000,0x00000000d3bf21e8,0x00000000d3c00000)
 Metaspace       used 67582K, committed 69120K, reserved 1114112K
  class space    used 6927K, committed 7616K, reserved 1048576K
}
Event: 192.719 GC heap before
{Heap before GC invocations=1292 (full 4):
 PSYoungGen      total 12800K, used 12778K [0x00000000eab00000, 0x00000000ec280000, 0x0000000100000000)
  eden space 10752K, 100% used [0x00000000eab00000,0x00000000eb580000,0x00000000eb580000)
  from space 2048K, 98% used [0x00000000eba80000,0x00000000ebc7abf0,0x00000000ebc80000)
  to   space 5120K, 0% used [0x00000000eb580000,0x00000000eb580000,0x00000000eba80000)
 ParOldGen       total 323584K, used 323528K [0x00000000c0000000, 0x00000000d3c00000, 0x00000000eab00000)
  object space 323584K, 99% used [0x00000000c0000000,0x00000000d3bf21e8,0x00000000d3c00000)
 Metaspace       used 67605K, committed 69184K, reserved 1114112K
  class space    used 6927K, committed 7616K, reserved 1048576K
}
Event: 192.723 GC heap after
{Heap after GC invocations=1292 (full 4):
 PSYoungGen      total 11264K, used 484K [0x00000000eab00000, 0x00000000ebb00000, 0x0000000100000000)
  eden space 10752K, 0% used [0x00000000eab00000,0x00000000eab00000,0x00000000eb580000)
  from space 512K, 94% used [0x00000000eb580000,0x00000000eb5f91f8,0x00000000eb600000)
  to   space 2048K, 0% used [0x00000000eb900000,0x00000000eb900000,0x00000000ebb00000)
 ParOldGen       total 324096K, used 323600K [0x00000000c0000000, 0x00000000d3c80000, 0x00000000eab00000)
  object space 324096K, 99% used [0x00000000c0000000,0x00000000d3c041e8,0x00000000d3c80000)
 Metaspace       used 67605K, committed 69184K, reserved 1114112K
  class space    used 6927K, committed 7616K, reserved 1048576K
}
Event: 193.366 GC heap before
{Heap before GC invocations=1293 (full 4):
 PSYoungGen      total 11264K, used 11236K [0x00000000eab00000, 0x00000000ebb00000, 0x0000000100000000)
  eden space 10752K, 100% used [0x00000000eab00000,0x00000000eb580000,0x00000000eb580000)
  from space 512K, 94% used [0x00000000eb580000,0x00000000eb5f91f8,0x00000000eb600000)
  to   space 2048K, 0% used [0x00000000eb900000,0x00000000eb900000,0x00000000ebb00000)
 ParOldGen       total 324096K, used 323600K [0x00000000c0000000, 0x00000000d3c80000, 0x00000000eab00000)
  object space 324096K, 99% used [0x00000000c0000000,0x00000000d3c041e8,0x00000000d3c80000)
 Metaspace       used 67611K, committed 69184K, reserved 1114112K
  class space    used 6927K, committed 7616K, reserved 1048576K
}
Event: 193.368 GC heap after
{Heap after GC invocations=1293 (full 4):
 PSYoungGen      total 11264K, used 128K [0x00000000eab00000, 0x00000000eb980000, 0x0000000100000000)
  eden space 10752K, 0% used [0x00000000eab00000,0x00000000eab00000,0x00000000eb580000)
  from space 512K, 25% used [0x00000000eb900000,0x00000000eb920000,0x00000000eb980000)
  to   space 512K, 0% used [0x00000000eb580000,0x00000000eb580000,0x00000000eb600000)
 ParOldGen       total 324096K, used 323728K [0x00000000c0000000, 0x00000000d3c80000, 0x00000000eab00000)
  object space 324096K, 99% used [0x00000000c0000000,0x00000000d3c241e8,0x00000000d3c80000)
 Metaspace       used 67611K, committed 69184K, reserved 1114112K
  class space    used 6927K, committed 7616K, reserved 1048576K
}
Event: 194.755 GC heap before
{Heap before GC invocations=1294 (full 4):
 PSYoungGen      total 11264K, used 10879K [0x00000000eab00000, 0x00000000eb980000, 0x0000000100000000)
  eden space 10752K, 99% used [0x00000000eab00000,0x00000000eb57ffe8,0x00000000eb580000)
  from space 512K, 25% used [0x00000000eb900000,0x00000000eb920000,0x00000000eb980000)
  to   space 512K, 0% used [0x00000000eb580000,0x00000000eb580000,0x00000000eb600000)
 ParOldGen       total 324096K, used 323728K [0x00000000c0000000, 0x00000000d3c80000, 0x00000000eab00000)
  object space 324096K, 99% used [0x00000000c0000000,0x00000000d3c241e8,0x00000000d3c80000)
 Metaspace       used 67756K, committed 69312K, reserved 1114112K
  class space    used 6943K, committed 7616K, reserved 1048576K
}
Event: 194.764 GC heap after
{Heap after GC invocations=1294 (full 4):
 PSYoungGen      total 11264K, used 484K [0x00000000eab00000, 0x00000000ec380000, 0x0000000100000000)
  eden space 10752K, 0% used [0x00000000eab00000,0x00000000eab00000,0x00000000eb580000)
  from space 512K, 94% used [0x00000000eb580000,0x00000000eb5f93a0,0x00000000eb600000)
  to   space 7168K, 0% used [0x00000000ebc80000,0x00000000ebc80000,0x00000000ec380000)
 ParOldGen       total 329216K, used 328977K [0x00000000c0000000, 0x00000000d4180000, 0x00000000eab00000)
  object space 329216K, 99% used [0x00000000c0000000,0x00000000d41447e0,0x00000000d4180000)
 Metaspace       used 67756K, committed 69312K, reserved 1114112K
  class space    used 6943K, committed 7616K, reserved 1048576K
}
Event: 221.394 GC heap before
{Heap before GC invocations=1295 (full 4):
 PSYoungGen      total 11264K, used 11236K [0x00000000eab00000, 0x00000000ec380000, 0x0000000100000000)
  eden space 10752K, 100% used [0x00000000eab00000,0x00000000eb580000,0x00000000eb580000)
  from space 512K, 94% used [0x00000000eb580000,0x00000000eb5f93a0,0x00000000eb600000)
  to   space 7168K, 0% used [0x00000000ebc80000,0x00000000ebc80000,0x00000000ec380000)
 ParOldGen       total 329216K, used 328977K [0x00000000c0000000, 0x00000000d4180000, 0x00000000eab00000)
  object space 329216K, 99% used [0x00000000c0000000,0x00000000d41447e0,0x00000000d4180000)
 Metaspace       used 67907K, committed 69504K, reserved 1114112K
  class space    used 6967K, committed 7680K, reserved 1048576K
}
Event: 221.398 GC heap after
{Heap after GC invocations=1295 (full 4):
 PSYoungGen      total 15360K, used 4122K [0x00000000eab00000, 0x00000000ec100000, 0x0000000100000000)
  eden space 10752K, 0% used [0x00000000eab00000,0x00000000eab00000,0x00000000eb580000)
  from space 4608K, 89% used [0x00000000ebc80000,0x00000000ec0868f0,0x00000000ec100000)
  to   space 5120K, 0% used [0x00000000eb700000,0x00000000eb700000,0x00000000ebc00000)
 ParOldGen       total 329728K, used 329483K [0x00000000c0000000, 0x00000000d4200000, 0x00000000eab00000)
  object space 329728K, 99% used [0x00000000c0000000,0x00000000d41c2e58,0x00000000d4200000)
 Metaspace       used 67907K, committed 69504K, reserved 1114112K
  class space    used 6967K, committed 7680K, reserved 1048576K
}
Event: 221.614 GC heap before
{Heap before GC invocations=1296 (full 4):
 PSYoungGen      total 15360K, used 14874K [0x00000000eab00000, 0x00000000ec100000, 0x0000000100000000)
  eden space 10752K, 100% used [0x00000000eab00000,0x00000000eb580000,0x00000000eb580000)
  from space 4608K, 89% used [0x00000000ebc80000,0x00000000ec0868f0,0x00000000ec100000)
  to   space 5120K, 0% used [0x00000000eb700000,0x00000000eb700000,0x00000000ebc00000)
 ParOldGen       total 329728K, used 329483K [0x00000000c0000000, 0x00000000d4200000, 0x00000000eab00000)
  object space 329728K, 99% used [0x00000000c0000000,0x00000000d41c2e58,0x00000000d4200000)
 Metaspace       used 67908K, committed 69504K, reserved 1114112K
  class space    used 6967K, committed 7680K, reserved 1048576K
}
Event: 221.618 GC heap after
{Heap after GC invocations=1296 (full 4):
 PSYoungGen      total 11264K, used 160K [0x00000000eab00000, 0x00000000ebd00000, 0x0000000100000000)
  eden space 10752K, 0% used [0x00000000eab00000,0x00000000eab00000,0x00000000eb580000)
  from space 512K, 31% used [0x00000000eb700000,0x00000000eb728000,0x00000000eb780000)
  to   space 2048K, 0% used [0x00000000ebb00000,0x00000000ebb00000,0x00000000ebd00000)
 ParOldGen       total 332800K, used 332530K [0x00000000c0000000, 0x00000000d4500000, 0x00000000eab00000)
  object space 332800K, 99% used [0x00000000c0000000,0x00000000d44bc9e8,0x00000000d4500000)
 Metaspace       used 67908K, committed 69504K, reserved 1114112K
  class space    used 6967K, committed 7680K, reserved 1048576K
}
Event: 221.865 GC heap before
{Heap before GC invocations=1297 (full 4):
 PSYoungGen      total 11264K, used 10912K [0x00000000eab00000, 0x00000000ebd00000, 0x0000000100000000)
  eden space 10752K, 100% used [0x00000000eab00000,0x00000000eb580000,0x00000000eb580000)
  from space 512K, 31% used [0x00000000eb700000,0x00000000eb728000,0x00000000eb780000)
  to   space 2048K, 0% used [0x00000000ebb00000,0x00000000ebb00000,0x00000000ebd00000)
 ParOldGen       total 332800K, used 332530K [0x00000000c0000000, 0x00000000d4500000, 0x00000000eab00000)
  object space 332800K, 99% used [0x00000000c0000000,0x00000000d44bc9e8,0x00000000d4500000)
 Metaspace       used 69335K, committed 70912K, reserved 1114112K
  class space    used 7120K, committed 7808K, reserved 1048576K
}
Event: 221.867 GC heap after
{Heap after GC invocations=1297 (full 4):
 PSYoungGen      total 11264K, used 465K [0x00000000eab00000, 0x00000000ebb80000, 0x0000000100000000)
  eden space 10752K, 0% used [0x00000000eab00000,0x00000000eab00000,0x00000000eb580000)
  from space 512K, 90% used [0x00000000ebb00000,0x00000000ebb745d0,0x00000000ebb80000)
  to   space 1024K, 0% used [0x00000000eb980000,0x00000000eb980000,0x00000000eba80000)
 ParOldGen       total 332800K, used 332586K [0x00000000c0000000, 0x00000000d4500000, 0x00000000eab00000)
  object space 332800K, 99% used [0x00000000c0000000,0x00000000d44ca9e8,0x00000000d4500000)
 Metaspace       used 69335K, committed 70912K, reserved 1114112K
  class space    used 7120K, committed 7808K, reserved 1048576K
}
Event: 222.074 GC heap before
{Heap before GC invocations=1298 (full 4):
 PSYoungGen      total 11264K, used 11217K [0x00000000eab00000, 0x00000000ebb80000, 0x0000000100000000)
  eden space 10752K, 100% used [0x00000000eab00000,0x00000000eb580000,0x00000000eb580000)
  from space 512K, 90% used [0x00000000ebb00000,0x00000000ebb745d0,0x00000000ebb80000)
  to   space 1024K, 0% used [0x00000000eb980000,0x00000000eb980000,0x00000000eba80000)
 ParOldGen       total 332800K, used 332586K [0x00000000c0000000, 0x00000000d4500000, 0x00000000eab00000)
  object space 332800K, 99% used [0x00000000c0000000,0x00000000d44ca9e8,0x00000000d4500000)
 Metaspace       used 70456K, committed 72000K, reserved 1114112K
  class space    used 7320K, committed 8000K, reserved 1048576K
}
Event: 222.076 GC heap after
{Heap after GC invocations=1298 (full 4):
 PSYoungGen      total 11776K, used 352K [0x00000000eab00000, 0x00000000ebb80000, 0x0000000100000000)
  eden space 10752K, 0% used [0x00000000eab00000,0x00000000eab00000,0x00000000eb580000)
  from space 1024K, 34% used [0x00000000eb980000,0x00000000eb9d8000,0x00000000eba80000)
  to   space 512K, 0% used [0x00000000ebb00000,0x00000000ebb00000,0x00000000ebb80000)
 ParOldGen       total 333312K, used 332891K [0x00000000c0000000, 0x00000000d4580000, 0x00000000eab00000)
  object space 333312K, 99% used [0x00000000c0000000,0x00000000d4516fb8,0x00000000d4580000)
 Metaspace       used 70456K, committed 72000K, reserved 1114112K
  class space    used 7320K, committed 8000K, reserved 1048576K
}
Event: 453.173 GC heap before
{Heap before GC invocations=1299 (full 4):
 PSYoungGen      total 11776K, used 11104K [0x00000000eab00000, 0x00000000ebb80000, 0x0000000100000000)
  eden space 10752K, 100% used [0x00000000eab00000,0x00000000eb580000,0x00000000eb580000)
  from space 1024K, 34% used [0x00000000eb980000,0x00000000eb9d8000,0x00000000eba80000)
  to   space 512K, 0% used [0x00000000ebb00000,0x00000000ebb00000,0x00000000ebb80000)
 ParOldGen       total 333312K, used 332891K [0x00000000c0000000, 0x00000000d4580000, 0x00000000eab00000)
  object space 333312K, 99% used [0x00000000c0000000,0x00000000d4516fb8,0x00000000d4580000)
 Metaspace       used 71477K, committed 73152K, reserved 1114112K
  class space    used 7424K, committed 8192K, reserved 1048576K
}
Event: 453.766 GC heap after
{Heap after GC invocations=1299 (full 4):
 PSYoungGen      total 11264K, used 448K [0x00000000eab00000, 0x00000000ebb80000, 0x0000000100000000)
  eden space 10752K, 0% used [0x00000000eab00000,0x00000000eab00000,0x00000000eb580000)
  from space 512K, 87% used [0x00000000ebb00000,0x00000000ebb70000,0x00000000ebb80000)
  to   space 512K, 0% used [0x00000000eba80000,0x00000000eba80000,0x00000000ebb00000)
 ParOldGen       total 333312K, used 333091K [0x00000000c0000000, 0x00000000d4580000, 0x00000000eab00000)
  object space 333312K, 99% used [0x00000000c0000000,0x00000000d4548fe8,0x00000000d4580000)
 Metaspace       used 71477K, committed 73152K, reserved 1114112K
  class space    used 7424K, committed 8192K, reserved 1048576K
}
Event: 796.906 GC heap before
{Heap before GC invocations=1300 (full 4):
 PSYoungGen      total 11264K, used 11200K [0x00000000eab00000, 0x00000000ebb80000, 0x0000000100000000)
  eden space 10752K, 100% used [0x00000000eab00000,0x00000000eb580000,0x00000000eb580000)
  from space 512K, 87% used [0x00000000ebb00000,0x00000000ebb70000,0x00000000ebb80000)
  to   space 512K, 0% used [0x00000000eba80000,0x00000000eba80000,0x00000000ebb00000)
 ParOldGen       total 333312K, used 333091K [0x00000000c0000000, 0x00000000d4580000, 0x00000000eab00000)
  object space 333312K, 99% used [0x00000000c0000000,0x00000000d4548fe8,0x00000000d4580000)
 Metaspace       used 71547K, committed 73216K, reserved 1114112K
  class space    used 7426K, committed 8192K, reserved 1048576K
}
Event: 797.887 GC heap after
{Heap after GC invocations=1300 (full 4):
 PSYoungGen      total 11264K, used 256K [0x00000000eab00000, 0x00000000ebb80000, 0x0000000100000000)
  eden space 10752K, 0% used [0x00000000eab00000,0x00000000eab00000,0x00000000eb580000)
  from space 512K, 50% used [0x00000000eba80000,0x00000000ebac0000,0x00000000ebb00000)
  to   space 512K, 0% used [0x00000000ebb00000,0x00000000ebb00000,0x00000000ebb80000)
 ParOldGen       total 333824K, used 333427K [0x00000000c0000000, 0x00000000d4600000, 0x00000000eab00000)
  object space 333824K, 99% used [0x00000000c0000000,0x00000000d459cff8,0x00000000d4600000)
 Metaspace       used 71547K, committed 73216K, reserved 1114112K
  class space    used 7426K, committed 8192K, reserved 1048576K
}

