# JRE version: OpenJDK Runtime Environment Temurin-21.0.7+6 (21.0.7+6) (build 21.0.7+6-LTS)
# Java VM: OpenJDK 64-Bit Server VM Temurin-21.0.7+6 (21.0.7+6-LTS, mixed mode, sharing, tiered, compressed oops, compressed class ptrs, parallel gc, windows-amd64)
GC Precious Log:
 CardTable entry size: 512
 CPUs: 8 total, 8 available
 Memory: 12167M
 Large Page Support: Disabled
 NUMA Support: Disabled
 Compressed Oops: Enabled (32-bit)
 Alignments: Space 512K, Generation 512K, Heap 2M
 Heap Min Capacity: 100M
 Heap Initial Capacity: 100M
 Heap Max Capacity: 1G
 Pre-touch: Disabled
 Parallel Workers: 8
Heap:
 PSYoungGen      total 10752K, used 2875K [0x00000000eab00000, 0x00000000eb980000, 0x0000000100000000)
  eden space 8704K, 10% used [0x00000000eab00000,0x00000000eabdfde0,0x00000000eb380000)
  from space 2048K, 96% used [0x00000000eb780000,0x00000000eb96f008,0x00000000eb980000)
  to   space 3072K, 0% used [0x00000000eb380000,0x00000000eb380000,0x00000000eb680000)
 ParOldGen       total 131072K, used 130737K [0x00000000c0000000, 0x00000000c8000000, 0x00000000eab00000)
  object space 131072K, 99% used [0x00000000c0000000,0x00000000c7fac540,0x00000000c8000000)
 Metaspace       used 68214K, committed 69696K, reserved 1114112K
  class space    used 7101K, committed 7744K, reserved 1048576K
GC Heap History (20 events):
Event: 115.442 GC heap before
{Heap before GC invocations=70 (full 3):
 PSYoungGen      total 12288K, used 12189K [0x00000000eab00000, 0x00000000eba00000, 0x0000000100000000)
  eden space 10752K, 100% used [0x00000000eab00000,0x00000000eb580000,0x00000000eb580000)
  from space 1536K, 93% used [0x00000000eb880000,0x00000000eb9e74c0,0x00000000eba00000)
  to   space 2048K, 0% used [0x00000000eb600000,0x00000000eb600000,0x00000000eb800000)
 ParOldGen       total 108544K, used 108182K [0x00000000c0000000, 0x00000000c6a00000, 0x00000000eab00000)
  object space 108544K, 99% used [0x00000000c0000000,0x00000000c69a59f0,0x00000000c6a00000)
 Metaspace       used 65085K, committed 66496K, reserved 1114112K
  class space    used 6738K, committed 7360K, reserved 1048576K
}
Event: 115.445 GC heap after
{Heap after GC invocations=70 (full 3):
 PSYoungGen      total 12288K, used 1430K [0x00000000eab00000, 0x00000000eb900000, 0x0000000100000000)
  eden space 10752K, 0% used [0x00000000eab00000,0x00000000eab00000,0x00000000eb580000)
  from space 1536K, 93% used [0x00000000eb600000,0x00000000eb7659c0,0x00000000eb780000)
  to   space 1536K, 0% used [0x00000000eb780000,0x00000000eb780000,0x00000000eb900000)
 ParOldGen       total 109056K, used 108809K [0x00000000c0000000, 0x00000000c6a80000, 0x00000000eab00000)
  object space 109056K, 99% used [0x00000000c0000000,0x00000000c6a42410,0x00000000c6a80000)
 Metaspace       used 65085K, committed 66496K, reserved 1114112K
  class space    used 6738K, committed 7360K, reserved 1048576K
}
Event: 116.624 GC heap before
{Heap before GC invocations=71 (full 3):
 PSYoungGen      total 12288K, used 12182K [0x00000000eab00000, 0x00000000eb900000, 0x0000000100000000)
  eden space 10752K, 100% used [0x00000000eab00000,0x00000000eb580000,0x00000000eb580000)
  from space 1536K, 93% used [0x00000000eb600000,0x00000000eb7659c0,0x00000000eb780000)
  to   space 1536K, 0% used [0x00000000eb780000,0x00000000eb780000,0x00000000eb900000)
 ParOldGen       total 109056K, used 108809K [0x00000000c0000000, 0x00000000c6a80000, 0x00000000eab00000)
  object space 109056K, 99% used [0x00000000c0000000,0x00000000c6a42410,0x00000000c6a80000)
 Metaspace       used 65492K, committed 66944K, reserved 1114112K
  class space    used 6776K, committed 7424K, reserved 1048576K
}
Event: 116.628 GC heap after
{Heap after GC invocations=71 (full 3):
 PSYoungGen      total 11264K, used 1514K [0x00000000eab00000, 0x00000000ebb80000, 0x0000000100000000)
  eden space 9728K, 0% used [0x00000000eab00000,0x00000000eab00000,0x00000000eb480000)
  from space 1536K, 98% used [0x00000000eb780000,0x00000000eb8faad0,0x00000000eb900000)
  to   space 3072K, 0% used [0x00000000eb480000,0x00000000eb480000,0x00000000eb780000)
 ParOldGen       total 110592K, used 110109K [0x00000000c0000000, 0x00000000c6c00000, 0x00000000eab00000)
  object space 110592K, 99% used [0x00000000c0000000,0x00000000c6b87690,0x00000000c6c00000)
 Metaspace       used 65492K, committed 66944K, reserved 1114112K
  class space    used 6776K, committed 7424K, reserved 1048576K
}
Event: 117.077 GC heap before
{Heap before GC invocations=72 (full 3):
 PSYoungGen      total 11264K, used 11242K [0x00000000eab00000, 0x00000000ebb80000, 0x0000000100000000)
  eden space 9728K, 100% used [0x00000000eab00000,0x00000000eb480000,0x00000000eb480000)
  from space 1536K, 98% used [0x00000000eb780000,0x00000000eb8faad0,0x00000000eb900000)
  to   space 3072K, 0% used [0x00000000eb480000,0x00000000eb480000,0x00000000eb780000)
 ParOldGen       total 110592K, used 110109K [0x00000000c0000000, 0x00000000c6c00000, 0x00000000eab00000)
  object space 110592K, 99% used [0x00000000c0000000,0x00000000c6b87690,0x00000000c6c00000)
 Metaspace       used 65610K, committed 67008K, reserved 1114112K
  class space    used 6799K, committed 7424K, reserved 1048576K
}
Event: 117.080 GC heap after
{Heap after GC invocations=72 (full 3):
 PSYoungGen      total 11776K, used 1853K [0x00000000eab00000, 0x00000000eb980000, 0x0000000100000000)
  eden space 9728K, 0% used [0x00000000eab00000,0x00000000eab00000,0x00000000eb480000)
  from space 2048K, 90% used [0x00000000eb480000,0x00000000eb64f620,0x00000000eb680000)
  to   space 2560K, 0% used [0x00000000eb700000,0x00000000eb700000,0x00000000eb980000)
 ParOldGen       total 111616K, used 111510K [0x00000000c0000000, 0x00000000c6d00000, 0x00000000eab00000)
  object space 111616K, 99% used [0x00000000c0000000,0x00000000c6ce5868,0x00000000c6d00000)
 Metaspace       used 65610K, committed 67008K, reserved 1114112K
  class space    used 6799K, committed 7424K, reserved 1048576K
}
Event: 118.155 GC heap before
{Heap before GC invocations=73 (full 3):
 PSYoungGen      total 11776K, used 11581K [0x00000000eab00000, 0x00000000eb980000, 0x0000000100000000)
  eden space 9728K, 100% used [0x00000000eab00000,0x00000000eb480000,0x00000000eb480000)
  from space 2048K, 90% used [0x00000000eb480000,0x00000000eb64f620,0x00000000eb680000)
  to   space 2560K, 0% used [0x00000000eb700000,0x00000000eb700000,0x00000000eb980000)
 ParOldGen       total 111616K, used 111510K [0x00000000c0000000, 0x00000000c6d00000, 0x00000000eab00000)
  object space 111616K, 99% used [0x00000000c0000000,0x00000000c6ce5868,0x00000000c6d00000)
 Metaspace       used 65761K, committed 67200K, reserved 1114112K
  class space    used 6819K, committed 7488K, reserved 1048576K
}
Event: 118.158 GC heap after
{Heap after GC invocations=73 (full 3):
 PSYoungGen      total 12288K, used 2052K [0x00000000eab00000, 0x00000000eb980000, 0x0000000100000000)
  eden space 9728K, 0% used [0x00000000eab00000,0x00000000eab00000,0x00000000eb480000)
  from space 2560K, 80% used [0x00000000eb700000,0x00000000eb901248,0x00000000eb980000)
  to   space 2560K, 0% used [0x00000000eb480000,0x00000000eb480000,0x00000000eb700000)
 ParOldGen       total 113664K, used 113197K [0x00000000c0000000, 0x00000000c6f00000, 0x00000000eab00000)
  object space 113664K, 99% used [0x00000000c0000000,0x00000000c6e8b418,0x00000000c6f00000)
 Metaspace       used 65761K, committed 67200K, reserved 1114112K
  class space    used 6819K, committed 7488K, reserved 1048576K
}
Event: 118.343 GC heap before
{Heap before GC invocations=74 (full 3):
 PSYoungGen      total 12288K, used 11780K [0x00000000eab00000, 0x00000000eb980000, 0x0000000100000000)
  eden space 9728K, 100% used [0x00000000eab00000,0x00000000eb480000,0x00000000eb480000)
  from space 2560K, 80% used [0x00000000eb700000,0x00000000eb901248,0x00000000eb980000)
  to   space 2560K, 0% used [0x00000000eb480000,0x00000000eb480000,0x00000000eb700000)
 ParOldGen       total 113664K, used 113197K [0x00000000c0000000, 0x00000000c6f00000, 0x00000000eab00000)
  object space 113664K, 99% used [0x00000000c0000000,0x00000000c6e8b418,0x00000000c6f00000)
 Metaspace       used 65913K, committed 67392K, reserved 1114112K
  class space    used 6835K, committed 7488K, reserved 1048576K
}
Event: 118.347 GC heap after
{Heap after GC invocations=74 (full 3):
 PSYoungGen      total 11264K, used 1259K [0x00000000eab00000, 0x00000000eb880000, 0x0000000100000000)
  eden space 9728K, 0% used [0x00000000eab00000,0x00000000eab00000,0x00000000eb480000)
  from space 1536K, 82% used [0x00000000eb480000,0x00000000eb5bae98,0x00000000eb600000)
  to   space 2048K, 0% used [0x00000000eb680000,0x00000000eb680000,0x00000000eb880000)
 ParOldGen       total 115200K, used 115094K [0x00000000c0000000, 0x00000000c7080000, 0x00000000eab00000)
  object space 115200K, 99% used [0x00000000c0000000,0x00000000c70658f0,0x00000000c7080000)
 Metaspace       used 65913K, committed 67392K, reserved 1114112K
  class space    used 6835K, committed 7488K, reserved 1048576K
}
Event: 119.777 GC heap before
{Heap before GC invocations=75 (full 3):
 PSYoungGen      total 11264K, used 10987K [0x00000000eab00000, 0x00000000eb880000, 0x0000000100000000)
  eden space 9728K, 100% used [0x00000000eab00000,0x00000000eb480000,0x00000000eb480000)
  from space 1536K, 82% used [0x00000000eb480000,0x00000000eb5bae98,0x00000000eb600000)
  to   space 2048K, 0% used [0x00000000eb680000,0x00000000eb680000,0x00000000eb880000)
 ParOldGen       total 115200K, used 115094K [0x00000000c0000000, 0x00000000c7080000, 0x00000000eab00000)
  object space 115200K, 99% used [0x00000000c0000000,0x00000000c70658f0,0x00000000c7080000)
 Metaspace       used 66006K, committed 67456K, reserved 1114112K
  class space    used 6849K, committed 7488K, reserved 1048576K
}
Event: 119.779 GC heap after
{Heap after GC invocations=75 (full 3):
 PSYoungGen      total 11264K, used 1988K [0x00000000eab00000, 0x00000000eb980000, 0x0000000100000000)
  eden space 9216K, 0% used [0x00000000eab00000,0x00000000eab00000,0x00000000eb400000)
  from space 2048K, 97% used [0x00000000eb680000,0x00000000eb8711e0,0x00000000eb880000)
  to   space 2560K, 0% used [0x00000000eb400000,0x00000000eb400000,0x00000000eb680000)
 ParOldGen       total 116224K, used 116154K [0x00000000c0000000, 0x00000000c7180000, 0x00000000eab00000)
  object space 116224K, 99% used [0x00000000c0000000,0x00000000c716ea58,0x00000000c7180000)
 Metaspace       used 66006K, committed 67456K, reserved 1114112K
  class space    used 6849K, committed 7488K, reserved 1048576K
}
Event: 121.088 GC heap before
{Heap before GC invocations=76 (full 3):
 PSYoungGen      total 11264K, used 11204K [0x00000000eab00000, 0x00000000eb980000, 0x0000000100000000)
  eden space 9216K, 100% used [0x00000000eab00000,0x00000000eb400000,0x00000000eb400000)
  from space 2048K, 97% used [0x00000000eb680000,0x00000000eb8711e0,0x00000000eb880000)
  to   space 2560K, 0% used [0x00000000eb400000,0x00000000eb400000,0x00000000eb680000)
 ParOldGen       total 116224K, used 116154K [0x00000000c0000000, 0x00000000c7180000, 0x00000000eab00000)
  object space 116224K, 99% used [0x00000000c0000000,0x00000000c716ea58,0x00000000c7180000)
 Metaspace       used 66687K, committed 68160K, reserved 1114112K
  class space    used 6917K, committed 7552K, reserved 1048576K
}
Event: 121.091 GC heap after
{Heap after GC invocations=76 (full 3):
 PSYoungGen      total 10240K, used 959K [0x00000000eab00000, 0x00000000eb700000, 0x0000000100000000)
  eden space 9216K, 0% used [0x00000000eab00000,0x00000000eab00000,0x00000000eb400000)
  from space 1024K, 93% used [0x00000000eb400000,0x00000000eb4efc18,0x00000000eb500000)
  to   space 1536K, 0% used [0x00000000eb580000,0x00000000eb580000,0x00000000eb700000)
 ParOldGen       total 118272K, used 117992K [0x00000000c0000000, 0x00000000c7380000, 0x00000000eab00000)
  object space 118272K, 99% used [0x00000000c0000000,0x00000000c733a058,0x00000000c7380000)
 Metaspace       used 66687K, committed 68160K, reserved 1114112K
  class space    used 6917K, committed 7552K, reserved 1048576K
}
Event: 121.739 GC heap before
{Heap before GC invocations=77 (full 3):
 PSYoungGen      total 10240K, used 10175K [0x00000000eab00000, 0x00000000eb700000, 0x0000000100000000)
  eden space 9216K, 100% used [0x00000000eab00000,0x00000000eb400000,0x00000000eb400000)
  from space 1024K, 93% used [0x00000000eb400000,0x00000000eb4efc18,0x00000000eb500000)
  to   space 1536K, 0% used [0x00000000eb580000,0x00000000eb580000,0x00000000eb700000)
 ParOldGen       total 118272K, used 117992K [0x00000000c0000000, 0x00000000c7380000, 0x00000000eab00000)
  object space 118272K, 99% used [0x00000000c0000000,0x00000000c733a058,0x00000000c7380000)
 Metaspace       used 67232K, committed 68608K, reserved 1114112K
  class space    used 6974K, committed 7616K, reserved 1048576K
}
Event: 121.741 GC heap after
{Heap after GC invocations=77 (full 3):
 PSYoungGen      total 10752K, used 1041K [0x00000000eab00000, 0x00000000eb700000, 0x0000000100000000)
  eden space 9216K, 0% used [0x00000000eab00000,0x00000000eab00000,0x00000000eb400000)
  from space 1536K, 67% used [0x00000000eb580000,0x00000000eb684430,0x00000000eb700000)
  to   space 1536K, 0% used [0x00000000eb400000,0x00000000eb400000,0x00000000eb580000)
 ParOldGen       total 119296K, used 118811K [0x00000000c0000000, 0x00000000c7480000, 0x00000000eab00000)
  object space 119296K, 99% used [0x00000000c0000000,0x00000000c7406c78,0x00000000c7480000)
 Metaspace       used 67232K, committed 68608K, reserved 1114112K
  class space    used 6974K, committed 7616K, reserved 1048576K
}
Event: 122.783 GC heap before
{Heap before GC invocations=78 (full 3):
 PSYoungGen      total 10752K, used 10257K [0x00000000eab00000, 0x00000000eb700000, 0x0000000100000000)
  eden space 9216K, 100% used [0x00000000eab00000,0x00000000eb400000,0x00000000eb400000)
  from space 1536K, 67% used [0x00000000eb580000,0x00000000eb684430,0x00000000eb700000)
  to   space 1536K, 0% used [0x00000000eb400000,0x00000000eb400000,0x00000000eb580000)
 ParOldGen       total 119296K, used 118811K [0x00000000c0000000, 0x00000000c7480000, 0x00000000eab00000)
  object space 119296K, 99% used [0x00000000c0000000,0x00000000c7406c78,0x00000000c7480000)
 Metaspace       used 67783K, committed 69248K, reserved 1114112K
  class space    used 7034K, committed 7680K, reserved 1048576K
}
Event: 122.785 GC heap after
{Heap after GC invocations=78 (full 3):
 PSYoungGen      total 10240K, used 844K [0x00000000eab00000, 0x00000000eb600000, 0x0000000100000000)
  eden space 9216K, 0% used [0x00000000eab00000,0x00000000eab00000,0x00000000eb400000)
  from space 1024K, 82% used [0x00000000eb400000,0x00000000eb4d3108,0x00000000eb500000)
  to   space 1024K, 0% used [0x00000000eb500000,0x00000000eb500000,0x00000000eb600000)
 ParOldGen       total 120320K, used 119808K [0x00000000c0000000, 0x00000000c7580000, 0x00000000eab00000)
  object space 120320K, 99% used [0x00000000c0000000,0x00000000c7500170,0x00000000c7580000)
 Metaspace       used 67783K, committed 69248K, reserved 1114112K
  class space    used 7034K, committed 7680K, reserved 1048576K
}
Event: 123.160 GC heap before
{Heap before GC invocations=79 (full 3):
 PSYoungGen      total 10240K, used 10031K [0x00000000eab00000, 0x00000000eb600000, 0x0000000100000000)
  eden space 9216K, 99% used [0x00000000eab00000,0x00000000eb3f8cb8,0x00000000eb400000)
  from space 1024K, 82% used [0x00000000eb400000,0x00000000eb4d3108,0x00000000eb500000)
  to   space 1024K, 0% used [0x00000000eb500000,0x00000000eb500000,0x00000000eb600000)
 ParOldGen       total 120320K, used 119808K [0x00000000c0000000, 0x00000000c7580000, 0x00000000eab00000)
  object space 120320K, 99% used [0x00000000c0000000,0x00000000c7500170,0x00000000c7580000)
 Metaspace       used 68033K, committed 69568K, reserved 1114112K
  class space    used 7076K, committed 7744K, reserved 1048576K
}
Event: 124.162 GC heap after
{Heap after GC invocations=79 (full 3):
 PSYoungGen      total 8192K, used 1014K [0x00000000eab00000, 0x00000000eba00000, 0x0000000100000000)
  eden space 7168K, 0% used [0x00000000eab00000,0x00000000eab00000,0x00000000eb200000)
  from space 1024K, 99% used [0x00000000eb500000,0x00000000eb5fd808,0x00000000eb600000)
  to   space 3072K, 0% used [0x00000000eb200000,0x00000000eb200000,0x00000000eb500000)
 ParOldGen       total 121344K, used 121169K [0x00000000c0000000, 0x00000000c7680000, 0x00000000eab00000)
  object space 121344K, 99% used [0x00000000c0000000,0x00000000c7654620,0x00000000c7680000)
 Metaspace       used 68033K, committed 69568K, reserved 1114112K
  class space    used 7076K, committed 7744K, reserved 1048576K
}

