# JRE version: OpenJDK Runtime Environment Temurin-21.0.7+6 (21.0.7+6) (build 21.0.7+6-LTS)
# Java VM: OpenJDK 64-Bit Server VM Temurin-21.0.7+6 (21.0.7+6-LTS, mixed mode, sharing, tiered, compressed oops, compressed class ptrs, parallel gc, windows-amd64)
GC Precious Log:
 CardTable entry size: 512
 CPUs: 8 total, 8 available
 Memory: 12167M
 Large Page Support: Disabled
 NUMA Support: Disabled
 Compressed Oops: Enabled (32-bit)
 Alignments: Space 512K, Generation 512K, Heap 2M
 Heap Min Capacity: 100M
 Heap Initial Capacity: 100M
 Heap Max Capacity: 2G
 Pre-touch: Disabled
 Parallel Workers: 8
Heap:
 PSYoungGen      total 5632K, used 2321K [0x00000000d5580000, 0x00000000d5d00000, 0x0000000100000000)
  eden space 4608K, 35% used [0x00000000d5580000,0x00000000d571c6f8,0x00000000d5a00000)
  from space 1024K, 65% used [0x00000000d5c00000,0x00000000d5ca8000,0x00000000d5d00000)
  to   space 1024K, 0% used [0x00000000d5b00000,0x00000000d5b00000,0x00000000d5c00000)
 ParOldGen       total 819712K, used 819278K [0x0000000080000000, 0x00000000b2080000, 0x00000000d5580000)
  object space 819712K, 99% used [0x0000000080000000,0x00000000b20138d0,0x00000000b2080000)
 Metaspace       used 71647K, committed 73280K, reserved 1179648K
  class space    used 7237K, committed 8000K, reserved 1048576K
GC Heap History (20 events):
Event: 149.167 GC heap before
{Heap before GC invocations=1266 (full 3):
 PSYoungGen      total 6144K, used 6119K [0x00000000d5580000, 0x00000000d6580000, 0x0000000100000000)
  eden space 4608K, 100% used [0x00000000d5580000,0x00000000d5a00000,0x00000000d5a00000)
  from space 1536K, 98% used [0x00000000d5e80000,0x00000000d5ff9e80,0x00000000d6000000)
  to   space 4608K, 0% used [0x00000000d5a00000,0x00000000d5a00000,0x00000000d5e80000)
 ParOldGen       total 809472K, used 809074K [0x0000000080000000, 0x00000000b1680000, 0x00000000d5580000)
  object space 809472K, 99% used [0x0000000080000000,0x00000000b161c888,0x00000000b1680000)
 Metaspace       used 70843K, committed 72576K, reserved 1114112K
  class space    used 7196K, committed 8000K, reserved 1048576K
}
Event: 149.172 GC heap after
{Heap after GC invocations=1266 (full 3):
 PSYoungGen      total 8704K, used 3738K [0x00000000d5580000, 0x00000000d6200000, 0x0000000100000000)
  eden space 4608K, 0% used [0x00000000d5580000,0x00000000d5580000,0x00000000d5a00000)
  from space 4096K, 91% used [0x00000000d5a00000,0x00000000d5da6a40,0x00000000d5e00000)
  to   space 4096K, 0% used [0x00000000d5e00000,0x00000000d5e00000,0x00000000d6200000)
 ParOldGen       total 811008K, used 810572K [0x0000000080000000, 0x00000000b1800000, 0x00000000d5580000)
  object space 811008K, 99% used [0x0000000080000000,0x00000000b1793348,0x00000000b1800000)
 Metaspace       used 70843K, committed 72576K, reserved 1114112K
  class space    used 7196K, committed 8000K, reserved 1048576K
}
Event: 173.329 GC heap before
{Heap before GC invocations=1267 (full 3):
 PSYoungGen      total 8704K, used 8346K [0x00000000d5580000, 0x00000000d6200000, 0x0000000100000000)
  eden space 4608K, 100% used [0x00000000d5580000,0x00000000d5a00000,0x00000000d5a00000)
  from space 4096K, 91% used [0x00000000d5a00000,0x00000000d5da6a40,0x00000000d5e00000)
  to   space 4096K, 0% used [0x00000000d5e00000,0x00000000d5e00000,0x00000000d6200000)
 ParOldGen       total 811008K, used 810572K [0x0000000080000000, 0x00000000b1800000, 0x00000000d5580000)
  object space 811008K, 99% used [0x0000000080000000,0x00000000b1793348,0x00000000b1800000)
 Metaspace       used 70849K, committed 72576K, reserved 1114112K
  class space    used 7196K, committed 8000K, reserved 1048576K
}
Event: 173.333 GC heap after
{Heap after GC invocations=1267 (full 3):
 PSYoungGen      total 6656K, used 1716K [0x00000000d5580000, 0x00000000d6000000, 0x0000000100000000)
  eden space 4608K, 0% used [0x00000000d5580000,0x00000000d5580000,0x00000000d5a00000)
  from space 2048K, 83% used [0x00000000d5e00000,0x00000000d5fad220,0x00000000d6000000)
  to   space 2560K, 0% used [0x00000000d5b00000,0x00000000d5b00000,0x00000000d5d80000)
 ParOldGen       total 814592K, used 814206K [0x0000000080000000, 0x00000000b1b80000, 0x00000000d5580000)
  object space 814592K, 99% used [0x0000000080000000,0x00000000b1b1fa00,0x00000000b1b80000)
 Metaspace       used 70849K, committed 72576K, reserved 1114112K
  class space    used 7196K, committed 8000K, reserved 1048576K
}
Event: 173.364 GC heap before
{Heap before GC invocations=1268 (full 3):
 PSYoungGen      total 6656K, used 6324K [0x00000000d5580000, 0x00000000d6000000, 0x0000000100000000)
  eden space 4608K, 100% used [0x00000000d5580000,0x00000000d5a00000,0x00000000d5a00000)
  from space 2048K, 83% used [0x00000000d5e00000,0x00000000d5fad220,0x00000000d6000000)
  to   space 2560K, 0% used [0x00000000d5b00000,0x00000000d5b00000,0x00000000d5d80000)
 ParOldGen       total 814592K, used 814206K [0x0000000080000000, 0x00000000b1b80000, 0x00000000d5580000)
  object space 814592K, 99% used [0x0000000080000000,0x00000000b1b1fa00,0x00000000b1b80000)
 Metaspace       used 70910K, committed 72576K, reserved 1114112K
  class space    used 7196K, committed 8000K, reserved 1048576K
}
Event: 173.368 GC heap after
{Heap after GC invocations=1268 (full 3):
 PSYoungGen      total 5632K, used 768K [0x00000000d5580000, 0x00000000d5e80000, 0x0000000100000000)
  eden space 4608K, 0% used [0x00000000d5580000,0x00000000d5580000,0x00000000d5a00000)
  from space 1024K, 75% used [0x00000000d5b00000,0x00000000d5bc0000,0x00000000d5c00000)
  to   space 1536K, 0% used [0x00000000d5d00000,0x00000000d5d00000,0x00000000d5e80000)
 ParOldGen       total 816128K, used 815803K [0x0000000080000000, 0x00000000b1d00000, 0x00000000d5580000)
  object space 816128K, 99% used [0x0000000080000000,0x00000000b1caee30,0x00000000b1d00000)
 Metaspace       used 70910K, committed 72576K, reserved 1114112K
  class space    used 7196K, committed 8000K, reserved 1048576K
}
Event: 178.399 GC heap before
{Heap before GC invocations=1269 (full 3):
 PSYoungGen      total 5632K, used 5376K [0x00000000d5580000, 0x00000000d5e80000, 0x0000000100000000)
  eden space 4608K, 100% used [0x00000000d5580000,0x00000000d5a00000,0x00000000d5a00000)
  from space 1024K, 75% used [0x00000000d5b00000,0x00000000d5bc0000,0x00000000d5c00000)
  to   space 1536K, 0% used [0x00000000d5d00000,0x00000000d5d00000,0x00000000d5e80000)
 ParOldGen       total 816128K, used 815803K [0x0000000080000000, 0x00000000b1d00000, 0x00000000d5580000)
  object space 816128K, 99% used [0x0000000080000000,0x00000000b1caee30,0x00000000b1d00000)
 Metaspace       used 70942K, committed 72640K, reserved 1114112K
  class space    used 7196K, committed 8000K, reserved 1048576K
}
Event: 178.403 GC heap after
{Heap after GC invocations=1269 (full 3):
 PSYoungGen      total 5120K, used 378K [0x00000000d5580000, 0x00000000d5d80000, 0x0000000100000000)
  eden space 4608K, 0% used [0x00000000d5580000,0x00000000d5580000,0x00000000d5a00000)
  from space 512K, 73% used [0x00000000d5d00000,0x00000000d5d5e900,0x00000000d5d80000)
  to   space 1024K, 0% used [0x00000000d5b80000,0x00000000d5b80000,0x00000000d5c80000)
 ParOldGen       total 816640K, used 816427K [0x0000000080000000, 0x00000000b1d80000, 0x00000000d5580000)
  object space 816640K, 99% used [0x0000000080000000,0x00000000b1d4ae50,0x00000000b1d80000)
 Metaspace       used 70942K, committed 72640K, reserved 1114112K
  class space    used 7196K, committed 8000K, reserved 1048576K
}
Event: 209.085 GC heap before
{Heap before GC invocations=1270 (full 3):
 PSYoungGen      total 5120K, used 4986K [0x00000000d5580000, 0x00000000d5d80000, 0x0000000100000000)
  eden space 4608K, 100% used [0x00000000d5580000,0x00000000d5a00000,0x00000000d5a00000)
  from space 512K, 73% used [0x00000000d5d00000,0x00000000d5d5e900,0x00000000d5d80000)
  to   space 1024K, 0% used [0x00000000d5b80000,0x00000000d5b80000,0x00000000d5c80000)
 ParOldGen       total 816640K, used 816427K [0x0000000080000000, 0x00000000b1d80000, 0x00000000d5580000)
  object space 816640K, 99% used [0x0000000080000000,0x00000000b1d4ae50,0x00000000b1d80000)
 Metaspace       used 71034K, committed 72704K, reserved 1114112K
  class space    used 7198K, committed 8000K, reserved 1048576K
}
Event: 209.089 GC heap after
{Heap after GC invocations=1270 (full 3):
 PSYoungGen      total 5632K, used 640K [0x00000000d5580000, 0x00000000d5d80000, 0x0000000100000000)
  eden space 4608K, 0% used [0x00000000d5580000,0x00000000d5580000,0x00000000d5a00000)
  from space 1024K, 62% used [0x00000000d5b80000,0x00000000d5c20000,0x00000000d5c80000)
  to   space 1024K, 0% used [0x00000000d5c80000,0x00000000d5c80000,0x00000000d5d80000)
 ParOldGen       total 817152K, used 816656K [0x0000000080000000, 0x00000000b1e00000, 0x00000000d5580000)
  object space 817152K, 99% used [0x0000000080000000,0x00000000b1d84080,0x00000000b1e00000)
 Metaspace       used 71034K, committed 72704K, reserved 1114112K
  class space    used 7198K, committed 8000K, reserved 1048576K
}
Event: 841.181 GC heap before
{Heap before GC invocations=1271 (full 3):
 PSYoungGen      total 5632K, used 5248K [0x00000000d5580000, 0x00000000d5d80000, 0x0000000100000000)
  eden space 4608K, 100% used [0x00000000d5580000,0x00000000d5a00000,0x00000000d5a00000)
  from space 1024K, 62% used [0x00000000d5b80000,0x00000000d5c20000,0x00000000d5c80000)
  to   space 1024K, 0% used [0x00000000d5c80000,0x00000000d5c80000,0x00000000d5d80000)
 ParOldGen       total 817152K, used 816656K [0x0000000080000000, 0x00000000b1e00000, 0x00000000d5580000)
  object space 817152K, 99% used [0x0000000080000000,0x00000000b1d84080,0x00000000b1e00000)
 Metaspace       used 71320K, committed 73024K, reserved 1114112K
  class space    used 7225K, committed 8000K, reserved 1048576K
}
Event: 841.553 GC heap after
{Heap after GC invocations=1271 (full 3):
 PSYoungGen      total 5120K, used 436K [0x00000000d5580000, 0x00000000d5d00000, 0x0000000100000000)
  eden space 4608K, 0% used [0x00000000d5580000,0x00000000d5580000,0x00000000d5a00000)
  from space 512K, 85% used [0x00000000d5c80000,0x00000000d5ced220,0x00000000d5d00000)
  to   space 512K, 0% used [0x00000000d5c00000,0x00000000d5c00000,0x00000000d5c80000)
 ParOldGen       total 817664K, used 817222K [0x0000000080000000, 0x00000000b1e80000, 0x00000000d5580000)
  object space 817664K, 99% used [0x0000000080000000,0x00000000b1e11800,0x00000000b1e80000)
 Metaspace       used 71320K, committed 73024K, reserved 1114112K
  class space    used 7225K, committed 8000K, reserved 1048576K
}
Event: 841.780 GC heap before
{Heap before GC invocations=1272 (full 3):
 PSYoungGen      total 5120K, used 5044K [0x00000000d5580000, 0x00000000d5d00000, 0x0000000100000000)
  eden space 4608K, 100% used [0x00000000d5580000,0x00000000d5a00000,0x00000000d5a00000)
  from space 512K, 85% used [0x00000000d5c80000,0x00000000d5ced220,0x00000000d5d00000)
  to   space 512K, 0% used [0x00000000d5c00000,0x00000000d5c00000,0x00000000d5c80000)
 ParOldGen       total 817664K, used 817222K [0x0000000080000000, 0x00000000b1e80000, 0x00000000d5580000)
  object space 817664K, 99% used [0x0000000080000000,0x00000000b1e11800,0x00000000b1e80000)
 Metaspace       used 71372K, committed 73024K, reserved 1114112K
  class space    used 7225K, committed 8000K, reserved 1048576K
}
Event: 841.785 GC heap after
{Heap after GC invocations=1272 (full 3):
 PSYoungGen      total 5120K, used 512K [0x00000000d5580000, 0x00000000d5d00000, 0x0000000100000000)
  eden space 4608K, 0% used [0x00000000d5580000,0x00000000d5580000,0x00000000d5a00000)
  from space 512K, 100% used [0x00000000d5c00000,0x00000000d5c80000,0x00000000d5c80000)
  to   space 512K, 0% used [0x00000000d5c80000,0x00000000d5c80000,0x00000000d5d00000)
 ParOldGen       total 818176K, used 817835K [0x0000000080000000, 0x00000000b1f00000, 0x00000000d5580000)
  object space 818176K, 99% used [0x0000000080000000,0x00000000b1eaaee0,0x00000000b1f00000)
 Metaspace       used 71372K, committed 73024K, reserved 1114112K
  class space    used 7225K, committed 8000K, reserved 1048576K
}
Event: 843.571 GC heap before
{Heap before GC invocations=1273 (full 3):
 PSYoungGen      total 5120K, used 5120K [0x00000000d5580000, 0x00000000d5d00000, 0x0000000100000000)
  eden space 4608K, 100% used [0x00000000d5580000,0x00000000d5a00000,0x00000000d5a00000)
  from space 512K, 100% used [0x00000000d5c00000,0x00000000d5c80000,0x00000000d5c80000)
  to   space 512K, 0% used [0x00000000d5c80000,0x00000000d5c80000,0x00000000d5d00000)
 ParOldGen       total 818176K, used 817835K [0x0000000080000000, 0x00000000b1f00000, 0x00000000d5580000)
  object space 818176K, 99% used [0x0000000080000000,0x00000000b1eaaee0,0x00000000b1f00000)
 Metaspace       used 71385K, committed 73088K, reserved 1114112K
  class space    used 7225K, committed 8000K, reserved 1048576K
}
Event: 843.579 GC heap after
{Heap after GC invocations=1273 (full 3):
 PSYoungGen      total 5120K, used 512K [0x00000000d5580000, 0x00000000d5d00000, 0x0000000100000000)
  eden space 4608K, 0% used [0x00000000d5580000,0x00000000d5580000,0x00000000d5a00000)
  from space 512K, 100% used [0x00000000d5c80000,0x00000000d5d00000,0x00000000d5d00000)
  to   space 1536K, 0% used [0x00000000d5a00000,0x00000000d5a00000,0x00000000d5b80000)
 ParOldGen       total 818688K, used 818521K [0x0000000080000000, 0x00000000b1f80000, 0x00000000d5580000)
  object space 818688K, 99% used [0x0000000080000000,0x00000000b1f56680,0x00000000b1f80000)
 Metaspace       used 71385K, committed 73088K, reserved 1114112K
  class space    used 7225K, committed 8000K, reserved 1048576K
}
Event: 844.497 GC heap before
{Heap before GC invocations=1274 (full 3):
 PSYoungGen      total 5120K, used 5119K [0x00000000d5580000, 0x00000000d5d00000, 0x0000000100000000)
  eden space 4608K, 99% used [0x00000000d5580000,0x00000000d59ffff0,0x00000000d5a00000)
  from space 512K, 100% used [0x00000000d5c80000,0x00000000d5d00000,0x00000000d5d00000)
  to   space 1536K, 0% used [0x00000000d5a00000,0x00000000d5a00000,0x00000000d5b80000)
 ParOldGen       total 818688K, used 818521K [0x0000000080000000, 0x00000000b1f80000, 0x00000000d5580000)
  object space 818688K, 99% used [0x0000000080000000,0x00000000b1f56680,0x00000000b1f80000)
 Metaspace       used 71459K, committed 73152K, reserved 1179648K
  class space    used 7231K, committed 8000K, reserved 1048576K
}
Event: 844.511 GC heap after
{Heap after GC invocations=1274 (full 3):
 PSYoungGen      total 6144K, used 500K [0x00000000d5580000, 0x00000000d5d00000, 0x0000000100000000)
  eden space 4608K, 0% used [0x00000000d5580000,0x00000000d5580000,0x00000000d5a00000)
  from space 1536K, 32% used [0x00000000d5a00000,0x00000000d5a7d220,0x00000000d5b80000)
  to   space 1024K, 0% used [0x00000000d5c00000,0x00000000d5c00000,0x00000000d5d00000)
 ParOldGen       total 819200K, used 818977K [0x0000000080000000, 0x00000000b2000000, 0x00000000d5580000)
  object space 819200K, 99% used [0x0000000080000000,0x00000000b1fc8680,0x00000000b2000000)
 Metaspace       used 71459K, committed 73152K, reserved 1179648K
  class space    used 7231K, committed 8000K, reserved 1048576K
}
Event: 844.712 GC heap before
{Heap before GC invocations=1275 (full 3):
 PSYoungGen      total 6144K, used 5108K [0x00000000d5580000, 0x00000000d5d00000, 0x0000000100000000)
  eden space 4608K, 100% used [0x00000000d5580000,0x00000000d5a00000,0x00000000d5a00000)
  from space 1536K, 32% used [0x00000000d5a00000,0x00000000d5a7d220,0x00000000d5b80000)
  to   space 1024K, 0% used [0x00000000d5c00000,0x00000000d5c00000,0x00000000d5d00000)
 ParOldGen       total 819200K, used 818977K [0x0000000080000000, 0x00000000b2000000, 0x00000000d5580000)
  object space 819200K, 99% used [0x0000000080000000,0x00000000b1fc8680,0x00000000b2000000)
 Metaspace       used 71601K, committed 73216K, reserved 1179648K
  class space    used 7236K, committed 8000K, reserved 1048576K
}
Event: 844.717 GC heap after
{Heap after GC invocations=1275 (full 3):
 PSYoungGen      total 5632K, used 672K [0x00000000d5580000, 0x00000000d5d00000, 0x0000000100000000)
  eden space 4608K, 0% used [0x00000000d5580000,0x00000000d5580000,0x00000000d5a00000)
  from space 1024K, 65% used [0x00000000d5c00000,0x00000000d5ca8000,0x00000000d5d00000)
  to   space 1024K, 0% used [0x00000000d5b00000,0x00000000d5b00000,0x00000000d5c00000)
 ParOldGen       total 819712K, used 819278K [0x0000000080000000, 0x00000000b2080000, 0x00000000d5580000)
  object space 819712K, 99% used [0x0000000080000000,0x00000000b20138d0,0x00000000b2080000)
 Metaspace       used 71601K, committed 73216K, reserved 1179648K
  class space    used 7236K, committed 8000K, reserved 1048576K
}

