# JRE version: OpenJDK Runtime Environment Temurin-21.0.7+6 (21.0.7+6) (build 21.0.7+6-LTS)
# Java VM: OpenJDK 64-Bit Server VM Temurin-21.0.7+6 (21.0.7+6-LTS, mixed mode, sharing, tiered, compressed oops, compressed class ptrs, parallel gc, windows-amd64)
GC Precious Log:
 CardTable entry size: 512
 CPUs: 8 total, 8 available
 Memory: 12167M
 Large Page Support: Disabled
 NUMA Support: Disabled
 Compressed Oops: Enabled (32-bit)
 Alignments: Space 512K, Generation 512K, Heap 2M
 Heap Min Capacity: 100M
 Heap Initial Capacity: 100M
 Heap Max Capacity: 2G
 Pre-touch: Disabled
 Parallel Workers: 8
Heap:
 PSYoungGen      total 24064K, used 6522K [0x00000000d5580000, 0x00000000d7280000, 0x0000000100000000)
  eden space 22016K, 22% used [0x00000000d5580000,0x00000000d5a56978,0x00000000d6b00000)
  from space 2048K, 76% used [0x00000000d7080000,0x00000000d7208000,0x00000000d7280000)
  to   space 3072K, 0% used [0x00000000d6c80000,0x00000000d6c80000,0x00000000d6f80000)
 ParOldGen       total 68608K, used 22867K [0x0000000080000000, 0x0000000084300000, 0x00000000d5580000)
  object space 68608K, 33% used [0x0000000080000000,0x0000000081654db8,0x0000000084300000)
 Metaspace       used 43599K, committed 44800K, reserved 1114112K
  class space    used 4578K, committed 5056K, reserved 1048576K
GC Heap History (20 events):
Event: 37.309 GC heap before
{Heap before GC invocations=9 (full 1):
 PSYoungGen      total 29184K, used 24576K [0x00000000d5580000, 0x00000000d7680000, 0x0000000100000000)
  eden space 24576K, 100% used [0x00000000d5580000,0x00000000d6d80000,0x00000000d6d80000)
  from space 4608K, 0% used [0x00000000d6e80000,0x00000000d6e80000,0x00000000d7300000)
  to   space 3584K, 0% used [0x00000000d7300000,0x00000000d7300000,0x00000000d7680000)
 ParOldGen       total 68608K, used 12801K [0x0000000080000000, 0x0000000084300000, 0x00000000d5580000)
  object space 68608K, 18% used [0x0000000080000000,0x0000000080c80418,0x0000000084300000)
 Metaspace       used 22539K, committed 23488K, reserved 1114112K
  class space    used 2282K, committed 2688K, reserved 1048576K
}
Event: 37.310 GC heap after
{Heap after GC invocations=9 (full 1):
 PSYoungGen      total 26112K, used 1603K [0x00000000d5580000, 0x00000000d7500000, 0x0000000100000000)
  eden space 24064K, 0% used [0x00000000d5580000,0x00000000d5580000,0x00000000d6d00000)
  from space 2048K, 78% used [0x00000000d7300000,0x00000000d7490cb8,0x00000000d7500000)
  to   space 3072K, 0% used [0x00000000d6f00000,0x00000000d6f00000,0x00000000d7200000)
 ParOldGen       total 68608K, used 12809K [0x0000000080000000, 0x0000000084300000, 0x00000000d5580000)
  object space 68608K, 18% used [0x0000000080000000,0x0000000080c82418,0x0000000084300000)
 Metaspace       used 22539K, committed 23488K, reserved 1114112K
  class space    used 2282K, committed 2688K, reserved 1048576K
}
Event: 38.559 GC heap before
{Heap before GC invocations=10 (full 1):
 PSYoungGen      total 26112K, used 25667K [0x00000000d5580000, 0x00000000d7500000, 0x0000000100000000)
  eden space 24064K, 100% used [0x00000000d5580000,0x00000000d6d00000,0x00000000d6d00000)
  from space 2048K, 78% used [0x00000000d7300000,0x00000000d7490cb8,0x00000000d7500000)
  to   space 3072K, 0% used [0x00000000d6f00000,0x00000000d6f00000,0x00000000d7200000)
 ParOldGen       total 68608K, used 12818K [0x0000000080000000, 0x0000000084300000, 0x00000000d5580000)
  object space 68608K, 18% used [0x0000000080000000,0x0000000080c84a90,0x0000000084300000)
 Metaspace       used 26252K, committed 27200K, reserved 1114112K
  class space    used 2600K, committed 3008K, reserved 1048576K
}
Event: 38.565 GC heap after
{Heap after GC invocations=10 (full 1):
 PSYoungGen      total 26112K, used 1771K [0x00000000d5580000, 0x00000000d7380000, 0x0000000100000000)
  eden space 24064K, 0% used [0x00000000d5580000,0x00000000d5580000,0x00000000d6d00000)
  from space 2048K, 86% used [0x00000000d6f00000,0x00000000d70bac68,0x00000000d7100000)
  to   space 2048K, 0% used [0x00000000d7180000,0x00000000d7180000,0x00000000d7380000)
 ParOldGen       total 68608K, used 12826K [0x0000000080000000, 0x0000000084300000, 0x00000000d5580000)
  object space 68608K, 18% used [0x0000000080000000,0x0000000080c86a90,0x0000000084300000)
 Metaspace       used 26252K, committed 27200K, reserved 1114112K
  class space    used 2600K, committed 3008K, reserved 1048576K
}
Event: 40.090 GC heap before
{Heap before GC invocations=11 (full 1):
 PSYoungGen      total 26112K, used 25835K [0x00000000d5580000, 0x00000000d7380000, 0x0000000100000000)
  eden space 24064K, 100% used [0x00000000d5580000,0x00000000d6d00000,0x00000000d6d00000)
  from space 2048K, 86% used [0x00000000d6f00000,0x00000000d70bac68,0x00000000d7100000)
  to   space 2048K, 0% used [0x00000000d7180000,0x00000000d7180000,0x00000000d7380000)
 ParOldGen       total 68608K, used 12836K [0x0000000080000000, 0x0000000084300000, 0x00000000d5580000)
  object space 68608K, 18% used [0x0000000080000000,0x0000000080c89128,0x0000000084300000)
 Metaspace       used 29248K, committed 30208K, reserved 1114112K
  class space    used 2893K, committed 3328K, reserved 1048576K
}
Event: 40.094 GC heap after
{Heap after GC invocations=11 (full 1):
 PSYoungGen      total 25600K, used 2033K [0x00000000d5580000, 0x00000000d7480000, 0x0000000100000000)
  eden space 23552K, 0% used [0x00000000d5580000,0x00000000d5580000,0x00000000d6c80000)
  from space 2048K, 99% used [0x00000000d7180000,0x00000000d737c658,0x00000000d7380000)
  to   space 4096K, 0% used [0x00000000d6c80000,0x00000000d6c80000,0x00000000d7080000)
 ParOldGen       total 68608K, used 14500K [0x0000000080000000, 0x0000000084300000, 0x00000000d5580000)
  object space 68608K, 21% used [0x0000000080000000,0x0000000080e29358,0x0000000084300000)
 Metaspace       used 29248K, committed 30208K, reserved 1114112K
  class space    used 2893K, committed 3328K, reserved 1048576K
}
Event: 40.770 GC heap before
{Heap before GC invocations=12 (full 1):
 PSYoungGen      total 25600K, used 25585K [0x00000000d5580000, 0x00000000d7480000, 0x0000000100000000)
  eden space 23552K, 100% used [0x00000000d5580000,0x00000000d6c80000,0x00000000d6c80000)
  from space 2048K, 99% used [0x00000000d7180000,0x00000000d737c658,0x00000000d7380000)
  to   space 4096K, 0% used [0x00000000d6c80000,0x00000000d6c80000,0x00000000d7080000)
 ParOldGen       total 68608K, used 14500K [0x0000000080000000, 0x0000000084300000, 0x00000000d5580000)
  object space 68608K, 21% used [0x0000000080000000,0x0000000080e29358,0x0000000084300000)
 Metaspace       used 30254K, committed 31232K, reserved 1114112K
  class space    used 3010K, committed 3456K, reserved 1048576K
}
Event: 40.773 GC heap after
{Heap after GC invocations=12 (full 1):
 PSYoungGen      total 24064K, used 813K [0x00000000d5580000, 0x00000000d7200000, 0x0000000100000000)
  eden space 23040K, 0% used [0x00000000d5580000,0x00000000d5580000,0x00000000d6c00000)
  from space 1024K, 79% used [0x00000000d6c80000,0x00000000d6d4b670,0x00000000d6d80000)
  to   space 2048K, 0% used [0x00000000d7000000,0x00000000d7000000,0x00000000d7200000)
 ParOldGen       total 68608K, used 16371K [0x0000000080000000, 0x0000000084300000, 0x00000000d5580000)
  object space 68608K, 23% used [0x0000000080000000,0x0000000080ffcec8,0x0000000084300000)
 Metaspace       used 30254K, committed 31232K, reserved 1114112K
  class space    used 3010K, committed 3456K, reserved 1048576K
}
Event: 46.362 GC heap before
{Heap before GC invocations=13 (full 1):
 PSYoungGen      total 24064K, used 23853K [0x00000000d5580000, 0x00000000d7200000, 0x0000000100000000)
  eden space 23040K, 100% used [0x00000000d5580000,0x00000000d6c00000,0x00000000d6c00000)
  from space 1024K, 79% used [0x00000000d6c80000,0x00000000d6d4b670,0x00000000d6d80000)
  to   space 2048K, 0% used [0x00000000d7000000,0x00000000d7000000,0x00000000d7200000)
 ParOldGen       total 68608K, used 16371K [0x0000000080000000, 0x0000000084300000, 0x00000000d5580000)
  object space 68608K, 23% used [0x0000000080000000,0x0000000080ffcec8,0x0000000084300000)
 Metaspace       used 32309K, committed 33344K, reserved 1114112K
  class space    used 3241K, committed 3648K, reserved 1048576K
}
Event: 46.364 GC heap after
{Heap after GC invocations=13 (full 1):
 PSYoungGen      total 24064K, used 1056K [0x00000000d5580000, 0x00000000d7180000, 0x0000000100000000)
  eden space 22528K, 0% used [0x00000000d5580000,0x00000000d5580000,0x00000000d6b80000)
  from space 1536K, 68% used [0x00000000d7000000,0x00000000d7108370,0x00000000d7180000)
  to   space 1536K, 0% used [0x00000000d6e80000,0x00000000d6e80000,0x00000000d7000000)
 ParOldGen       total 68608K, used 16891K [0x0000000080000000, 0x0000000084300000, 0x00000000d5580000)
  object space 68608K, 24% used [0x0000000080000000,0x000000008107ef08,0x0000000084300000)
 Metaspace       used 32309K, committed 33344K, reserved 1114112K
  class space    used 3241K, committed 3648K, reserved 1048576K
}
Event: 46.903 GC heap before
{Heap before GC invocations=14 (full 1):
 PSYoungGen      total 24064K, used 18466K [0x00000000d5580000, 0x00000000d7180000, 0x0000000100000000)
  eden space 22528K, 77% used [0x00000000d5580000,0x00000000d6680560,0x00000000d6b80000)
  from space 1536K, 68% used [0x00000000d7000000,0x00000000d7108370,0x00000000d7180000)
  to   space 1536K, 0% used [0x00000000d6e80000,0x00000000d6e80000,0x00000000d7000000)
 ParOldGen       total 68608K, used 16891K [0x0000000080000000, 0x0000000084300000, 0x00000000d5580000)
  object space 68608K, 24% used [0x0000000080000000,0x000000008107ef08,0x0000000084300000)
 Metaspace       used 34777K, committed 35840K, reserved 1114112K
  class space    used 3522K, committed 3968K, reserved 1048576K
}
Event: 46.907 GC heap after
{Heap after GC invocations=14 (full 1):
 PSYoungGen      total 23552K, used 970K [0x00000000d5580000, 0x00000000d7080000, 0x0000000100000000)
  eden space 22528K, 0% used [0x00000000d5580000,0x00000000d5580000,0x00000000d6b80000)
  from space 1024K, 94% used [0x00000000d6e80000,0x00000000d6f728e0,0x00000000d6f80000)
  to   space 1024K, 0% used [0x00000000d6f80000,0x00000000d6f80000,0x00000000d7080000)
 ParOldGen       total 68608K, used 17736K [0x0000000080000000, 0x0000000084300000, 0x00000000d5580000)
  object space 68608K, 25% used [0x0000000080000000,0x00000000811521a8,0x0000000084300000)
 Metaspace       used 34777K, committed 35840K, reserved 1114112K
  class space    used 3522K, committed 3968K, reserved 1048576K
}
Event: 46.907 GC heap before
{Heap before GC invocations=15 (full 2):
 PSYoungGen      total 23552K, used 970K [0x00000000d5580000, 0x00000000d7080000, 0x0000000100000000)
  eden space 22528K, 0% used [0x00000000d5580000,0x00000000d5580000,0x00000000d6b80000)
  from space 1024K, 94% used [0x00000000d6e80000,0x00000000d6f728e0,0x00000000d6f80000)
  to   space 1024K, 0% used [0x00000000d6f80000,0x00000000d6f80000,0x00000000d7080000)
 ParOldGen       total 68608K, used 17736K [0x0000000080000000, 0x0000000084300000, 0x00000000d5580000)
  object space 68608K, 25% used [0x0000000080000000,0x00000000811521a8,0x0000000084300000)
 Metaspace       used 34777K, committed 35840K, reserved 1114112K
  class space    used 3522K, committed 3968K, reserved 1048576K
}
Event: 46.961 GC heap after
{Heap after GC invocations=15 (full 2):
 PSYoungGen      total 23552K, used 0K [0x00000000d5580000, 0x00000000d7080000, 0x0000000100000000)
  eden space 22528K, 0% used [0x00000000d5580000,0x00000000d5580000,0x00000000d6b80000)
  from space 1024K, 0% used [0x00000000d6e80000,0x00000000d6e80000,0x00000000d6f80000)
  to   space 1024K, 0% used [0x00000000d6f80000,0x00000000d6f80000,0x00000000d7080000)
 ParOldGen       total 68608K, used 18028K [0x0000000080000000, 0x0000000084300000, 0x00000000d5580000)
  object space 68608K, 26% used [0x0000000080000000,0x000000008119b208,0x0000000084300000)
 Metaspace       used 34777K, committed 35840K, reserved 1114112K
  class space    used 3522K, committed 3968K, reserved 1048576K
}
Event: 47.675 GC heap before
{Heap before GC invocations=16 (full 2):
 PSYoungGen      total 23552K, used 22526K [0x00000000d5580000, 0x00000000d7080000, 0x0000000100000000)
  eden space 22528K, 99% used [0x00000000d5580000,0x00000000d6b7fa10,0x00000000d6b80000)
  from space 1024K, 0% used [0x00000000d6e80000,0x00000000d6e80000,0x00000000d6f80000)
  to   space 1024K, 0% used [0x00000000d6f80000,0x00000000d6f80000,0x00000000d7080000)
 ParOldGen       total 68608K, used 18028K [0x0000000080000000, 0x0000000084300000, 0x00000000d5580000)
  object space 68608K, 26% used [0x0000000080000000,0x000000008119b208,0x0000000084300000)
 Metaspace       used 37583K, committed 38720K, reserved 1114112K
  class space    used 3858K, committed 4288K, reserved 1048576K
}
Event: 47.678 GC heap after
{Heap after GC invocations=16 (full 2):
 PSYoungGen      total 23040K, used 1010K [0x00000000d5580000, 0x00000000d7080000, 0x0000000100000000)
  eden space 22016K, 0% used [0x00000000d5580000,0x00000000d5580000,0x00000000d6b00000)
  from space 1024K, 98% used [0x00000000d6f80000,0x00000000d707c9d8,0x00000000d7080000)
  to   space 2048K, 0% used [0x00000000d6c80000,0x00000000d6c80000,0x00000000d6e80000)
 ParOldGen       total 68608K, used 18598K [0x0000000080000000, 0x0000000084300000, 0x00000000d5580000)
  object space 68608K, 27% used [0x0000000080000000,0x0000000081229af0,0x0000000084300000)
 Metaspace       used 37583K, committed 38720K, reserved 1114112K
  class space    used 3858K, committed 4288K, reserved 1048576K
}
Event: 48.506 GC heap before
{Heap before GC invocations=17 (full 2):
 PSYoungGen      total 23040K, used 23026K [0x00000000d5580000, 0x00000000d7080000, 0x0000000100000000)
  eden space 22016K, 100% used [0x00000000d5580000,0x00000000d6b00000,0x00000000d6b00000)
  from space 1024K, 98% used [0x00000000d6f80000,0x00000000d707c9d8,0x00000000d7080000)
  to   space 2048K, 0% used [0x00000000d6c80000,0x00000000d6c80000,0x00000000d6e80000)
 ParOldGen       total 68608K, used 18598K [0x0000000080000000, 0x0000000084300000, 0x00000000d5580000)
  object space 68608K, 27% used [0x0000000080000000,0x0000000081229af0,0x0000000084300000)
 Metaspace       used 40146K, committed 41408K, reserved 1114112K
  class space    used 4150K, committed 4672K, reserved 1048576K
}
Event: 48.510 GC heap after
{Heap after GC invocations=17 (full 2):
 PSYoungGen      total 24064K, used 2024K [0x00000000d5580000, 0x00000000d7600000, 0x0000000100000000)
  eden space 22016K, 0% used [0x00000000d5580000,0x00000000d5580000,0x00000000d6b00000)
  from space 2048K, 98% used [0x00000000d6c80000,0x00000000d6e7a100,0x00000000d6e80000)
  to   space 5632K, 0% used [0x00000000d7080000,0x00000000d7080000,0x00000000d7600000)
 ParOldGen       total 68608K, used 21515K [0x0000000080000000, 0x0000000084300000, 0x00000000d5580000)
  object space 68608K, 31% used [0x0000000080000000,0x0000000081502dc0,0x0000000084300000)
 Metaspace       used 40146K, committed 41408K, reserved 1114112K
  class space    used 4150K, committed 4672K, reserved 1048576K
}
Event: 49.218 GC heap before
{Heap before GC invocations=18 (full 2):
 PSYoungGen      total 24064K, used 24040K [0x00000000d5580000, 0x00000000d7600000, 0x0000000100000000)
  eden space 22016K, 100% used [0x00000000d5580000,0x00000000d6b00000,0x00000000d6b00000)
  from space 2048K, 98% used [0x00000000d6c80000,0x00000000d6e7a100,0x00000000d6e80000)
  to   space 5632K, 0% used [0x00000000d7080000,0x00000000d7080000,0x00000000d7600000)
 ParOldGen       total 68608K, used 21515K [0x0000000080000000, 0x0000000084300000, 0x00000000d5580000)
  object space 68608K, 31% used [0x0000000080000000,0x0000000081502dc0,0x0000000084300000)
 Metaspace       used 43186K, committed 44416K, reserved 1114112K
  class space    used 4525K, committed 5056K, reserved 1048576K
}
Event: 49.224 GC heap after
{Heap after GC invocations=18 (full 2):
 PSYoungGen      total 24064K, used 1568K [0x00000000d5580000, 0x00000000d7280000, 0x0000000100000000)
  eden space 22016K, 0% used [0x00000000d5580000,0x00000000d5580000,0x00000000d6b00000)
  from space 2048K, 76% used [0x00000000d7080000,0x00000000d7208000,0x00000000d7280000)
  to   space 3072K, 0% used [0x00000000d6c80000,0x00000000d6c80000,0x00000000d6f80000)
 ParOldGen       total 68608K, used 22867K [0x0000000080000000, 0x0000000084300000, 0x00000000d5580000)
  object space 68608K, 33% used [0x0000000080000000,0x0000000081654db8,0x0000000084300000)
 Metaspace       used 43186K, committed 44416K, reserved 1114112K
  class space    used 4525K, committed 5056K, reserved 1048576K
}

