# JRE version: Java(TM) SE Runtime Environment (21.0.6+8) (build 21.0.6+8-LTS-188)
# Java VM: Java HotSpot(TM) 64-Bit Server VM (21.0.6+8-LTS-188, mixed mode, tiered, compressed oops, compressed class ptrs, g1 gc, windows-amd64)
GC Precious Log:
 CardTable entry size: 512
 Card Set container configuration: InlinePtr #cards 4 size 8 Array Of Cards #cards 16 size 48 Howl #buckets 8 coarsen threshold 3686 Howl Bitmap #cards 512 size 80 coarsen threshold 460 Card regions per heap region 1 cards per card region 4096
 CPUs: 8 total, 8 available
 Memory: 12167M
 Large Page Support: Disabled
 NUMA Support: Disabled
 Compressed Oops: Enabled (Zero based)
 Heap Region Size: 2M
 Heap Min Capacity: 8M
 Heap Initial Capacity: 192M
 Heap Max Capacity: 3042M
 Pre-touch: Disabled
 Parallel Workers: 8
 Concurrent Workers: 2
 Concurrent Refinement Workers: 8
 Periodic GC: Disabled
Heap:
 garbage-first heap   total 55296K, used 25972K [0x0000000741e00000, 0x0000000800000000)
  region size 2048K, 8 young (16384K), 2 survivors (4096K)
 Metaspace       used 30014K, committed 30400K, reserved 1114112K
  class space    used 3258K, committed 3456K, reserved 1048576K
GC Heap History (8 events):
Event: 10.931 GC heap before
{Heap before GC invocations=0 (full 0):
 garbage-first heap   total 196608K, used 20480K [0x0000000741e00000, 0x0000000800000000)
  region size 2048K, 11 young (22528K), 0 survivors (0K)
 Metaspace       used 10531K, committed 10688K, reserved 1114112K
  class space    used 903K, committed 960K, reserved 1048576K
}
Event: 10.938 GC heap after
{Heap after GC invocations=1 (full 0):
 garbage-first heap   total 196608K, used 9472K [0x0000000741e00000, 0x0000000800000000)
  region size 2048K, 2 young (4096K), 2 survivors (4096K)
 Metaspace       used 10531K, committed 10688K, reserved 1114112K
  class space    used 903K, committed 960K, reserved 1048576K
}
Event: 12.944 GC heap before
{Heap before GC invocations=1 (full 0):
 garbage-first heap   total 196608K, used 29952K [0x0000000741e00000, 0x0000000800000000)
  region size 2048K, 12 young (24576K), 2 survivors (4096K)
 Metaspace       used 16783K, committed 16960K, reserved 1114112K
  class space    used 1622K, committed 1728K, reserved 1048576K
}
Event: 12.950 GC heap after
{Heap after GC invocations=2 (full 0):
 garbage-first heap   total 196608K, used 10999K [0x0000000741e00000, 0x0000000800000000)
  region size 2048K, 2 young (4096K), 2 survivors (4096K)
 Metaspace       used 16783K, committed 16960K, reserved 1114112K
  class space    used 1622K, committed 1728K, reserved 1048576K
}
Event: 13.964 GC heap before
{Heap before GC invocations=2 (full 0):
 garbage-first heap   total 196608K, used 25335K [0x0000000741e00000, 0x0000000800000000)
  region size 2048K, 11 young (22528K), 2 survivors (4096K)
 Metaspace       used 21163K, committed 21504K, reserved 1114112K
  class space    used 2187K, committed 2368K, reserved 1048576K
}
Event: 13.970 GC heap after
{Heap after GC invocations=3 (full 0):
 garbage-first heap   total 196608K, used 12810K [0x0000000741e00000, 0x0000000800000000)
  region size 2048K, 1 young (2048K), 1 survivors (2048K)
 Metaspace       used 21163K, committed 21504K, reserved 1114112K
  class space    used 2187K, committed 2368K, reserved 1048576K
}
Event: 17.720 GC heap before
{Heap before GC invocations=4 (full 0):
 garbage-first heap   total 55296K, used 43530K [0x0000000741e00000, 0x0000000800000000)
  region size 2048K, 16 young (32768K), 1 survivors (2048K)
 Metaspace       used 29043K, committed 29440K, reserved 1114112K
  class space    used 3145K, committed 3328K, reserved 1048576K
}
Event: 17.727 GC heap after
{Heap after GC invocations=5 (full 0):
 garbage-first heap   total 55296K, used 15732K [0x0000000741e00000, 0x0000000800000000)
  region size 2048K, 2 young (4096K), 2 survivors (4096K)
 Metaspace       used 29043K, committed 29440K, reserved 1114112K
  class space    used 3145K, committed 3328K, reserved 1048576K
}

