# JRE version: OpenJDK Runtime Environment Temurin-21.0.7+6 (21.0.7+6) (build 21.0.7+6-LTS)
# Java VM: OpenJDK 64-Bit Server VM Temurin-21.0.7+6 (21.0.7+6-LTS, mixed mode, sharing, tiered, compressed oops, compressed class ptrs, parallel gc, windows-amd64)
GC Precious Log:
 CardTable entry size: 512
 CPUs: 8 total, 8 available
 Memory: 12167M
 Large Page Support: Disabled
 NUMA Support: Disabled
 Compressed Oops: Enabled (32-bit)
 Alignments: Space 512K, Generation 512K, Heap 2M
 Heap Min Capacity: 100M
 Heap Initial Capacity: 100M
 Heap Max Capacity: 1G
 Pre-touch: Disabled
 Parallel Workers: 8
Heap:
 PSYoungGen      total 6144K, used 2020K [0x00000000eab00000, 0x00000000eb380000, 0x0000000100000000)
  eden space 4096K, 0% used [0x00000000eab00000,0x00000000eab00000,0x00000000eaf00000)
  from space 2048K, 98% used [0x00000000eaf80000,0x00000000eb179000,0x00000000eb180000)
  to   space 2048K, 0% used [0x00000000eb180000,0x00000000eb180000,0x00000000eb380000)
 ParOldGen       total 569856K, used 569583K [0x00000000c0000000, 0x00000000e2c80000, 0x00000000eab00000)
  object space 569856K, 99% used [0x00000000c0000000,0x00000000e2c3bd70,0x00000000e2c80000)
 Metaspace       used 85082K, committed 86848K, reserved 1179648K
  class space    used 8782K, committed 9536K, reserved 1048576K
GC Heap History (20 events):
Event: 21277.776 GC heap before
{Heap before GC invocations=1973 (full 4):
 PSYoungGen      total 6144K, used 5369K [0x00000000eab00000, 0x00000000eb400000, 0x0000000100000000)
  eden space 3072K, 100% used [0x00000000eab00000,0x00000000eae00000,0x00000000eae00000)
  from space 3072K, 74% used [0x00000000eae00000,0x00000000eb03e758,0x00000000eb100000)
  to   space 2560K, 0% used [0x00000000eb180000,0x00000000eb180000,0x00000000eb400000)
 ParOldGen       total 518656K, used 518063K [0x00000000c0000000, 0x00000000dfa80000, 0x00000000eab00000)
  object space 518656K, 99% used [0x00000000c0000000,0x00000000df9ebe08,0x00000000dfa80000)
 Metaspace       used 84998K, committed 86784K, reserved 1179648K
  class space    used 8782K, committed 9536K, reserved 1048576K
}
Event: 21277.779 GC heap after
{Heap after GC invocations=1973 (full 4):
 PSYoungGen      total 6656K, used 1940K [0x00000000eab00000, 0x00000000eb400000, 0x0000000100000000)
  eden space 4096K, 0% used [0x00000000eab00000,0x00000000eab00000,0x00000000eaf00000)
  from space 2560K, 75% used [0x00000000eb180000,0x00000000eb365000,0x00000000eb400000)
  to   space 2560K, 0% used [0x00000000eaf00000,0x00000000eaf00000,0x00000000eb180000)
 ParOldGen       total 520192K, used 520112K [0x00000000c0000000, 0x00000000dfc00000, 0x00000000eab00000)
  object space 520192K, 99% used [0x00000000c0000000,0x00000000dfbec3e8,0x00000000dfc00000)
 Metaspace       used 84998K, committed 86784K, reserved 1179648K
  class space    used 8782K, committed 9536K, reserved 1048576K
}
Event: 21277.807 GC heap before
{Heap before GC invocations=1974 (full 4):
 PSYoungGen      total 6656K, used 6036K [0x00000000eab00000, 0x00000000eb400000, 0x0000000100000000)
  eden space 4096K, 100% used [0x00000000eab00000,0x00000000eaf00000,0x00000000eaf00000)
  from space 2560K, 75% used [0x00000000eb180000,0x00000000eb365000,0x00000000eb400000)
  to   space 2560K, 0% used [0x00000000eaf00000,0x00000000eaf00000,0x00000000eb180000)
 ParOldGen       total 520192K, used 520112K [0x00000000c0000000, 0x00000000dfc00000, 0x00000000eab00000)
  object space 520192K, 99% used [0x00000000c0000000,0x00000000dfbec3e8,0x00000000dfc00000)
 Metaspace       used 85001K, committed 86784K, reserved 1179648K
  class space    used 8782K, committed 9536K, reserved 1048576K
}
Event: 21277.812 GC heap after
{Heap after GC invocations=1974 (full 4):
 PSYoungGen      total 6656K, used 2536K [0x00000000eab00000, 0x00000000eb800000, 0x0000000100000000)
  eden space 4096K, 0% used [0x00000000eab00000,0x00000000eab00000,0x00000000eaf00000)
  from space 2560K, 99% used [0x00000000eaf00000,0x00000000eb17a000,0x00000000eb180000)
  to   space 4096K, 0% used [0x00000000eb400000,0x00000000eb400000,0x00000000eb800000)
 ParOldGen       total 521728K, used 521248K [0x00000000c0000000, 0x00000000dfd80000, 0x00000000eab00000)
  object space 521728K, 99% used [0x00000000c0000000,0x00000000dfd08178,0x00000000dfd80000)
 Metaspace       used 85001K, committed 86784K, reserved 1179648K
  class space    used 8782K, committed 9536K, reserved 1048576K
}
Event: 21277.893 GC heap before
{Heap before GC invocations=1975 (full 4):
 PSYoungGen      total 6656K, used 6632K [0x00000000eab00000, 0x00000000eb800000, 0x0000000100000000)
  eden space 4096K, 100% used [0x00000000eab00000,0x00000000eaf00000,0x00000000eaf00000)
  from space 2560K, 99% used [0x00000000eaf00000,0x00000000eb17a000,0x00000000eb180000)
  to   space 4096K, 0% used [0x00000000eb400000,0x00000000eb400000,0x00000000eb800000)
 ParOldGen       total 521728K, used 521248K [0x00000000c0000000, 0x00000000dfd80000, 0x00000000eab00000)
  object space 521728K, 99% used [0x00000000c0000000,0x00000000dfd08178,0x00000000dfd80000)
 Metaspace       used 85014K, committed 86784K, reserved 1179648K
  class space    used 8782K, committed 9536K, reserved 1048576K
}
Event: 21277.898 GC heap after
{Heap after GC invocations=1975 (full 4):
 PSYoungGen      total 5120K, used 736K [0x00000000eab00000, 0x00000000eb500000, 0x0000000100000000)
  eden space 4096K, 0% used [0x00000000eab00000,0x00000000eab00000,0x00000000eaf00000)
  from space 1024K, 71% used [0x00000000eb400000,0x00000000eb4b8000,0x00000000eb500000)
  to   space 2048K, 0% used [0x00000000eb100000,0x00000000eb100000,0x00000000eb300000)
 ParOldGen       total 524800K, used 524476K [0x00000000c0000000, 0x00000000e0080000, 0x00000000eab00000)
  object space 524800K, 99% used [0x00000000c0000000,0x00000000e002f178,0x00000000e0080000)
 Metaspace       used 85014K, committed 86784K, reserved 1179648K
  class space    used 8782K, committed 9536K, reserved 1048576K
}
Event: 21277.921 GC heap before
{Heap before GC invocations=1976 (full 4):
 PSYoungGen      total 5120K, used 4832K [0x00000000eab00000, 0x00000000eb500000, 0x0000000100000000)
  eden space 4096K, 100% used [0x00000000eab00000,0x00000000eaf00000,0x00000000eaf00000)
  from space 1024K, 71% used [0x00000000eb400000,0x00000000eb4b8000,0x00000000eb500000)
  to   space 2048K, 0% used [0x00000000eb100000,0x00000000eb100000,0x00000000eb300000)
 ParOldGen       total 556544K, used 555196K [0x00000000c0000000, 0x00000000e1f80000, 0x00000000eab00000)
  object space 556544K, 99% used [0x00000000c0000000,0x00000000e1e2f1a8,0x00000000e1f80000)
 Metaspace       used 85014K, committed 86784K, reserved 1179648K
  class space    used 8782K, committed 9536K, reserved 1048576K
}
Event: 21277.926 GC heap after
{Heap after GC invocations=1976 (full 4):
 PSYoungGen      total 6144K, used 2021K [0x00000000eab00000, 0x00000000eb900000, 0x0000000100000000)
  eden space 4096K, 0% used [0x00000000eab00000,0x00000000eab00000,0x00000000eaf00000)
  from space 2048K, 98% used [0x00000000eb100000,0x00000000eb2f96d0,0x00000000eb300000)
  to   space 5120K, 0% used [0x00000000eb400000,0x00000000eb400000,0x00000000eb900000)
 ParOldGen       total 557568K, used 557311K [0x00000000c0000000, 0x00000000e2080000, 0x00000000eab00000)
  object space 557568K, 99% used [0x00000000c0000000,0x00000000e203feb0,0x00000000e2080000)
 Metaspace       used 85014K, committed 86784K, reserved 1179648K
  class space    used 8782K, committed 9536K, reserved 1048576K
}
Event: 21277.939 GC heap before
{Heap before GC invocations=1977 (full 4):
 PSYoungGen      total 6144K, used 6109K [0x00000000eab00000, 0x00000000eb900000, 0x0000000100000000)
  eden space 4096K, 99% used [0x00000000eab00000,0x00000000eaefde90,0x00000000eaf00000)
  from space 2048K, 98% used [0x00000000eb100000,0x00000000eb2f96d0,0x00000000eb300000)
  to   space 5120K, 0% used [0x00000000eb400000,0x00000000eb400000,0x00000000eb900000)
 ParOldGen       total 557568K, used 557311K [0x00000000c0000000, 0x00000000e2080000, 0x00000000eab00000)
  object space 557568K, 99% used [0x00000000c0000000,0x00000000e203feb0,0x00000000e2080000)
 Metaspace       used 85023K, committed 86784K, reserved 1179648K
  class space    used 8782K, committed 9536K, reserved 1048576K
}
Event: 21277.944 GC heap after
{Heap after GC invocations=1977 (full 4):
 PSYoungGen      total 7680K, used 3377K [0x00000000eab00000, 0x00000000eb780000, 0x0000000100000000)
  eden space 4096K, 0% used [0x00000000eab00000,0x00000000eab00000,0x00000000eaf00000)
  from space 3584K, 94% used [0x00000000eb400000,0x00000000eb74c600,0x00000000eb780000)
  to   space 4096K, 0% used [0x00000000eaf80000,0x00000000eaf80000,0x00000000eb380000)
 ParOldGen       total 560128K, used 559867K [0x00000000c0000000, 0x00000000e2300000, 0x00000000eab00000)
  object space 560128K, 99% used [0x00000000c0000000,0x00000000e22bec40,0x00000000e2300000)
 Metaspace       used 85023K, committed 86784K, reserved 1179648K
  class space    used 8782K, committed 9536K, reserved 1048576K
}
Event: 21277.980 GC heap before
{Heap before GC invocations=1978 (full 4):
 PSYoungGen      total 7680K, used 7473K [0x00000000eab00000, 0x00000000eb780000, 0x0000000100000000)
  eden space 4096K, 100% used [0x00000000eab00000,0x00000000eaf00000,0x00000000eaf00000)
  from space 3584K, 94% used [0x00000000eb400000,0x00000000eb74c600,0x00000000eb780000)
  to   space 4096K, 0% used [0x00000000eaf80000,0x00000000eaf80000,0x00000000eb380000)
 ParOldGen       total 560128K, used 559867K [0x00000000c0000000, 0x00000000e2300000, 0x00000000eab00000)
  object space 560128K, 99% used [0x00000000c0000000,0x00000000e22bec40,0x00000000e2300000)
 Metaspace       used 85042K, committed 86784K, reserved 1179648K
  class space    used 8782K, committed 9536K, reserved 1048576K
}
Event: 21277.987 GC heap after
{Heap after GC invocations=1978 (full 4):
 PSYoungGen      total 6656K, used 2176K [0x00000000eab00000, 0x00000000eb500000, 0x0000000100000000)
  eden space 4096K, 0% used [0x00000000eab00000,0x00000000eab00000,0x00000000eaf00000)
  from space 2560K, 85% used [0x00000000eaf80000,0x00000000eb1a0000,0x00000000eb200000)
  to   space 3072K, 0% used [0x00000000eb200000,0x00000000eb200000,0x00000000eb500000)
 ParOldGen       total 563200K, used 563115K [0x00000000c0000000, 0x00000000e2600000, 0x00000000eab00000)
  object space 563200K, 99% used [0x00000000c0000000,0x00000000e25eac40,0x00000000e2600000)
 Metaspace       used 85042K, committed 86784K, reserved 1179648K
  class space    used 8782K, committed 9536K, reserved 1048576K
}
Event: 21278.198 GC heap before
{Heap before GC invocations=1979 (full 4):
 PSYoungGen      total 6656K, used 6272K [0x00000000eab00000, 0x00000000eb500000, 0x0000000100000000)
  eden space 4096K, 100% used [0x00000000eab00000,0x00000000eaf00000,0x00000000eaf00000)
  from space 2560K, 85% used [0x00000000eaf80000,0x00000000eb1a0000,0x00000000eb200000)
  to   space 3072K, 0% used [0x00000000eb200000,0x00000000eb200000,0x00000000eb500000)
 ParOldGen       total 563200K, used 563115K [0x00000000c0000000, 0x00000000e2600000, 0x00000000eab00000)
  object space 563200K, 99% used [0x00000000c0000000,0x00000000e25eac40,0x00000000e2600000)
 Metaspace       used 85050K, committed 86784K, reserved 1179648K
  class space    used 8782K, committed 9536K, reserved 1048576K
}
Event: 21278.205 GC heap after
{Heap after GC invocations=1979 (full 4):
 PSYoungGen      total 4608K, used 436K [0x00000000eab00000, 0x00000000eb280000, 0x0000000100000000)
  eden space 4096K, 0% used [0x00000000eab00000,0x00000000eab00000,0x00000000eaf00000)
  from space 512K, 85% used [0x00000000eb200000,0x00000000eb26d200,0x00000000eb280000)
  to   space 1536K, 0% used [0x00000000eaf80000,0x00000000eaf80000,0x00000000eb100000)
 ParOldGen       total 565248K, used 565187K [0x00000000c0000000, 0x00000000e2800000, 0x00000000eab00000)
  object space 565248K, 99% used [0x00000000c0000000,0x00000000e27f0c40,0x00000000e2800000)
 Metaspace       used 85050K, committed 86784K, reserved 1179648K
  class space    used 8782K, committed 9536K, reserved 1048576K
}
Event: 21278.996 GC heap before
{Heap before GC invocations=1980 (full 4):
 PSYoungGen      total 4608K, used 4532K [0x00000000eab00000, 0x00000000eb280000, 0x0000000100000000)
  eden space 4096K, 100% used [0x00000000eab00000,0x00000000eaf00000,0x00000000eaf00000)
  from space 512K, 85% used [0x00000000eb200000,0x00000000eb26d200,0x00000000eb280000)
  to   space 1536K, 0% used [0x00000000eaf80000,0x00000000eaf80000,0x00000000eb100000)
 ParOldGen       total 565248K, used 565187K [0x00000000c0000000, 0x00000000e2800000, 0x00000000eab00000)
  object space 565248K, 99% used [0x00000000c0000000,0x00000000e27f0c40,0x00000000e2800000)
 Metaspace       used 85067K, committed 86784K, reserved 1179648K
  class space    used 8782K, committed 9536K, reserved 1048576K
}
Event: 21278.998 GC heap after
{Heap after GC invocations=1980 (full 4):
 PSYoungGen      total 5632K, used 692K [0x00000000eab00000, 0x00000000eb280000, 0x0000000100000000)
  eden space 4096K, 0% used [0x00000000eab00000,0x00000000eab00000,0x00000000eaf00000)
  from space 1536K, 45% used [0x00000000eaf80000,0x00000000eb02d200,0x00000000eb100000)
  to   space 1024K, 0% used [0x00000000eb180000,0x00000000eb180000,0x00000000eb280000)
 ParOldGen       total 565760K, used 565411K [0x00000000c0000000, 0x00000000e2880000, 0x00000000eab00000)
  object space 565760K, 99% used [0x00000000c0000000,0x00000000e2828e60,0x00000000e2880000)
 Metaspace       used 85067K, committed 86784K, reserved 1179648K
  class space    used 8782K, committed 9536K, reserved 1048576K
}
Event: 21279.014 GC heap before
{Heap before GC invocations=1981 (full 4):
 PSYoungGen      total 5632K, used 4761K [0x00000000eab00000, 0x00000000eb280000, 0x0000000100000000)
  eden space 4096K, 99% used [0x00000000eab00000,0x00000000eaef93b0,0x00000000eaf00000)
  from space 1536K, 45% used [0x00000000eaf80000,0x00000000eb02d200,0x00000000eb100000)
  to   space 1024K, 0% used [0x00000000eb180000,0x00000000eb180000,0x00000000eb280000)
 ParOldGen       total 565760K, used 565411K [0x00000000c0000000, 0x00000000e2880000, 0x00000000eab00000)
  object space 565760K, 99% used [0x00000000c0000000,0x00000000e2828e60,0x00000000e2880000)
 Metaspace       used 85074K, committed 86848K, reserved 1179648K
  class space    used 8782K, committed 9536K, reserved 1048576K
}
Event: 21279.017 GC heap after
{Heap after GC invocations=1981 (full 4):
 PSYoungGen      total 5120K, used 807K [0x00000000eab00000, 0x00000000eb280000, 0x0000000100000000)
  eden space 4096K, 0% used [0x00000000eab00000,0x00000000eab00000,0x00000000eaf00000)
  from space 1024K, 78% used [0x00000000eb180000,0x00000000eb249e80,0x00000000eb280000)
  to   space 1024K, 0% used [0x00000000eb080000,0x00000000eb080000,0x00000000eb180000)
 ParOldGen       total 566272K, used 565896K [0x00000000c0000000, 0x00000000e2900000, 0x00000000eab00000)
  object space 566272K, 99% used [0x00000000c0000000,0x00000000e28a2070,0x00000000e2900000)
 Metaspace       used 85074K, committed 86848K, reserved 1179648K
  class space    used 8782K, committed 9536K, reserved 1048576K
}
Event: 21279.024 GC heap before
{Heap before GC invocations=1982 (full 4):
 PSYoungGen      total 5120K, used 4903K [0x00000000eab00000, 0x00000000eb280000, 0x0000000100000000)
  eden space 4096K, 100% used [0x00000000eab00000,0x00000000eaf00000,0x00000000eaf00000)
  from space 1024K, 78% used [0x00000000eb180000,0x00000000eb249e80,0x00000000eb280000)
  to   space 1024K, 0% used [0x00000000eb080000,0x00000000eb080000,0x00000000eb180000)
 ParOldGen       total 566272K, used 565896K [0x00000000c0000000, 0x00000000e2900000, 0x00000000eab00000)
  object space 566272K, 99% used [0x00000000c0000000,0x00000000e28a2070,0x00000000e2900000)
 Metaspace       used 85075K, committed 86848K, reserved 1179648K
  class space    used 8782K, committed 9536K, reserved 1048576K
}
Event: 21280.068 GC heap after
{Heap after GC invocations=1982 (full 4):
 PSYoungGen      total 5120K, used 1002K [0x00000000eab00000, 0x00000000eb400000, 0x0000000100000000)
  eden space 4096K, 0% used [0x00000000eab00000,0x00000000eab00000,0x00000000eaf00000)
  from space 1024K, 97% used [0x00000000eb080000,0x00000000eb17ab80,0x00000000eb180000)
  to   space 2560K, 0% used [0x00000000eb180000,0x00000000eb180000,0x00000000eb400000)
 ParOldGen       total 567296K, used 566807K [0x00000000c0000000, 0x00000000e2a00000, 0x00000000eab00000)
  object space 567296K, 99% used [0x00000000c0000000,0x00000000e2985ef0,0x00000000e2a00000)
 Metaspace       used 85075K, committed 86848K, reserved 1179648K
  class space    used 8782K, committed 9536K, reserved 1048576K
}

