# JRE version: OpenJDK Runtime Environment Temurin-21.0.7+6 (21.0.7+6) (build 21.0.7+6-LTS)
# Java VM: OpenJDK 64-Bit Server VM Temurin-21.0.7+6 (21.0.7+6-LTS, mixed mode, sharing, tiered, compressed oops, compressed class ptrs, parallel gc, windows-amd64)
GC Precious Log:
 CardTable entry size: 512
 CPUs: 8 total, 8 available
 Memory: 12167M
 Large Page Support: Disabled
 NUMA Support: Disabled
 Compressed Oops: Enabled (32-bit)
 Alignments: Space 512K, Generation 512K, Heap 2M
 Heap Min Capacity: 100M
 Heap Initial Capacity: 100M
 Heap Max Capacity: 1G
 Pre-touch: Disabled
 Parallel Workers: 8
Heap:
 PSYoungGen      total 3072K, used 1343K [0x00000000eab00000, 0x00000000eaf80000, 0x0000000100000000)
  eden space 2560K, 32% used [0x00000000eab00000,0x00000000eabcfc58,0x00000000ead80000)
  from space 512K, 100% used [0x00000000eaf00000,0x00000000eaf80000,0x00000000eaf80000)
  to   space 1024K, 0% used [0x00000000ead80000,0x00000000ead80000,0x00000000eae80000)
 ParOldGen       total 374784K, used 374463K [0x00000000c0000000, 0x00000000d6e00000, 0x00000000eab00000)
  object space 374784K, 99% used [0x00000000c0000000,0x00000000d6dafe48,0x00000000d6e00000)
 Metaspace       used 73619K, committed 75328K, reserved 1179648K
  class space    used 7630K, committed 8384K, reserved 1048576K
GC Heap History (20 events):
Event: 1884.209 GC heap before
{Heap before GC invocations=1342 (full 4):
 PSYoungGen      total 3072K, used 3024K [0x00000000eab00000, 0x00000000eb000000, 0x0000000100000000)
  eden space 2560K, 100% used [0x00000000eab00000,0x00000000ead80000,0x00000000ead80000)
  from space 512K, 90% used [0x00000000eaf80000,0x00000000eaff4030,0x00000000eb000000)
  to   space 1024K, 0% used [0x00000000eae00000,0x00000000eae00000,0x00000000eaf00000)
 ParOldGen       total 371712K, used 371664K [0x00000000c0000000, 0x00000000d6b00000, 0x00000000eab00000)
  object space 371712K, 99% used [0x00000000c0000000,0x00000000d6af4098,0x00000000d6b00000)
 Metaspace       used 73559K, committed 75264K, reserved 1179648K
  class space    used 7630K, committed 8384K, reserved 1048576K
}
Event: 1884.218 GC heap after
{Heap after GC invocations=1342 (full 4):
 PSYoungGen      total 3584K, used 608K [0x00000000eab00000, 0x00000000eb000000, 0x0000000100000000)
  eden space 2560K, 0% used [0x00000000eab00000,0x00000000eab00000,0x00000000ead80000)
  from space 1024K, 59% used [0x00000000eae00000,0x00000000eae98020,0x00000000eaf00000)
  to   space 1024K, 0% used [0x00000000eaf00000,0x00000000eaf00000,0x00000000eb000000)
 ParOldGen       total 372224K, used 371912K [0x00000000c0000000, 0x00000000d6b80000, 0x00000000eab00000)
  object space 372224K, 99% used [0x00000000c0000000,0x00000000d6b32348,0x00000000d6b80000)
 Metaspace       used 73559K, committed 75264K, reserved 1179648K
  class space    used 7630K, committed 8384K, reserved 1048576K
}
Event: 1884.296 GC heap before
{Heap before GC invocations=1343 (full 4):
 PSYoungGen      total 3584K, used 3168K [0x00000000eab00000, 0x00000000eb000000, 0x0000000100000000)
  eden space 2560K, 100% used [0x00000000eab00000,0x00000000ead80000,0x00000000ead80000)
  from space 1024K, 59% used [0x00000000eae00000,0x00000000eae98020,0x00000000eaf00000)
  to   space 1024K, 0% used [0x00000000eaf00000,0x00000000eaf00000,0x00000000eb000000)
 ParOldGen       total 372224K, used 371912K [0x00000000c0000000, 0x00000000d6b80000, 0x00000000eab00000)
  object space 372224K, 99% used [0x00000000c0000000,0x00000000d6b32348,0x00000000d6b80000)
 Metaspace       used 73577K, committed 75328K, reserved 1179648K
  class space    used 7630K, committed 8384K, reserved 1048576K
}
Event: 1884.299 GC heap after
{Heap after GC invocations=1343 (full 4):
 PSYoungGen      total 3072K, used 352K [0x00000000eab00000, 0x00000000eaf80000, 0x0000000100000000)
  eden space 2560K, 0% used [0x00000000eab00000,0x00000000eab00000,0x00000000ead80000)
  from space 512K, 68% used [0x00000000eaf00000,0x00000000eaf58000,0x00000000eaf80000)
  to   space 512K, 0% used [0x00000000eae80000,0x00000000eae80000,0x00000000eaf00000)
 ParOldGen       total 372736K, used 372381K [0x00000000c0000000, 0x00000000d6c00000, 0x00000000eab00000)
  object space 372736K, 99% used [0x00000000c0000000,0x00000000d6ba7578,0x00000000d6c00000)
 Metaspace       used 73577K, committed 75328K, reserved 1179648K
  class space    used 7630K, committed 8384K, reserved 1048576K
}
Event: 1935.338 GC heap before
{Heap before GC invocations=1344 (full 4):
 PSYoungGen      total 3072K, used 2912K [0x00000000eab00000, 0x00000000eaf80000, 0x0000000100000000)
  eden space 2560K, 100% used [0x00000000eab00000,0x00000000ead80000,0x00000000ead80000)
  from space 512K, 68% used [0x00000000eaf00000,0x00000000eaf58000,0x00000000eaf80000)
  to   space 512K, 0% used [0x00000000eae80000,0x00000000eae80000,0x00000000eaf00000)
 ParOldGen       total 372736K, used 372381K [0x00000000c0000000, 0x00000000d6c00000, 0x00000000eab00000)
  object space 372736K, 99% used [0x00000000c0000000,0x00000000d6ba7578,0x00000000d6c00000)
 Metaspace       used 73580K, committed 75328K, reserved 1179648K
  class space    used 7630K, committed 8384K, reserved 1048576K
}
Event: 1935.346 GC heap after
{Heap after GC invocations=1344 (full 4):
 PSYoungGen      total 3072K, used 340K [0x00000000eab00000, 0x00000000eaf80000, 0x0000000100000000)
  eden space 2560K, 0% used [0x00000000eab00000,0x00000000eab00000,0x00000000ead80000)
  from space 512K, 66% used [0x00000000eae80000,0x00000000eaed5200,0x00000000eaf00000)
  to   space 512K, 0% used [0x00000000eaf00000,0x00000000eaf00000,0x00000000eaf80000)
 ParOldGen       total 372736K, used 372613K [0x00000000c0000000, 0x00000000d6c00000, 0x00000000eab00000)
  object space 372736K, 99% used [0x00000000c0000000,0x00000000d6be1578,0x00000000d6c00000)
 Metaspace       used 73580K, committed 75328K, reserved 1179648K
  class space    used 7630K, committed 8384K, reserved 1048576K
}
Event: 1935.642 GC heap before
{Heap before GC invocations=1345 (full 4):
 PSYoungGen      total 3072K, used 2900K [0x00000000eab00000, 0x00000000eaf80000, 0x0000000100000000)
  eden space 2560K, 100% used [0x00000000eab00000,0x00000000ead80000,0x00000000ead80000)
  from space 512K, 66% used [0x00000000eae80000,0x00000000eaed5200,0x00000000eaf00000)
  to   space 512K, 0% used [0x00000000eaf00000,0x00000000eaf00000,0x00000000eaf80000)
 ParOldGen       total 372736K, used 372613K [0x00000000c0000000, 0x00000000d6c00000, 0x00000000eab00000)
  object space 372736K, 99% used [0x00000000c0000000,0x00000000d6be1578,0x00000000d6c00000)
 Metaspace       used 73581K, committed 75328K, reserved 1179648K
  class space    used 7630K, committed 8384K, reserved 1048576K
}
Event: 1935.651 GC heap after
{Heap after GC invocations=1345 (full 4):
 PSYoungGen      total 3072K, used 512K [0x00000000eab00000, 0x00000000eaf80000, 0x0000000100000000)
  eden space 2560K, 0% used [0x00000000eab00000,0x00000000eab00000,0x00000000ead80000)
  from space 512K, 100% used [0x00000000eaf00000,0x00000000eaf80000,0x00000000eaf80000)
  to   space 1024K, 0% used [0x00000000ead80000,0x00000000ead80000,0x00000000eae80000)
 ParOldGen       total 373248K, used 372834K [0x00000000c0000000, 0x00000000d6c80000, 0x00000000eab00000)
  object space 373248K, 99% used [0x00000000c0000000,0x00000000d6c18a08,0x00000000d6c80000)
 Metaspace       used 73581K, committed 75328K, reserved 1179648K
  class space    used 7630K, committed 8384K, reserved 1048576K
}
Event: 1958.332 GC heap before
{Heap before GC invocations=1346 (full 4):
 PSYoungGen      total 3072K, used 3071K [0x00000000eab00000, 0x00000000eaf80000, 0x0000000100000000)
  eden space 2560K, 99% used [0x00000000eab00000,0x00000000ead7fff0,0x00000000ead80000)
  from space 512K, 100% used [0x00000000eaf00000,0x00000000eaf80000,0x00000000eaf80000)
  to   space 1024K, 0% used [0x00000000ead80000,0x00000000ead80000,0x00000000eae80000)
 ParOldGen       total 373248K, used 372834K [0x00000000c0000000, 0x00000000d6c80000, 0x00000000eab00000)
  object space 373248K, 99% used [0x00000000c0000000,0x00000000d6c18a08,0x00000000d6c80000)
 Metaspace       used 73597K, committed 75328K, reserved 1179648K
  class space    used 7630K, committed 8384K, reserved 1048576K
}
Event: 1958.337 GC heap after
{Heap after GC invocations=1346 (full 4):
 PSYoungGen      total 3584K, used 384K [0x00000000eab00000, 0x00000000eaf80000, 0x0000000100000000)
  eden space 2560K, 0% used [0x00000000eab00000,0x00000000eab00000,0x00000000ead80000)
  from space 1024K, 37% used [0x00000000ead80000,0x00000000eade0000,0x00000000eae80000)
  to   space 512K, 0% used [0x00000000eaf00000,0x00000000eaf00000,0x00000000eaf80000)
 ParOldGen       total 373248K, used 373234K [0x00000000c0000000, 0x00000000d6c80000, 0x00000000eab00000)
  object space 373248K, 99% used [0x00000000c0000000,0x00000000d6c7ca18,0x00000000d6c80000)
 Metaspace       used 73597K, committed 75328K, reserved 1179648K
  class space    used 7630K, committed 8384K, reserved 1048576K
}
Event: 1958.387 GC heap before
{Heap before GC invocations=1347 (full 4):
 PSYoungGen      total 3584K, used 2944K [0x00000000eab00000, 0x00000000eaf80000, 0x0000000100000000)
  eden space 2560K, 100% used [0x00000000eab00000,0x00000000ead80000,0x00000000ead80000)
  from space 1024K, 37% used [0x00000000ead80000,0x00000000eade0000,0x00000000eae80000)
  to   space 512K, 0% used [0x00000000eaf00000,0x00000000eaf00000,0x00000000eaf80000)
 ParOldGen       total 373248K, used 373234K [0x00000000c0000000, 0x00000000d6c80000, 0x00000000eab00000)
  object space 373248K, 99% used [0x00000000c0000000,0x00000000d6c7ca18,0x00000000d6c80000)
 Metaspace       used 73600K, committed 75328K, reserved 1179648K
  class space    used 7630K, committed 8384K, reserved 1048576K
}
Event: 1958.391 GC heap after
{Heap after GC invocations=1347 (full 4):
 PSYoungGen      total 3072K, used 378K [0x00000000eab00000, 0x00000000eaf80000, 0x0000000100000000)
  eden space 2560K, 0% used [0x00000000eab00000,0x00000000eab00000,0x00000000ead80000)
  from space 512K, 73% used [0x00000000eaf00000,0x00000000eaf5e900,0x00000000eaf80000)
  to   space 512K, 0% used [0x00000000eae80000,0x00000000eae80000,0x00000000eaf00000)
 ParOldGen       total 373760K, used 373482K [0x00000000c0000000, 0x00000000d6d00000, 0x00000000eab00000)
  object space 373760K, 99% used [0x00000000c0000000,0x00000000d6cbaa18,0x00000000d6d00000)
 Metaspace       used 73600K, committed 75328K, reserved 1179648K
  class space    used 7630K, committed 8384K, reserved 1048576K
}
Event: 1958.449 GC heap before
{Heap before GC invocations=1348 (full 4):
 PSYoungGen      total 3072K, used 2938K [0x00000000eab00000, 0x00000000eaf80000, 0x0000000100000000)
  eden space 2560K, 100% used [0x00000000eab00000,0x00000000ead80000,0x00000000ead80000)
  from space 512K, 73% used [0x00000000eaf00000,0x00000000eaf5e900,0x00000000eaf80000)
  to   space 512K, 0% used [0x00000000eae80000,0x00000000eae80000,0x00000000eaf00000)
 ParOldGen       total 373760K, used 373482K [0x00000000c0000000, 0x00000000d6d00000, 0x00000000eab00000)
  object space 373760K, 99% used [0x00000000c0000000,0x00000000d6cbaa18,0x00000000d6d00000)
 Metaspace       used 73602K, committed 75328K, reserved 1179648K
  class space    used 7630K, committed 8384K, reserved 1048576K
}
Event: 1958.455 GC heap after
{Heap after GC invocations=1348 (full 4):
 PSYoungGen      total 3072K, used 448K [0x00000000eab00000, 0x00000000eaf80000, 0x0000000100000000)
  eden space 2560K, 0% used [0x00000000eab00000,0x00000000eab00000,0x00000000ead80000)
  from space 512K, 87% used [0x00000000eae80000,0x00000000eaef0000,0x00000000eaf00000)
  to   space 512K, 0% used [0x00000000eaf00000,0x00000000eaf00000,0x00000000eaf80000)
 ParOldGen       total 373760K, used 373731K [0x00000000c0000000, 0x00000000d6d00000, 0x00000000eab00000)
  object space 373760K, 99% used [0x00000000c0000000,0x00000000d6cf8c38,0x00000000d6d00000)
 Metaspace       used 73602K, committed 75328K, reserved 1179648K
  class space    used 7630K, committed 8384K, reserved 1048576K
}
Event: 2071.419 GC heap before
{Heap before GC invocations=1349 (full 4):
 PSYoungGen      total 3072K, used 3008K [0x00000000eab00000, 0x00000000eaf80000, 0x0000000100000000)
  eden space 2560K, 100% used [0x00000000eab00000,0x00000000ead80000,0x00000000ead80000)
  from space 512K, 87% used [0x00000000eae80000,0x00000000eaef0000,0x00000000eaf00000)
  to   space 512K, 0% used [0x00000000eaf00000,0x00000000eaf00000,0x00000000eaf80000)
 ParOldGen       total 373760K, used 373731K [0x00000000c0000000, 0x00000000d6d00000, 0x00000000eab00000)
  object space 373760K, 99% used [0x00000000c0000000,0x00000000d6cf8c38,0x00000000d6d00000)
 Metaspace       used 73609K, committed 75328K, reserved 1179648K
  class space    used 7630K, committed 8384K, reserved 1048576K
}
Event: 2071.440 GC heap after
{Heap after GC invocations=1349 (full 4):
 PSYoungGen      total 3072K, used 288K [0x00000000eab00000, 0x00000000eaf80000, 0x0000000100000000)
  eden space 2560K, 0% used [0x00000000eab00000,0x00000000eab00000,0x00000000ead80000)
  from space 512K, 56% used [0x00000000eaf00000,0x00000000eaf48000,0x00000000eaf80000)
  to   space 512K, 0% used [0x00000000eae80000,0x00000000eae80000,0x00000000eaf00000)
 ParOldGen       total 374272K, used 374107K [0x00000000c0000000, 0x00000000d6d80000, 0x00000000eab00000)
  object space 374272K, 99% used [0x00000000c0000000,0x00000000d6d56c38,0x00000000d6d80000)
 Metaspace       used 73609K, committed 75328K, reserved 1179648K
  class space    used 7630K, committed 8384K, reserved 1048576K
}
Event: 2072.115 GC heap before
{Heap before GC invocations=1350 (full 4):
 PSYoungGen      total 3072K, used 2848K [0x00000000eab00000, 0x00000000eaf80000, 0x0000000100000000)
  eden space 2560K, 100% used [0x00000000eab00000,0x00000000ead80000,0x00000000ead80000)
  from space 512K, 56% used [0x00000000eaf00000,0x00000000eaf48000,0x00000000eaf80000)
  to   space 512K, 0% used [0x00000000eae80000,0x00000000eae80000,0x00000000eaf00000)
 ParOldGen       total 374272K, used 374107K [0x00000000c0000000, 0x00000000d6d80000, 0x00000000eab00000)
  object space 374272K, 99% used [0x00000000c0000000,0x00000000d6d56c38,0x00000000d6d80000)
 Metaspace       used 73612K, committed 75328K, reserved 1179648K
  class space    used 7630K, committed 8384K, reserved 1048576K
}
Event: 2072.122 GC heap after
{Heap after GC invocations=1350 (full 4):
 PSYoungGen      total 3072K, used 330K [0x00000000eab00000, 0x00000000eaf80000, 0x0000000100000000)
  eden space 2560K, 0% used [0x00000000eab00000,0x00000000eab00000,0x00000000ead80000)
  from space 512K, 64% used [0x00000000eae80000,0x00000000eaed2910,0x00000000eaf00000)
  to   space 512K, 0% used [0x00000000eaf00000,0x00000000eaf00000,0x00000000eaf80000)
 ParOldGen       total 374272K, used 374267K [0x00000000c0000000, 0x00000000d6d80000, 0x00000000eab00000)
  object space 374272K, 99% used [0x00000000c0000000,0x00000000d6d7ec38,0x00000000d6d80000)
 Metaspace       used 73612K, committed 75328K, reserved 1179648K
  class space    used 7630K, committed 8384K, reserved 1048576K
}
Event: 2072.354 GC heap before
{Heap before GC invocations=1351 (full 4):
 PSYoungGen      total 3072K, used 2890K [0x00000000eab00000, 0x00000000eaf80000, 0x0000000100000000)
  eden space 2560K, 100% used [0x00000000eab00000,0x00000000ead80000,0x00000000ead80000)
  from space 512K, 64% used [0x00000000eae80000,0x00000000eaed2910,0x00000000eaf00000)
  to   space 512K, 0% used [0x00000000eaf00000,0x00000000eaf00000,0x00000000eaf80000)
 ParOldGen       total 374272K, used 374267K [0x00000000c0000000, 0x00000000d6d80000, 0x00000000eab00000)
  object space 374272K, 99% used [0x00000000c0000000,0x00000000d6d7ec38,0x00000000d6d80000)
 Metaspace       used 73614K, committed 75328K, reserved 1179648K
  class space    used 7630K, committed 8384K, reserved 1048576K
}
Event: 2072.359 GC heap after
{Heap after GC invocations=1351 (full 4):
 PSYoungGen      total 3072K, used 512K [0x00000000eab00000, 0x00000000eaf80000, 0x0000000100000000)
  eden space 2560K, 0% used [0x00000000eab00000,0x00000000eab00000,0x00000000ead80000)
  from space 512K, 100% used [0x00000000eaf00000,0x00000000eaf80000,0x00000000eaf80000)
  to   space 1024K, 0% used [0x00000000ead80000,0x00000000ead80000,0x00000000eae80000)
 ParOldGen       total 374784K, used 374463K [0x00000000c0000000, 0x00000000d6e00000, 0x00000000eab00000)
  object space 374784K, 99% used [0x00000000c0000000,0x00000000d6dafe48,0x00000000d6e00000)
 Metaspace       used 73614K, committed 75328K, reserved 1179648K
  class space    used 7630K, committed 8384K, reserved 1048576K
}

