# JRE version: OpenJDK Runtime Environment Temurin-21.0.7+6 (21.0.7+6) (build 21.0.7+6-LTS)
# Java VM: OpenJDK 64-Bit Server VM Temurin-21.0.7+6 (21.0.7+6-LTS, mixed mode, sharing, tiered, compressed oops, compressed class ptrs, parallel gc, windows-amd64)
GC Precious Log:
 CardTable entry size: 512
 CPUs: 8 total, 8 available
 Memory: 12167M
 Large Page Support: Disabled
 NUMA Support: Disabled
 Compressed Oops: Enabled (32-bit)
 Alignments: Space 512K, Generation 512K, Heap 2M
 Heap Min Capacity: 100M
 Heap Initial Capacity: 100M
 Heap Max Capacity: 1G
 Pre-touch: Disabled
 Parallel Workers: 8
Heap:
 PSYoungGen      total 3584K, used 1865K [0x00000000eab00000, 0x00000000eb000000, 0x0000000100000000)
  eden space 2560K, 45% used [0x00000000eab00000,0x00000000eac25fb8,0x00000000ead80000)
  from space 1024K, 67% used [0x00000000ead80000,0x00000000eae2c738,0x00000000eae80000)
  to   space 1024K, 0% used [0x00000000eaf00000,0x00000000eaf00000,0x00000000eb000000)
 ParOldGen       total 699392K, used 271594K [0x00000000c0000000, 0x00000000eab00000, 0x00000000eab00000)
  object space 699392K, 38% used [0x00000000c0000000,0x00000000d093a830,0x00000000eab00000)
 Metaspace       used 62604K, committed 64128K, reserved 1114112K
  class space    used 6473K, committed 7104K, reserved 1048576K
GC Heap History (20 events):
Event: 42.146 GC heap after
{Heap after GC invocations=333 (full 3):
 PSYoungGen      total 3584K, used 672K [0x00000000eab00000, 0x00000000eaf80000, 0x0000000100000000)
  eden space 2560K, 0% used [0x00000000eab00000,0x00000000eab00000,0x00000000ead80000)
  from space 1024K, 65% used [0x00000000eae80000,0x00000000eaf28000,0x00000000eaf80000)
  to   space 1024K, 0% used [0x00000000ead80000,0x00000000ead80000,0x00000000eae80000)
 ParOldGen       total 265216K, used 264866K [0x00000000c0000000, 0x00000000d0300000, 0x00000000eab00000)
  object space 265216K, 99% used [0x00000000c0000000,0x00000000d02a8838,0x00000000d0300000)
 Metaspace       used 62604K, committed 64128K, reserved 1114112K
  class space    used 6473K, committed 7104K, reserved 1048576K
}
Event: 42.164 GC heap before
{Heap before GC invocations=334 (full 3):
 PSYoungGen      total 3584K, used 3232K [0x00000000eab00000, 0x00000000eaf80000, 0x0000000100000000)
  eden space 2560K, 100% used [0x00000000eab00000,0x00000000ead80000,0x00000000ead80000)
  from space 1024K, 65% used [0x00000000eae80000,0x00000000eaf28000,0x00000000eaf80000)
  to   space 1024K, 0% used [0x00000000ead80000,0x00000000ead80000,0x00000000eae80000)
 ParOldGen       total 265216K, used 264866K [0x00000000c0000000, 0x00000000d0300000, 0x00000000eab00000)
  object space 265216K, 99% used [0x00000000c0000000,0x00000000d02a8838,0x00000000d0300000)
 Metaspace       used 62604K, committed 64128K, reserved 1114112K
  class space    used 6473K, committed 7104K, reserved 1048576K
}
Event: 42.166 GC heap after
{Heap after GC invocations=334 (full 3):
 PSYoungGen      total 3584K, used 704K [0x00000000eab00000, 0x00000000eaf80000, 0x0000000100000000)
  eden space 2560K, 0% used [0x00000000eab00000,0x00000000eab00000,0x00000000ead80000)
  from space 1024K, 68% used [0x00000000ead80000,0x00000000eae30000,0x00000000eae80000)
  to   space 1024K, 0% used [0x00000000eae80000,0x00000000eae80000,0x00000000eaf80000)
 ParOldGen       total 265728K, used 265443K [0x00000000c0000000, 0x00000000d0380000, 0x00000000eab00000)
  object space 265728K, 99% used [0x00000000c0000000,0x00000000d0338d18,0x00000000d0380000)
 Metaspace       used 62604K, committed 64128K, reserved 1114112K
  class space    used 6473K, committed 7104K, reserved 1048576K
}
Event: 42.184 GC heap before
{Heap before GC invocations=335 (full 3):
 PSYoungGen      total 3584K, used 3264K [0x00000000eab00000, 0x00000000eaf80000, 0x0000000100000000)
  eden space 2560K, 100% used [0x00000000eab00000,0x00000000ead80000,0x00000000ead80000)
  from space 1024K, 68% used [0x00000000ead80000,0x00000000eae30000,0x00000000eae80000)
  to   space 1024K, 0% used [0x00000000eae80000,0x00000000eae80000,0x00000000eaf80000)
 ParOldGen       total 265728K, used 265443K [0x00000000c0000000, 0x00000000d0380000, 0x00000000eab00000)
  object space 265728K, 99% used [0x00000000c0000000,0x00000000d0338d18,0x00000000d0380000)
 Metaspace       used 62604K, committed 64128K, reserved 1114112K
  class space    used 6473K, committed 7104K, reserved 1048576K
}
Event: 42.187 GC heap after
{Heap after GC invocations=335 (full 3):
 PSYoungGen      total 3584K, used 736K [0x00000000eab00000, 0x00000000eaf80000, 0x0000000100000000)
  eden space 2560K, 0% used [0x00000000eab00000,0x00000000eab00000,0x00000000ead80000)
  from space 1024K, 71% used [0x00000000eae80000,0x00000000eaf38000,0x00000000eaf80000)
  to   space 1024K, 0% used [0x00000000ead80000,0x00000000ead80000,0x00000000eae80000)
 ParOldGen       total 266240K, used 266050K [0x00000000c0000000, 0x00000000d0400000, 0x00000000eab00000)
  object space 266240K, 99% used [0x00000000c0000000,0x00000000d03d0a88,0x00000000d0400000)
 Metaspace       used 62604K, committed 64128K, reserved 1114112K
  class space    used 6473K, committed 7104K, reserved 1048576K
}
Event: 42.230 GC heap before
{Heap before GC invocations=336 (full 3):
 PSYoungGen      total 3584K, used 3296K [0x00000000eab00000, 0x00000000eaf80000, 0x0000000100000000)
  eden space 2560K, 100% used [0x00000000eab00000,0x00000000ead80000,0x00000000ead80000)
  from space 1024K, 71% used [0x00000000eae80000,0x00000000eaf38000,0x00000000eaf80000)
  to   space 1024K, 0% used [0x00000000ead80000,0x00000000ead80000,0x00000000eae80000)
 ParOldGen       total 266240K, used 266050K [0x00000000c0000000, 0x00000000d0400000, 0x00000000eab00000)
  object space 266240K, 99% used [0x00000000c0000000,0x00000000d03d0a88,0x00000000d0400000)
 Metaspace       used 62604K, committed 64128K, reserved 1114112K
  class space    used 6473K, committed 7104K, reserved 1048576K
}
Event: 42.235 GC heap after
{Heap after GC invocations=336 (full 3):
 PSYoungGen      total 3584K, used 768K [0x00000000eab00000, 0x00000000eaf80000, 0x0000000100000000)
  eden space 2560K, 0% used [0x00000000eab00000,0x00000000eab00000,0x00000000ead80000)
  from space 1024K, 75% used [0x00000000ead80000,0x00000000eae40000,0x00000000eae80000)
  to   space 1024K, 0% used [0x00000000eae80000,0x00000000eae80000,0x00000000eaf80000)
 ParOldGen       total 266752K, used 266661K [0x00000000c0000000, 0x00000000d0480000, 0x00000000eab00000)
  object space 266752K, 99% used [0x00000000c0000000,0x00000000d0469548,0x00000000d0480000)
 Metaspace       used 62604K, committed 64128K, reserved 1114112K
  class space    used 6473K, committed 7104K, reserved 1048576K
}
Event: 42.247 GC heap before
{Heap before GC invocations=337 (full 3):
 PSYoungGen      total 3584K, used 3328K [0x00000000eab00000, 0x00000000eaf80000, 0x0000000100000000)
  eden space 2560K, 100% used [0x00000000eab00000,0x00000000ead80000,0x00000000ead80000)
  from space 1024K, 75% used [0x00000000ead80000,0x00000000eae40000,0x00000000eae80000)
  to   space 1024K, 0% used [0x00000000eae80000,0x00000000eae80000,0x00000000eaf80000)
 ParOldGen       total 266752K, used 266661K [0x00000000c0000000, 0x00000000d0480000, 0x00000000eab00000)
  object space 266752K, 99% used [0x00000000c0000000,0x00000000d0469548,0x00000000d0480000)
 Metaspace       used 62604K, committed 64128K, reserved 1114112K
  class space    used 6473K, committed 7104K, reserved 1048576K
}
Event: 42.250 GC heap after
{Heap after GC invocations=337 (full 3):
 PSYoungGen      total 3584K, used 755K [0x00000000eab00000, 0x00000000eaf80000, 0x0000000100000000)
  eden space 2560K, 0% used [0x00000000eab00000,0x00000000eab00000,0x00000000ead80000)
  from space 1024K, 73% used [0x00000000eae80000,0x00000000eaf3cfd0,0x00000000eaf80000)
  to   space 1024K, 0% used [0x00000000ead80000,0x00000000ead80000,0x00000000eae80000)
 ParOldGen       total 267776K, used 267280K [0x00000000c0000000, 0x00000000d0580000, 0x00000000eab00000)
  object space 267776K, 99% used [0x00000000c0000000,0x00000000d05042c8,0x00000000d0580000)
 Metaspace       used 62604K, committed 64128K, reserved 1114112K
  class space    used 6473K, committed 7104K, reserved 1048576K
}
Event: 42.273 GC heap before
{Heap before GC invocations=338 (full 3):
 PSYoungGen      total 3584K, used 3315K [0x00000000eab00000, 0x00000000eaf80000, 0x0000000100000000)
  eden space 2560K, 100% used [0x00000000eab00000,0x00000000ead80000,0x00000000ead80000)
  from space 1024K, 73% used [0x00000000eae80000,0x00000000eaf3cfd0,0x00000000eaf80000)
  to   space 1024K, 0% used [0x00000000ead80000,0x00000000ead80000,0x00000000eae80000)
 ParOldGen       total 267776K, used 267280K [0x00000000c0000000, 0x00000000d0580000, 0x00000000eab00000)
  object space 267776K, 99% used [0x00000000c0000000,0x00000000d05042c8,0x00000000d0580000)
 Metaspace       used 62604K, committed 64128K, reserved 1114112K
  class space    used 6473K, committed 7104K, reserved 1048576K
}
Event: 42.275 GC heap after
{Heap after GC invocations=338 (full 3):
 PSYoungGen      total 3584K, used 768K [0x00000000eab00000, 0x00000000eaf80000, 0x0000000100000000)
  eden space 2560K, 0% used [0x00000000eab00000,0x00000000eab00000,0x00000000ead80000)
  from space 1024K, 75% used [0x00000000ead80000,0x00000000eae40000,0x00000000eae80000)
  to   space 1024K, 0% used [0x00000000eae80000,0x00000000eae80000,0x00000000eaf80000)
 ParOldGen       total 268288K, used 267897K [0x00000000c0000000, 0x00000000d0600000, 0x00000000eab00000)
  object space 268288K, 99% used [0x00000000c0000000,0x00000000d059e790,0x00000000d0600000)
 Metaspace       used 62604K, committed 64128K, reserved 1114112K
  class space    used 6473K, committed 7104K, reserved 1048576K
}
Event: 42.358 GC heap before
{Heap before GC invocations=339 (full 3):
 PSYoungGen      total 3584K, used 3328K [0x00000000eab00000, 0x00000000eaf80000, 0x0000000100000000)
  eden space 2560K, 100% used [0x00000000eab00000,0x00000000ead80000,0x00000000ead80000)
  from space 1024K, 75% used [0x00000000ead80000,0x00000000eae40000,0x00000000eae80000)
  to   space 1024K, 0% used [0x00000000eae80000,0x00000000eae80000,0x00000000eaf80000)
 ParOldGen       total 268288K, used 267897K [0x00000000c0000000, 0x00000000d0600000, 0x00000000eab00000)
  object space 268288K, 99% used [0x00000000c0000000,0x00000000d059e790,0x00000000d0600000)
 Metaspace       used 62604K, committed 64128K, reserved 1114112K
  class space    used 6473K, committed 7104K, reserved 1048576K
}
Event: 42.361 GC heap after
{Heap after GC invocations=339 (full 3):
 PSYoungGen      total 3584K, used 736K [0x00000000eab00000, 0x00000000eaf80000, 0x0000000100000000)
  eden space 2560K, 0% used [0x00000000eab00000,0x00000000eab00000,0x00000000ead80000)
  from space 1024K, 71% used [0x00000000eae80000,0x00000000eaf38000,0x00000000eaf80000)
  to   space 1024K, 0% used [0x00000000ead80000,0x00000000ead80000,0x00000000eae80000)
 ParOldGen       total 268800K, used 268514K [0x00000000c0000000, 0x00000000d0680000, 0x00000000eab00000)
  object space 268800K, 99% used [0x00000000c0000000,0x00000000d06389e8,0x00000000d0680000)
 Metaspace       used 62604K, committed 64128K, reserved 1114112K
  class space    used 6473K, committed 7104K, reserved 1048576K
}
Event: 42.419 GC heap before
{Heap before GC invocations=340 (full 3):
 PSYoungGen      total 3584K, used 3296K [0x00000000eab00000, 0x00000000eaf80000, 0x0000000100000000)
  eden space 2560K, 100% used [0x00000000eab00000,0x00000000ead80000,0x00000000ead80000)
  from space 1024K, 71% used [0x00000000eae80000,0x00000000eaf38000,0x00000000eaf80000)
  to   space 1024K, 0% used [0x00000000ead80000,0x00000000ead80000,0x00000000eae80000)
 ParOldGen       total 268800K, used 268514K [0x00000000c0000000, 0x00000000d0680000, 0x00000000eab00000)
  object space 268800K, 99% used [0x00000000c0000000,0x00000000d06389e8,0x00000000d0680000)
 Metaspace       used 62604K, committed 64128K, reserved 1114112K
  class space    used 6473K, committed 7104K, reserved 1048576K
}
Event: 42.421 GC heap after
{Heap after GC invocations=340 (full 3):
 PSYoungGen      total 3584K, used 768K [0x00000000eab00000, 0x00000000eaf80000, 0x0000000100000000)
  eden space 2560K, 0% used [0x00000000eab00000,0x00000000eab00000,0x00000000ead80000)
  from space 1024K, 75% used [0x00000000ead80000,0x00000000eae40000,0x00000000eae80000)
  to   space 1024K, 0% used [0x00000000eae80000,0x00000000eae80000,0x00000000eaf80000)
 ParOldGen       total 269312K, used 269100K [0x00000000c0000000, 0x00000000d0700000, 0x00000000eab00000)
  object space 269312K, 99% used [0x00000000c0000000,0x00000000d06cb3a8,0x00000000d0700000)
 Metaspace       used 62604K, committed 64128K, reserved 1114112K
  class space    used 6473K, committed 7104K, reserved 1048576K
}
Event: 42.476 GC heap before
{Heap before GC invocations=341 (full 3):
 PSYoungGen      total 3584K, used 3327K [0x00000000eab00000, 0x00000000eaf80000, 0x0000000100000000)
  eden space 2560K, 99% used [0x00000000eab00000,0x00000000ead7ffe8,0x00000000ead80000)
  from space 1024K, 75% used [0x00000000ead80000,0x00000000eae40000,0x00000000eae80000)
  to   space 1024K, 0% used [0x00000000eae80000,0x00000000eae80000,0x00000000eaf80000)
 ParOldGen       total 269312K, used 269100K [0x00000000c0000000, 0x00000000d0700000, 0x00000000eab00000)
  object space 269312K, 99% used [0x00000000c0000000,0x00000000d06cb3a8,0x00000000d0700000)
 Metaspace       used 62604K, committed 64128K, reserved 1114112K
  class space    used 6473K, committed 7104K, reserved 1048576K
}
Event: 42.478 GC heap after
{Heap after GC invocations=341 (full 3):
 PSYoungGen      total 3584K, used 736K [0x00000000eab00000, 0x00000000eaf80000, 0x0000000100000000)
  eden space 2560K, 0% used [0x00000000eab00000,0x00000000eab00000,0x00000000ead80000)
  from space 1024K, 71% used [0x00000000eae80000,0x00000000eaf38000,0x00000000eaf80000)
  to   space 1024K, 0% used [0x00000000ead80000,0x00000000ead80000,0x00000000eae80000)
 ParOldGen       total 269824K, used 269719K [0x00000000c0000000, 0x00000000d0780000, 0x00000000eab00000)
  object space 269824K, 99% used [0x00000000c0000000,0x00000000d0765ce8,0x00000000d0780000)
 Metaspace       used 62604K, committed 64128K, reserved 1114112K
  class space    used 6473K, committed 7104K, reserved 1048576K
}
Event: 42.497 GC heap before
{Heap before GC invocations=342 (full 3):
 PSYoungGen      total 3584K, used 3296K [0x00000000eab00000, 0x00000000eaf80000, 0x0000000100000000)
  eden space 2560K, 100% used [0x00000000eab00000,0x00000000ead80000,0x00000000ead80000)
  from space 1024K, 71% used [0x00000000eae80000,0x00000000eaf38000,0x00000000eaf80000)
  to   space 1024K, 0% used [0x00000000ead80000,0x00000000ead80000,0x00000000eae80000)
 ParOldGen       total 269824K, used 269719K [0x00000000c0000000, 0x00000000d0780000, 0x00000000eab00000)
  object space 269824K, 99% used [0x00000000c0000000,0x00000000d0765ce8,0x00000000d0780000)
 Metaspace       used 62604K, committed 64128K, reserved 1114112K
  class space    used 6473K, committed 7104K, reserved 1048576K
}
Event: 42.499 GC heap after
{Heap after GC invocations=342 (full 3):
 PSYoungGen      total 3584K, used 782K [0x00000000eab00000, 0x00000000eaf80000, 0x0000000100000000)
  eden space 2560K, 0% used [0x00000000eab00000,0x00000000eab00000,0x00000000ead80000)
  from space 1024K, 76% used [0x00000000ead80000,0x00000000eae438f8,0x00000000eae80000)
  to   space 1024K, 0% used [0x00000000eae80000,0x00000000eae80000,0x00000000eaf80000)
 ParOldGen       total 270336K, used 270330K [0x00000000c0000000, 0x00000000d0800000, 0x00000000eab00000)
  object space 270336K, 99% used [0x00000000c0000000,0x00000000d07febb0,0x00000000d0800000)
 Metaspace       used 62604K, committed 64128K, reserved 1114112K
  class space    used 6473K, committed 7104K, reserved 1048576K
}
Event: 42.511 GC heap before
{Heap before GC invocations=343 (full 3):
 PSYoungGen      total 3584K, used 3342K [0x00000000eab00000, 0x00000000eaf80000, 0x0000000100000000)
  eden space 2560K, 100% used [0x00000000eab00000,0x00000000ead80000,0x00000000ead80000)
  from space 1024K, 76% used [0x00000000ead80000,0x00000000eae438f8,0x00000000eae80000)
  to   space 1024K, 0% used [0x00000000eae80000,0x00000000eae80000,0x00000000eaf80000)
 ParOldGen       total 270336K, used 270330K [0x00000000c0000000, 0x00000000d0800000, 0x00000000eab00000)
  object space 270336K, 99% used [0x00000000c0000000,0x00000000d07febb0,0x00000000d0800000)
 Metaspace       used 62604K, committed 64128K, reserved 1114112K
  class space    used 6473K, committed 7104K, reserved 1048576K
}

