# JRE version: OpenJDK Runtime Environment Temurin-21.0.7+6 (21.0.7+6) (build 21.0.7+6-LTS)
# Java VM: OpenJDK 64-Bit Server VM Temurin-21.0.7+6 (21.0.7+6-LTS, mixed mode, sharing, tiered, compressed oops, compressed class ptrs, parallel gc, windows-amd64)
GC Precious Log:
 CardTable entry size: 512
 CPUs: 8 total, 8 available
 Memory: 12167M
 Large Page Support: Disabled
 NUMA Support: Disabled
 Compressed Oops: Enabled (32-bit)
 Alignments: Space 512K, Generation 512K, Heap 2M
 Heap Min Capacity: 100M
 Heap Initial Capacity: 100M
 Heap Max Capacity: 1G
 Pre-touch: Disabled
 Parallel Workers: 8
Heap:
 PSYoungGen      total 5632K, used 3041K [0x00000000eab00000, 0x00000000eb180000, 0x0000000100000000)
  eden space 4608K, 51% used [0x00000000eab00000,0x00000000ead55d70,0x00000000eaf80000)
  from space 1024K, 63% used [0x00000000eaf80000,0x00000000eb022930,0x00000000eb080000)
  to   space 1024K, 0% used [0x00000000eb080000,0x00000000eb080000,0x00000000eb180000)
 ParOldGen       total 305152K, used 304950K [0x00000000c0000000, 0x00000000d2a00000, 0x00000000eab00000)
  object space 305152K, 99% used [0x00000000c0000000,0x00000000d29cd980,0x00000000d2a00000)
 Metaspace       used 73828K, committed 75520K, reserved 1179648K
  class space    used 7650K, committed 8384K, reserved 1048576K
GC Heap History (20 events):
Event: 1533.655 GC heap before
{Heap before GC invocations=1091 (full 4):
 PSYoungGen      total 5120K, used 5108K [0x00000000eab00000, 0x00000000eb200000, 0x0000000100000000)
  eden space 4608K, 100% used [0x00000000eab00000,0x00000000eaf80000,0x00000000eaf80000)
  from space 512K, 97% used [0x00000000eb100000,0x00000000eb17d220,0x00000000eb180000)
  to   space 512K, 0% used [0x00000000eb180000,0x00000000eb180000,0x00000000eb200000)
 ParOldGen       total 301568K, used 301367K [0x00000000c0000000, 0x00000000d2680000, 0x00000000eab00000)
  object space 301568K, 99% used [0x00000000c0000000,0x00000000d264de70,0x00000000d2680000)
 Metaspace       used 73724K, committed 75456K, reserved 1179648K
  class space    used 7650K, committed 8384K, reserved 1048576K
}
Event: 1533.666 GC heap after
{Heap after GC invocations=1091 (full 4):
 PSYoungGen      total 5120K, used 500K [0x00000000eab00000, 0x00000000eb280000, 0x0000000100000000)
  eden space 4608K, 0% used [0x00000000eab00000,0x00000000eab00000,0x00000000eaf80000)
  from space 512K, 97% used [0x00000000eb180000,0x00000000eb1fd200,0x00000000eb200000)
  to   space 1536K, 0% used [0x00000000eaf80000,0x00000000eaf80000,0x00000000eb100000)
 ParOldGen       total 302080K, used 301924K [0x00000000c0000000, 0x00000000d2700000, 0x00000000eab00000)
  object space 302080K, 99% used [0x00000000c0000000,0x00000000d26d90b0,0x00000000d2700000)
 Metaspace       used 73724K, committed 75456K, reserved 1179648K
  class space    used 7650K, committed 8384K, reserved 1048576K
}
Event: 1551.266 GC heap before
{Heap before GC invocations=1092 (full 4):
 PSYoungGen      total 5120K, used 5106K [0x00000000eab00000, 0x00000000eb280000, 0x0000000100000000)
  eden space 4608K, 99% used [0x00000000eab00000,0x00000000eaf7f820,0x00000000eaf80000)
  from space 512K, 97% used [0x00000000eb180000,0x00000000eb1fd200,0x00000000eb200000)
  to   space 1536K, 0% used [0x00000000eaf80000,0x00000000eaf80000,0x00000000eb100000)
 ParOldGen       total 302080K, used 301924K [0x00000000c0000000, 0x00000000d2700000, 0x00000000eab00000)
  object space 302080K, 99% used [0x00000000c0000000,0x00000000d26d90b0,0x00000000d2700000)
 Metaspace       used 73736K, committed 75456K, reserved 1179648K
  class space    used 7650K, committed 8384K, reserved 1048576K
}
Event: 1551.271 GC heap after
{Heap after GC invocations=1092 (full 4):
 PSYoungGen      total 6144K, used 544K [0x00000000eab00000, 0x00000000eb200000, 0x0000000100000000)
  eden space 4608K, 0% used [0x00000000eab00000,0x00000000eab00000,0x00000000eaf80000)
  from space 1536K, 35% used [0x00000000eaf80000,0x00000000eb008000,0x00000000eb100000)
  to   space 1024K, 0% used [0x00000000eb100000,0x00000000eb100000,0x00000000eb200000)
 ParOldGen       total 302592K, used 302280K [0x00000000c0000000, 0x00000000d2780000, 0x00000000eab00000)
  object space 302592K, 99% used [0x00000000c0000000,0x00000000d27322b0,0x00000000d2780000)
 Metaspace       used 73736K, committed 75456K, reserved 1179648K
  class space    used 7650K, committed 8384K, reserved 1048576K
}
Event: 1551.511 GC heap before
{Heap before GC invocations=1093 (full 4):
 PSYoungGen      total 6144K, used 5152K [0x00000000eab00000, 0x00000000eb200000, 0x0000000100000000)
  eden space 4608K, 100% used [0x00000000eab00000,0x00000000eaf80000,0x00000000eaf80000)
  from space 1536K, 35% used [0x00000000eaf80000,0x00000000eb008000,0x00000000eb100000)
  to   space 1024K, 0% used [0x00000000eb100000,0x00000000eb100000,0x00000000eb200000)
 ParOldGen       total 302592K, used 302280K [0x00000000c0000000, 0x00000000d2780000, 0x00000000eab00000)
  object space 302592K, 99% used [0x00000000c0000000,0x00000000d27322b0,0x00000000d2780000)
 Metaspace       used 73747K, committed 75456K, reserved 1179648K
  class space    used 7650K, committed 8384K, reserved 1048576K
}
Event: 1551.516 GC heap after
{Heap after GC invocations=1093 (full 4):
 PSYoungGen      total 5120K, used 128K [0x00000000eab00000, 0x00000000eb180000, 0x0000000100000000)
  eden space 4608K, 0% used [0x00000000eab00000,0x00000000eab00000,0x00000000eaf80000)
  from space 512K, 25% used [0x00000000eb100000,0x00000000eb120000,0x00000000eb180000)
  to   space 512K, 0% used [0x00000000eb080000,0x00000000eb080000,0x00000000eb100000)
 ParOldGen       total 303104K, used 302608K [0x00000000c0000000, 0x00000000d2800000, 0x00000000eab00000)
  object space 303104K, 99% used [0x00000000c0000000,0x00000000d27842b0,0x00000000d2800000)
 Metaspace       used 73747K, committed 75456K, reserved 1179648K
  class space    used 7650K, committed 8384K, reserved 1048576K
}
Event: 1674.682 GC heap before
{Heap before GC invocations=1094 (full 4):
 PSYoungGen      total 5120K, used 4735K [0x00000000eab00000, 0x00000000eb180000, 0x0000000100000000)
  eden space 4608K, 99% used [0x00000000eab00000,0x00000000eaf7ffd8,0x00000000eaf80000)
  from space 512K, 25% used [0x00000000eb100000,0x00000000eb120000,0x00000000eb180000)
  to   space 512K, 0% used [0x00000000eb080000,0x00000000eb080000,0x00000000eb100000)
 ParOldGen       total 303104K, used 302608K [0x00000000c0000000, 0x00000000d2800000, 0x00000000eab00000)
  object space 303104K, 99% used [0x00000000c0000000,0x00000000d27842b0,0x00000000d2800000)
 Metaspace       used 73750K, committed 75456K, reserved 1179648K
  class space    used 7650K, committed 8384K, reserved 1048576K
}
Event: 1674.697 GC heap after
{Heap after GC invocations=1094 (full 4):
 PSYoungGen      total 5120K, used 490K [0x00000000eab00000, 0x00000000eb180000, 0x0000000100000000)
  eden space 4608K, 0% used [0x00000000eab00000,0x00000000eab00000,0x00000000eaf80000)
  from space 512K, 95% used [0x00000000eb080000,0x00000000eb0fa910,0x00000000eb100000)
  to   space 512K, 0% used [0x00000000eb100000,0x00000000eb100000,0x00000000eb180000)
 ParOldGen       total 303104K, used 302720K [0x00000000c0000000, 0x00000000d2800000, 0x00000000eab00000)
  object space 303104K, 99% used [0x00000000c0000000,0x00000000d27a02b0,0x00000000d2800000)
 Metaspace       used 73750K, committed 75456K, reserved 1179648K
  class space    used 7650K, committed 8384K, reserved 1048576K
}
Event: 1752.481 GC heap before
{Heap before GC invocations=1095 (full 4):
 PSYoungGen      total 5120K, used 5098K [0x00000000eab00000, 0x00000000eb180000, 0x0000000100000000)
  eden space 4608K, 100% used [0x00000000eab00000,0x00000000eaf80000,0x00000000eaf80000)
  from space 512K, 95% used [0x00000000eb080000,0x00000000eb0fa910,0x00000000eb100000)
  to   space 512K, 0% used [0x00000000eb100000,0x00000000eb100000,0x00000000eb180000)
 ParOldGen       total 303104K, used 302720K [0x00000000c0000000, 0x00000000d2800000, 0x00000000eab00000)
  object space 303104K, 99% used [0x00000000c0000000,0x00000000d27a02b0,0x00000000d2800000)
 Metaspace       used 73763K, committed 75456K, reserved 1179648K
  class space    used 7650K, committed 8384K, reserved 1048576K
}
Event: 1752.526 GC heap after
{Heap after GC invocations=1095 (full 4):
 PSYoungGen      total 5120K, used 352K [0x00000000eab00000, 0x00000000eb180000, 0x0000000100000000)
  eden space 4608K, 0% used [0x00000000eab00000,0x00000000eab00000,0x00000000eaf80000)
  from space 512K, 68% used [0x00000000eb100000,0x00000000eb158000,0x00000000eb180000)
  to   space 512K, 0% used [0x00000000eb080000,0x00000000eb080000,0x00000000eb100000)
 ParOldGen       total 303104K, used 303101K [0x00000000c0000000, 0x00000000d2800000, 0x00000000eab00000)
  object space 303104K, 99% used [0x00000000c0000000,0x00000000d27ff4c0,0x00000000d2800000)
 Metaspace       used 73763K, committed 75456K, reserved 1179648K
  class space    used 7650K, committed 8384K, reserved 1048576K
}
Event: 1753.080 GC heap before
{Heap before GC invocations=1096 (full 4):
 PSYoungGen      total 5120K, used 4960K [0x00000000eab00000, 0x00000000eb180000, 0x0000000100000000)
  eden space 4608K, 100% used [0x00000000eab00000,0x00000000eaf80000,0x00000000eaf80000)
  from space 512K, 68% used [0x00000000eb100000,0x00000000eb158000,0x00000000eb180000)
  to   space 512K, 0% used [0x00000000eb080000,0x00000000eb080000,0x00000000eb100000)
 ParOldGen       total 303104K, used 303101K [0x00000000c0000000, 0x00000000d2800000, 0x00000000eab00000)
  object space 303104K, 99% used [0x00000000c0000000,0x00000000d27ff4c0,0x00000000d2800000)
 Metaspace       used 73769K, committed 75456K, reserved 1179648K
  class space    used 7650K, committed 8384K, reserved 1048576K
}
Event: 1753.086 GC heap after
{Heap after GC invocations=1096 (full 4):
 PSYoungGen      total 5120K, used 506K [0x00000000eab00000, 0x00000000eb280000, 0x0000000100000000)
  eden space 4608K, 0% used [0x00000000eab00000,0x00000000eab00000,0x00000000eaf80000)
  from space 512K, 98% used [0x00000000eb080000,0x00000000eb0fe940,0x00000000eb100000)
  to   space 1536K, 0% used [0x00000000eb100000,0x00000000eb100000,0x00000000eb280000)
 ParOldGen       total 303616K, used 303549K [0x00000000c0000000, 0x00000000d2880000, 0x00000000eab00000)
  object space 303616K, 99% used [0x00000000c0000000,0x00000000d286f4c0,0x00000000d2880000)
 Metaspace       used 73769K, committed 75456K, reserved 1179648K
  class space    used 7650K, committed 8384K, reserved 1048576K
}
Event: 1874.286 GC heap before
{Heap before GC invocations=1097 (full 4):
 PSYoungGen      total 5120K, used 5114K [0x00000000eab00000, 0x00000000eb280000, 0x0000000100000000)
  eden space 4608K, 100% used [0x00000000eab00000,0x00000000eaf80000,0x00000000eaf80000)
  from space 512K, 98% used [0x00000000eb080000,0x00000000eb0fe940,0x00000000eb100000)
  to   space 1536K, 0% used [0x00000000eb100000,0x00000000eb100000,0x00000000eb280000)
 ParOldGen       total 303616K, used 303549K [0x00000000c0000000, 0x00000000d2880000, 0x00000000eab00000)
  object space 303616K, 99% used [0x00000000c0000000,0x00000000d286f4c0,0x00000000d2880000)
 Metaspace       used 73792K, committed 75456K, reserved 1179648K
  class space    used 7650K, committed 8384K, reserved 1048576K
}
Event: 1874.298 GC heap after
{Heap after GC invocations=1097 (full 4):
 PSYoungGen      total 5632K, used 692K [0x00000000eab00000, 0x00000000eb200000, 0x0000000100000000)
  eden space 4608K, 0% used [0x00000000eab00000,0x00000000eab00000,0x00000000eaf80000)
  from space 1024K, 67% used [0x00000000eb100000,0x00000000eb1ad200,0x00000000eb200000)
  to   space 1024K, 0% used [0x00000000eb000000,0x00000000eb000000,0x00000000eb100000)
 ParOldGen       total 304128K, used 304041K [0x00000000c0000000, 0x00000000d2900000, 0x00000000eab00000)
  object space 304128K, 99% used [0x00000000c0000000,0x00000000d28ea710,0x00000000d2900000)
 Metaspace       used 73792K, committed 75456K, reserved 1179648K
  class space    used 7650K, committed 8384K, reserved 1048576K
}
Event: 1961.076 GC heap before
{Heap before GC invocations=1098 (full 4):
 PSYoungGen      total 5632K, used 5300K [0x00000000eab00000, 0x00000000eb200000, 0x0000000100000000)
  eden space 4608K, 100% used [0x00000000eab00000,0x00000000eaf80000,0x00000000eaf80000)
  from space 1024K, 67% used [0x00000000eb100000,0x00000000eb1ad200,0x00000000eb200000)
  to   space 1024K, 0% used [0x00000000eb000000,0x00000000eb000000,0x00000000eb100000)
 ParOldGen       total 304128K, used 304041K [0x00000000c0000000, 0x00000000d2900000, 0x00000000eab00000)
  object space 304128K, 99% used [0x00000000c0000000,0x00000000d28ea710,0x00000000d2900000)
 Metaspace       used 73805K, committed 75520K, reserved 1179648K
  class space    used 7650K, committed 8384K, reserved 1048576K
}
Event: 1961.221 GC heap after
{Heap after GC invocations=1098 (full 4):
 PSYoungGen      total 5632K, used 352K [0x00000000eab00000, 0x00000000eb180000, 0x0000000100000000)
  eden space 4608K, 0% used [0x00000000eab00000,0x00000000eab00000,0x00000000eaf80000)
  from space 1024K, 34% used [0x00000000eb000000,0x00000000eb058040,0x00000000eb100000)
  to   space 512K, 0% used [0x00000000eb100000,0x00000000eb100000,0x00000000eb180000)
 ParOldGen       total 304640K, used 304137K [0x00000000c0000000, 0x00000000d2980000, 0x00000000eab00000)
  object space 304640K, 99% used [0x00000000c0000000,0x00000000d2902710,0x00000000d2980000)
 Metaspace       used 73805K, committed 75520K, reserved 1179648K
  class space    used 7650K, committed 8384K, reserved 1048576K
}
Event: 1963.919 GC heap before
{Heap before GC invocations=1099 (full 4):
 PSYoungGen      total 5632K, used 4960K [0x00000000eab00000, 0x00000000eb180000, 0x0000000100000000)
  eden space 4608K, 100% used [0x00000000eab00000,0x00000000eaf80000,0x00000000eaf80000)
  from space 1024K, 34% used [0x00000000eb000000,0x00000000eb058040,0x00000000eb100000)
  to   space 512K, 0% used [0x00000000eb100000,0x00000000eb100000,0x00000000eb180000)
 ParOldGen       total 304640K, used 304137K [0x00000000c0000000, 0x00000000d2980000, 0x00000000eab00000)
  object space 304640K, 99% used [0x00000000c0000000,0x00000000d2902710,0x00000000d2980000)
 Metaspace       used 73811K, committed 75520K, reserved 1179648K
  class space    used 7650K, committed 8384K, reserved 1048576K
}
Event: 1963.941 GC heap after
{Heap after GC invocations=1099 (full 4):
 PSYoungGen      total 5120K, used 506K [0x00000000eab00000, 0x00000000eb180000, 0x0000000100000000)
  eden space 4608K, 0% used [0x00000000eab00000,0x00000000eab00000,0x00000000eaf80000)
  from space 512K, 98% used [0x00000000eb100000,0x00000000eb17e960,0x00000000eb180000)
  to   space 1024K, 0% used [0x00000000eaf80000,0x00000000eaf80000,0x00000000eb080000)
 ParOldGen       total 304640K, used 304508K [0x00000000c0000000, 0x00000000d2980000, 0x00000000eab00000)
  object space 304640K, 99% used [0x00000000c0000000,0x00000000d295f020,0x00000000d2980000)
 Metaspace       used 73811K, committed 75520K, reserved 1179648K
  class space    used 7650K, committed 8384K, reserved 1048576K
}
Event: 2010.977 GC heap before
{Heap before GC invocations=1100 (full 4):
 PSYoungGen      total 5120K, used 5114K [0x00000000eab00000, 0x00000000eb180000, 0x0000000100000000)
  eden space 4608K, 100% used [0x00000000eab00000,0x00000000eaf80000,0x00000000eaf80000)
  from space 512K, 98% used [0x00000000eb100000,0x00000000eb17e960,0x00000000eb180000)
  to   space 1024K, 0% used [0x00000000eaf80000,0x00000000eaf80000,0x00000000eb080000)
 ParOldGen       total 304640K, used 304508K [0x00000000c0000000, 0x00000000d2980000, 0x00000000eab00000)
  object space 304640K, 99% used [0x00000000c0000000,0x00000000d295f020,0x00000000d2980000)
 Metaspace       used 73826K, committed 75520K, reserved 1179648K
  class space    used 7650K, committed 8384K, reserved 1048576K
}
Event: 2011.019 GC heap after
{Heap after GC invocations=1100 (full 4):
 PSYoungGen      total 5632K, used 650K [0x00000000eab00000, 0x00000000eb180000, 0x0000000100000000)
  eden space 4608K, 0% used [0x00000000eab00000,0x00000000eab00000,0x00000000eaf80000)
  from space 1024K, 63% used [0x00000000eaf80000,0x00000000eb022930,0x00000000eb080000)
  to   space 1024K, 0% used [0x00000000eb080000,0x00000000eb080000,0x00000000eb180000)
 ParOldGen       total 305152K, used 304950K [0x00000000c0000000, 0x00000000d2a00000, 0x00000000eab00000)
  object space 305152K, 99% used [0x00000000c0000000,0x00000000d29cd980,0x00000000d2a00000)
 Metaspace       used 73826K, committed 75520K, reserved 1179648K
  class space    used 7650K, committed 8384K, reserved 1048576K
}

