# JRE version: OpenJDK Runtime Environment Temurin-21.0.7+6 (21.0.7+6) (build 21.0.7+6-LTS)
# Java VM: OpenJDK 64-Bit Server VM Temurin-21.0.7+6 (21.0.7+6-LTS, mixed mode, sharing, tiered, compressed oops, compressed class ptrs, parallel gc, windows-amd64)
GC Precious Log:
 CardTable entry size: 512
 CPUs: 8 total, 8 available
 Memory: 12167M
 Large Page Support: Disabled
 NUMA Support: Disabled
 Compressed Oops: Enabled (32-bit)
 Alignments: Space 512K, Generation 512K, Heap 2M
 Heap Min Capacity: 100M
 Heap Initial Capacity: 100M
 Heap Max Capacity: 1G
 Pre-touch: Disabled
 Parallel Workers: 8
Heap:
 PSYoungGen      total 14848K, used 8564K [0x00000000eab00000, 0x00000000ec200000, 0x0000000100000000)
  eden space 14336K, 57% used [0x00000000eab00000,0x00000000eb31d200,0x00000000eb900000)
  from space 512K, 50% used [0x00000000ec180000,0x00000000ec1c0000,0x00000000ec200000)
  to   space 512K, 0% used [0x00000000ec100000,0x00000000ec100000,0x00000000ec180000)
 ParOldGen       total 161280K, used 160999K [0x00000000c0000000, 0x00000000c9d80000, 0x00000000eab00000)
  object space 161280K, 99% used [0x00000000c0000000,0x00000000c9d39d90,0x00000000c9d80000)
 Metaspace       used 69139K, committed 70720K, reserved 1114112K
  class space    used 7060K, committed 7744K, reserved 1048576K
GC Heap History (20 events):
Event: 10394.094 GC heap before
{Heap before GC invocations=86 (full 3):
 PSYoungGen      total 14848K, used 14480K [0x00000000eab00000, 0x00000000ec400000, 0x0000000100000000)
  eden space 14336K, 100% used [0x00000000eab00000,0x00000000eb900000,0x00000000eb900000)
  from space 512K, 28% used [0x00000000ec380000,0x00000000ec3a4010,0x00000000ec400000)
  to   space 512K, 0% used [0x00000000ec300000,0x00000000ec300000,0x00000000ec380000)
 ParOldGen       total 155136K, used 154820K [0x00000000c0000000, 0x00000000c9780000, 0x00000000eab00000)
  object space 155136K, 99% used [0x00000000c0000000,0x00000000c97313b0,0x00000000c9780000)
 Metaspace       used 67220K, committed 68736K, reserved 1114112K
  class space    used 6895K, committed 7552K, reserved 1048576K
}
Event: 10394.474 GC heap after
{Heap after GC invocations=86 (full 3):
 PSYoungGen      total 14848K, used 506K [0x00000000eab00000, 0x00000000ec400000, 0x0000000100000000)
  eden space 14336K, 0% used [0x00000000eab00000,0x00000000eab00000,0x00000000eb900000)
  from space 512K, 98% used [0x00000000ec300000,0x00000000ec37e940,0x00000000ec380000)
  to   space 512K, 0% used [0x00000000ec380000,0x00000000ec380000,0x00000000ec400000)
 ParOldGen       total 155648K, used 155228K [0x00000000c0000000, 0x00000000c9800000, 0x00000000eab00000)
  object space 155648K, 99% used [0x00000000c0000000,0x00000000c97973c0,0x00000000c9800000)
 Metaspace       used 67220K, committed 68736K, reserved 1114112K
  class space    used 6895K, committed 7552K, reserved 1048576K
}
Event: 12761.323 GC heap before
{Heap before GC invocations=87 (full 3):
 PSYoungGen      total 14848K, used 14842K [0x00000000eab00000, 0x00000000ec400000, 0x0000000100000000)
  eden space 14336K, 100% used [0x00000000eab00000,0x00000000eb900000,0x00000000eb900000)
  from space 512K, 98% used [0x00000000ec300000,0x00000000ec37e940,0x00000000ec380000)
  to   space 512K, 0% used [0x00000000ec380000,0x00000000ec380000,0x00000000ec400000)
 ParOldGen       total 155648K, used 155228K [0x00000000c0000000, 0x00000000c9800000, 0x00000000eab00000)
  object space 155648K, 99% used [0x00000000c0000000,0x00000000c97973c0,0x00000000c9800000)
 Metaspace       used 67356K, committed 68928K, reserved 1114112K
  class space    used 6901K, committed 7552K, reserved 1048576K
}
Event: 12761.352 GC heap after
{Heap after GC invocations=87 (full 3):
 PSYoungGen      total 14848K, used 500K [0x00000000eab00000, 0x00000000ec400000, 0x0000000100000000)
  eden space 14336K, 0% used [0x00000000eab00000,0x00000000eab00000,0x00000000eb900000)
  from space 512K, 97% used [0x00000000ec380000,0x00000000ec3fd210,0x00000000ec400000)
  to   space 1024K, 0% used [0x00000000ec200000,0x00000000ec200000,0x00000000ec300000)
 ParOldGen       total 155648K, used 155585K [0x00000000c0000000, 0x00000000c9800000, 0x00000000eab00000)
  object space 155648K, 99% used [0x00000000c0000000,0x00000000c97f05f0,0x00000000c9800000)
 Metaspace       used 67356K, committed 68928K, reserved 1114112K
  class space    used 6901K, committed 7552K, reserved 1048576K
}
Event: 12761.840 GC heap before
{Heap before GC invocations=88 (full 3):
 PSYoungGen      total 14848K, used 14836K [0x00000000eab00000, 0x00000000ec400000, 0x0000000100000000)
  eden space 14336K, 100% used [0x00000000eab00000,0x00000000eb900000,0x00000000eb900000)
  from space 512K, 97% used [0x00000000ec380000,0x00000000ec3fd210,0x00000000ec400000)
  to   space 1024K, 0% used [0x00000000ec200000,0x00000000ec200000,0x00000000ec300000)
 ParOldGen       total 155648K, used 155585K [0x00000000c0000000, 0x00000000c9800000, 0x00000000eab00000)
  object space 155648K, 99% used [0x00000000c0000000,0x00000000c97f05f0,0x00000000c9800000)
 Metaspace       used 67688K, committed 69312K, reserved 1114112K
  class space    used 6941K, committed 7616K, reserved 1048576K
}
Event: 12761.849 GC heap after
{Heap after GC invocations=88 (full 3):
 PSYoungGen      total 15360K, used 998K [0x00000000eab00000, 0x00000000ec400000, 0x0000000100000000)
  eden space 14336K, 0% used [0x00000000eab00000,0x00000000eab00000,0x00000000eb900000)
  from space 1024K, 97% used [0x00000000ec200000,0x00000000ec2f99f0,0x00000000ec300000)
  to   space 1024K, 0% used [0x00000000ec300000,0x00000000ec300000,0x00000000ec400000)
 ParOldGen       total 157184K, used 156799K [0x00000000c0000000, 0x00000000c9980000, 0x00000000eab00000)
  object space 157184K, 99% used [0x00000000c0000000,0x00000000c991fc58,0x00000000c9980000)
 Metaspace       used 67688K, committed 69312K, reserved 1114112K
  class space    used 6941K, committed 7616K, reserved 1048576K
}
Event: 12825.138 GC heap before
{Heap before GC invocations=89 (full 3):
 PSYoungGen      total 15360K, used 15334K [0x00000000eab00000, 0x00000000ec400000, 0x0000000100000000)
  eden space 14336K, 100% used [0x00000000eab00000,0x00000000eb900000,0x00000000eb900000)
  from space 1024K, 97% used [0x00000000ec200000,0x00000000ec2f99f0,0x00000000ec300000)
  to   space 1024K, 0% used [0x00000000ec300000,0x00000000ec300000,0x00000000ec400000)
 ParOldGen       total 157184K, used 156799K [0x00000000c0000000, 0x00000000c9980000, 0x00000000eab00000)
  object space 157184K, 99% used [0x00000000c0000000,0x00000000c991fc58,0x00000000c9980000)
 Metaspace       used 68048K, committed 69696K, reserved 1114112K
  class space    used 6993K, committed 7680K, reserved 1048576K
}
Event: 12825.140 GC heap after
{Heap after GC invocations=89 (full 3):
 PSYoungGen      total 14848K, used 320K [0x00000000eab00000, 0x00000000ec380000, 0x0000000100000000)
  eden space 14336K, 0% used [0x00000000eab00000,0x00000000eab00000,0x00000000eb900000)
  from space 512K, 62% used [0x00000000ec300000,0x00000000ec350020,0x00000000ec380000)
  to   space 1024K, 0% used [0x00000000ec180000,0x00000000ec180000,0x00000000ec280000)
 ParOldGen       total 157696K, used 157663K [0x00000000c0000000, 0x00000000c9a00000, 0x00000000eab00000)
  object space 157696K, 99% used [0x00000000c0000000,0x00000000c99f7c78,0x00000000c9a00000)
 Metaspace       used 68048K, committed 69696K, reserved 1114112K
  class space    used 6993K, committed 7680K, reserved 1048576K
}
Event: 12825.597 GC heap before
{Heap before GC invocations=90 (full 3):
 PSYoungGen      total 14848K, used 14656K [0x00000000eab00000, 0x00000000ec380000, 0x0000000100000000)
  eden space 14336K, 100% used [0x00000000eab00000,0x00000000eb900000,0x00000000eb900000)
  from space 512K, 62% used [0x00000000ec300000,0x00000000ec350020,0x00000000ec380000)
  to   space 1024K, 0% used [0x00000000ec180000,0x00000000ec180000,0x00000000ec280000)
 ParOldGen       total 157696K, used 157663K [0x00000000c0000000, 0x00000000c9a00000, 0x00000000eab00000)
  object space 157696K, 99% used [0x00000000c0000000,0x00000000c99f7c78,0x00000000c9a00000)
 Metaspace       used 68207K, committed 69824K, reserved 1114112K
  class space    used 7002K, committed 7680K, reserved 1048576K
}
Event: 12825.602 GC heap after
{Heap after GC invocations=90 (full 3):
 PSYoungGen      total 15360K, used 1012K [0x00000000eab00000, 0x00000000ec380000, 0x0000000100000000)
  eden space 14336K, 0% used [0x00000000eab00000,0x00000000eab00000,0x00000000eb900000)
  from space 1024K, 98% used [0x00000000ec180000,0x00000000ec27d200,0x00000000ec280000)
  to   space 1024K, 0% used [0x00000000ec280000,0x00000000ec280000,0x00000000ec380000)
 ParOldGen       total 158720K, used 158427K [0x00000000c0000000, 0x00000000c9b00000, 0x00000000eab00000)
  object space 158720K, 99% used [0x00000000c0000000,0x00000000c9ab6ee8,0x00000000c9b00000)
 Metaspace       used 68207K, committed 69824K, reserved 1114112K
  class space    used 7002K, committed 7680K, reserved 1048576K
}
Event: 12826.204 GC heap before
{Heap before GC invocations=91 (full 3):
 PSYoungGen      total 15360K, used 15348K [0x00000000eab00000, 0x00000000ec380000, 0x0000000100000000)
  eden space 14336K, 100% used [0x00000000eab00000,0x00000000eb900000,0x00000000eb900000)
  from space 1024K, 98% used [0x00000000ec180000,0x00000000ec27d200,0x00000000ec280000)
  to   space 1024K, 0% used [0x00000000ec280000,0x00000000ec280000,0x00000000ec380000)
 ParOldGen       total 158720K, used 158427K [0x00000000c0000000, 0x00000000c9b00000, 0x00000000eab00000)
  object space 158720K, 99% used [0x00000000c0000000,0x00000000c9ab6ee8,0x00000000c9b00000)
 Metaspace       used 68575K, committed 70208K, reserved 1114112K
  class space    used 7032K, committed 7744K, reserved 1048576K
}
Event: 12826.206 GC heap after
{Heap after GC invocations=91 (full 3):
 PSYoungGen      total 15360K, used 1012K [0x00000000eab00000, 0x00000000ec380000, 0x0000000100000000)
  eden space 14336K, 0% used [0x00000000eab00000,0x00000000eab00000,0x00000000eb900000)
  from space 1024K, 98% used [0x00000000ec280000,0x00000000ec37d220,0x00000000ec380000)
  to   space 2560K, 0% used [0x00000000ebe80000,0x00000000ebe80000,0x00000000ec100000)
 ParOldGen       total 159744K, used 159600K [0x00000000c0000000, 0x00000000c9c00000, 0x00000000eab00000)
  object space 159744K, 99% used [0x00000000c0000000,0x00000000c9bdc0f8,0x00000000c9c00000)
 Metaspace       used 68575K, committed 70208K, reserved 1114112K
  class space    used 7032K, committed 7744K, reserved 1048576K
}
Event: 12828.146 GC heap before
{Heap before GC invocations=92 (full 3):
 PSYoungGen      total 15360K, used 15348K [0x00000000eab00000, 0x00000000ec380000, 0x0000000100000000)
  eden space 14336K, 100% used [0x00000000eab00000,0x00000000eb900000,0x00000000eb900000)
  from space 1024K, 98% used [0x00000000ec280000,0x00000000ec37d220,0x00000000ec380000)
  to   space 2560K, 0% used [0x00000000ebe80000,0x00000000ebe80000,0x00000000ec100000)
 ParOldGen       total 159744K, used 159600K [0x00000000c0000000, 0x00000000c9c00000, 0x00000000eab00000)
  object space 159744K, 99% used [0x00000000c0000000,0x00000000c9bdc0f8,0x00000000c9c00000)
 Metaspace       used 68653K, committed 70336K, reserved 1114112K
  class space    used 7034K, committed 7744K, reserved 1048576K
}
Event: 12828.150 GC heap after
{Heap after GC invocations=92 (full 3):
 PSYoungGen      total 16896K, used 416K [0x00000000eab00000, 0x00000000ec300000, 0x0000000100000000)
  eden space 14336K, 0% used [0x00000000eab00000,0x00000000eab00000,0x00000000eb900000)
  from space 2560K, 16% used [0x00000000ebe80000,0x00000000ebee8000,0x00000000ec100000)
  to   space 1536K, 0% used [0x00000000ec180000,0x00000000ec180000,0x00000000ec300000)
 ParOldGen       total 160768K, used 160583K [0x00000000c0000000, 0x00000000c9d00000, 0x00000000eab00000)
  object space 160768K, 99% used [0x00000000c0000000,0x00000000c9cd1d90,0x00000000c9d00000)
 Metaspace       used 68653K, committed 70336K, reserved 1114112K
  class space    used 7034K, committed 7744K, reserved 1048576K
}
Event: 12891.535 GC heap before
{Heap before GC invocations=93 (full 3):
 PSYoungGen      total 16896K, used 14752K [0x00000000eab00000, 0x00000000ec300000, 0x0000000100000000)
  eden space 14336K, 100% used [0x00000000eab00000,0x00000000eb900000,0x00000000eb900000)
  from space 2560K, 16% used [0x00000000ebe80000,0x00000000ebee8000,0x00000000ec100000)
  to   space 1536K, 0% used [0x00000000ec180000,0x00000000ec180000,0x00000000ec300000)
 ParOldGen       total 160768K, used 160583K [0x00000000c0000000, 0x00000000c9d00000, 0x00000000eab00000)
  object space 160768K, 99% used [0x00000000c0000000,0x00000000c9cd1d90,0x00000000c9d00000)
 Metaspace       used 68761K, committed 70400K, reserved 1114112K
  class space    used 7038K, committed 7744K, reserved 1048576K
}
Event: 12891.538 GC heap after
{Heap after GC invocations=93 (full 3):
 PSYoungGen      total 15360K, used 644K [0x00000000eab00000, 0x00000000ec280000, 0x0000000100000000)
  eden space 14336K, 0% used [0x00000000eab00000,0x00000000eab00000,0x00000000eb900000)
  from space 1024K, 62% used [0x00000000ec180000,0x00000000ec221210,0x00000000ec280000)
  to   space 1024K, 0% used [0x00000000ec080000,0x00000000ec080000,0x00000000ec180000)
 ParOldGen       total 161280K, used 160823K [0x00000000c0000000, 0x00000000c9d80000, 0x00000000eab00000)
  object space 161280K, 99% used [0x00000000c0000000,0x00000000c9d0dd90,0x00000000c9d80000)
 Metaspace       used 68761K, committed 70400K, reserved 1114112K
  class space    used 7038K, committed 7744K, reserved 1048576K
}
Event: 13688.583 GC heap before
{Heap before GC invocations=94 (full 3):
 PSYoungGen      total 15360K, used 14980K [0x00000000eab00000, 0x00000000ec280000, 0x0000000100000000)
  eden space 14336K, 100% used [0x00000000eab00000,0x00000000eb900000,0x00000000eb900000)
  from space 1024K, 62% used [0x00000000ec180000,0x00000000ec221210,0x00000000ec280000)
  to   space 1024K, 0% used [0x00000000ec080000,0x00000000ec080000,0x00000000ec180000)
 ParOldGen       total 161280K, used 160823K [0x00000000c0000000, 0x00000000c9d80000, 0x00000000eab00000)
  object space 161280K, 99% used [0x00000000c0000000,0x00000000c9d0dd90,0x00000000c9d80000)
 Metaspace       used 68987K, committed 70592K, reserved 1114112K
  class space    used 7058K, committed 7744K, reserved 1048576K
}
Event: 13688.634 GC heap after
{Heap after GC invocations=94 (full 3):
 PSYoungGen      total 15360K, used 836K [0x00000000eab00000, 0x00000000ec200000, 0x0000000100000000)
  eden space 14336K, 0% used [0x00000000eab00000,0x00000000eab00000,0x00000000eb900000)
  from space 1024K, 81% used [0x00000000ec080000,0x00000000ec151230,0x00000000ec180000)
  to   space 512K, 0% used [0x00000000ec180000,0x00000000ec180000,0x00000000ec200000)
 ParOldGen       total 161280K, used 160879K [0x00000000c0000000, 0x00000000c9d80000, 0x00000000eab00000)
  object space 161280K, 99% used [0x00000000c0000000,0x00000000c9d1bd90,0x00000000c9d80000)
 Metaspace       used 68987K, committed 70592K, reserved 1114112K
  class space    used 7058K, committed 7744K, reserved 1048576K
}
Event: 61290.194 GC heap before
{Heap before GC invocations=95 (full 3):
 PSYoungGen      total 15360K, used 15172K [0x00000000eab00000, 0x00000000ec200000, 0x0000000100000000)
  eden space 14336K, 100% used [0x00000000eab00000,0x00000000eb900000,0x00000000eb900000)
  from space 1024K, 81% used [0x00000000ec080000,0x00000000ec151230,0x00000000ec180000)
  to   space 512K, 0% used [0x00000000ec180000,0x00000000ec180000,0x00000000ec200000)
 ParOldGen       total 161280K, used 160879K [0x00000000c0000000, 0x00000000c9d80000, 0x00000000eab00000)
  object space 161280K, 99% used [0x00000000c0000000,0x00000000c9d1bd90,0x00000000c9d80000)
 Metaspace       used 69116K, committed 70656K, reserved 1114112K
  class space    used 7060K, committed 7744K, reserved 1048576K
}
Event: 61290.355 GC heap after
{Heap after GC invocations=95 (full 3):
 PSYoungGen      total 14848K, used 256K [0x00000000eab00000, 0x00000000ec200000, 0x0000000100000000)
  eden space 14336K, 0% used [0x00000000eab00000,0x00000000eab00000,0x00000000eb900000)
  from space 512K, 50% used [0x00000000ec180000,0x00000000ec1c0000,0x00000000ec200000)
  to   space 512K, 0% used [0x00000000ec100000,0x00000000ec100000,0x00000000ec180000)
 ParOldGen       total 161280K, used 160999K [0x00000000c0000000, 0x00000000c9d80000, 0x00000000eab00000)
  object space 161280K, 99% used [0x00000000c0000000,0x00000000c9d39d90,0x00000000c9d80000)
 Metaspace       used 69116K, committed 70656K, reserved 1114112K
  class space    used 7060K, committed 7744K, reserved 1048576K
}

